Log file open, 12/14/18 00:21:20
LogWindows: Failed to load 'aqProf.dll' (GetLastError=126)
LogWindows: File 'aqProf.dll' does not exist
LogWindows: Failed to load 'VtuneApi.dll' (GetLastError=126)
LogWindows: File 'VtuneApi.dll' does not exist
LogWindows: Failed to load 'VtuneApi32e.dll' (GetLastError=126)
LogWindows: File 'VtuneApi32e.dll' does not exist
LogConsoleResponse: Display: Failed to find resolution value strings in scalability ini. Falling back to default.
LogInit: Display: Running engine for game: FrameworkTemplate
LogPakFile: Registered encryption key '00000000000000000000000000000000': 0 pak files mounted, 0 remain pending
LogPlatformFile: Not using cached read wrapper
LogTaskGraph: Started task graph with 5 named threads and 23 total threads with 3 sets of task threads.
LogStats: Stats thread started at 0.320236
LogD3D11RHI: Loaded GFSDK_Aftermath_Lib.x64.dll
LogICUInternationalization: ICU TimeZone Detection - Raw Offset: -6:00, Platform Override: ''
LogPluginManager: Mounting plugin Paper2D
LogPluginManager: Mounting plugin AISupport
LogPluginManager: Mounting plugin LightPropagationVolume
LogPluginManager: Mounting plugin ActorLayerUtilities
LogPluginManager: Mounting plugin CLionSourceCodeAccess
LogPluginManager: Mounting plugin CodeLiteSourceCodeAccess
LogPluginManager: Mounting plugin GitSourceControl
LogPluginManager: Mounting plugin KDevelopSourceCodeAccess
LogPluginManager: Mounting plugin NullSourceCodeAccess
LogPluginManager: Mounting plugin PerforceSourceControl
LogPluginManager: Mounting plugin SubversionSourceControl
LogPluginManager: Mounting plugin UObjectPlugin
LogPluginManager: Mounting plugin VisualStudioCodeSourceCodeAccess
LogPluginManager: Mounting plugin VisualStudioSourceCodeAccess
LogPluginManager: Mounting plugin XCodeSourceCodeAccess
LogPluginManager: Mounting plugin AssetManagerEditor
LogPluginManager: Mounting plugin CryptoKeys
LogPluginManager: Mounting plugin DataValidation
LogPluginManager: Mounting plugin FacialAnimation
LogPluginManager: Mounting plugin GameplayTagsEditor
LogPluginManager: Mounting plugin MacGraphicsSwitching
LogPluginManager: Mounting plugin MeshEditor
LogPluginManager: Mounting plugin MobileLauncherProfileWizard
LogPluginManager: Mounting plugin PluginBrowser
LogPluginManager: Mounting plugin SpeedTreeImporter
LogPluginManager: Mounting plugin DatasmithContent
LogPluginManager: Mounting plugin VariantManagerContent
LogPluginManager: Mounting plugin AlembicImporter
LogPluginManager: Mounting plugin AppleImageUtils
LogPluginManager: Mounting plugin AppleVision
LogPluginManager: Mounting plugin BackChannel
LogPluginManager: Mounting plugin CharacterAI
LogPluginManager: Mounting plugin GeometryCache
LogPluginManager: Mounting plugin HTML5Networking
LogPluginManager: Mounting plugin ProxyLODPlugin
LogPluginManager: Mounting plugin MagicLeap
LogPluginManager: Mounting plugin MagicLeapMedia
LogPluginManager: Mounting plugin AndroidMedia
LogPluginManager: Mounting plugin AvfMedia
LogPluginManager: Mounting plugin ImgMedia
LogPluginManager: Mounting plugin LinearTimecode
LogPluginManager: Mounting plugin MediaCompositing
LogPluginManager: Mounting plugin MediaPlayerEditor
LogPluginManager: Mounting plugin WebMMedia
LogPluginManager: Mounting plugin WmfMedia
LogPluginManager: Mounting plugin TcpMessaging
LogPluginManager: Mounting plugin UdpMessaging
LogPluginManager: Mounting plugin ActorSequence
LogPluginManager: Mounting plugin LevelSequenceEditor
LogPluginManager: Mounting plugin MatineeToLevelSequence
LogPluginManager: Mounting plugin NetcodeUnitTest
LogPluginManager: Mounting plugin NUTUnrealEngine4
LogPluginManager: Mounting plugin OnlineSubsystemGooglePlay
LogPluginManager: Mounting plugin OnlineSubsystemIOS
LogPluginManager: Mounting plugin OnlineSubsystem
LogPluginManager: Mounting plugin OnlineSubsystemNull
LogPluginManager: Mounting plugin OnlineSubsystemUtils
LogPluginManager: Mounting plugin LauncherChunkInstaller
LogPluginManager: Mounting plugin AndroidDeviceProfileSelector
LogPluginManager: Mounting plugin AndroidMoviePlayer
LogPluginManager: Mounting plugin AndroidPermission
LogPluginManager: Mounting plugin AppleMoviePlayer
LogPluginManager: Mounting plugin ArchVisCharacter
LogPluginManager: Mounting plugin AudioCapture
LogPluginManager: Mounting plugin CableComponent
LogPluginManager: Mounting plugin CustomMeshComponent
LogPluginManager: Mounting plugin EditableMesh
LogPluginManager: Mounting plugin ExampleDeviceProfileSelector
LogPluginManager: Mounting plugin Firebase
LogPluginManager: Mounting plugin GoogleCloudMessaging
LogPluginManager: Mounting plugin IOSDeviceProfileSelector
LogPluginManager: Mounting plugin LinuxDeviceProfileSelector
LogPluginManager: Mounting plugin LocationServicesBPLibrary
LogPluginManager: Mounting plugin MobilePatchingUtils
LogPluginManager: Mounting plugin OculusVR
LogPluginManager: Mounting plugin PhysXVehicles
LogPluginManager: Mounting plugin ProceduralMeshComponent
LogPluginManager: Mounting plugin RuntimePhysXCooking
LogPluginManager: Mounting plugin SteamVR
LogPluginManager: Mounting plugin WebMMoviePlayer
LogPluginManager: Mounting plugin WindowsMoviePlayer
LogStreaming: Display: Took  0.114s to configure plugins.
LogInit: Using libcurl 7.55.1-DEV
LogInit:  - built for x86_64-pc-win32
LogInit:  - supports SSL with OpenSSL/1.0.2h
LogInit:  - supports HTTP deflate (compression) using libz 1.2.8
LogInit:  - other features:
LogInit:      CURL_VERSION_SSL
LogInit:      CURL_VERSION_LIBZ
LogInit:      CURL_VERSION_IPV6
LogInit:      CURL_VERSION_ASYNCHDNS
LogInit:      CURL_VERSION_LARGEFILE
LogInit:      CURL_VERSION_IDN
LogInit:  CurlRequestOptions (configurable via config and command line):
LogInit:  - bVerifyPeer = true  - Libcurl will verify peer certificate
LogInit:  - bUseHttpProxy = false  - Libcurl will NOT use HTTP proxy
LogInit:  - bDontReuseConnections = false  - Libcurl will reuse connections
LogInit:  - MaxHostConnections = 16  - Libcurl will limit the number of connections to a host
LogInit:  - LocalHostAddr = Default
LogInit:  - BufferSize = 65536
LogInit: WinSock: version 1.1 (2.2), MaxSocks=32767, MaxUdp=65467
LogInit: Build: ++UE4+Release-4.21-CL-4613538
LogInit: Engine Version: 4.21.1-4613538+++UE4+Release-4.21
LogInit: Compatible Engine Version: 4.21.0-4541578+++UE4+Release-4.21
LogInit: Net CL: 4541578
LogInit: OS: Windows 10 (), CPU: Intel(R) Core(TM) i7-4790K CPU @ 4.00GHz, GPU: NVIDIA GeForce GTX 1070
LogInit: Compiled (64-bit): Nov 30 2018 04:13:25
LogInit: Compiled with Visual C++: 19.13.26129.00
LogInit: Build Configuration: Development
LogInit: Branch Name: ++UE4+Release-4.21
LogInit: Command Line: 
LogInit: Base Directory: A:/Game Design/UE4/Epic Games/UE_4.21/Engine/Binaries/Win64/
LogInit: Installed Engine Build: 1
LogDevObjectVersion: Number of dev versions registered: 22
LogDevObjectVersion:   Dev-Blueprints (B0D832E4-1F89-4F0D-ACCF-7EB736FD4AA2): 10
LogDevObjectVersion:   Dev-Build (E1C64328-A22C-4D53-A36C-8E866417BD8C): 0
LogDevObjectVersion:   Dev-Core (375EC13C-06E4-48FB-B500-84F0262A717E): 2
LogDevObjectVersion:   Dev-Editor (E4B068ED-F494-42E9-A231-DA0B2E46BB41): 26
LogDevObjectVersion:   Dev-Framework (CFFC743F-43B0-4480-9391-14DF171D2073): 34
LogDevObjectVersion:   Dev-Mobile (B02B49B5-BB20-44E9-A304-32B752E40360): 2
LogDevObjectVersion:   Dev-Networking (A4E4105C-59A1-49B5-A7C5-40C4547EDFEE): 0
LogDevObjectVersion:   Dev-Online (39C831C9-5AE6-47DC-9A44-9C173E1C8E7C): 0
LogDevObjectVersion:   Dev-Physics (78F01B33-EBEA-4F98-B9B4-84EACCB95AA2): 0
LogDevObjectVersion:   Dev-Platform (6631380F-2D4D-43E0-8009-CF276956A95A): 0
LogDevObjectVersion:   Dev-Rendering (12F88B9F-8875-4AFC-A67C-D90C383ABD29): 27
LogDevObjectVersion:   Dev-Sequencer (7B5AE74C-D270-4C10-A958-57980B212A5A): 9
LogDevObjectVersion:   Dev-VR (D7296918-1DD6-4BDD-9DE2-64A83CC13884): 2
LogDevObjectVersion:   Dev-LoadTimes (C2A15278-BFE7-4AFE-6C17-90FF531DF755): 1
LogDevObjectVersion:   Private-Geometry (6EACA3D4-40EC-4CC1-B786-8BED09428FC5): 3
LogDevObjectVersion:   Dev-AnimPhys (29E575DD-E0A3-4627-9D10-D276232CDCEA): 17
LogDevObjectVersion:   Dev-Anim (AF43A65D-7FD3-4947-9873-3E8ED9C1BB05): 2
LogDevObjectVersion:   Dev-ReflectionCapture (6B266CEC-1EC7-4B8F-A30B-E4D90942FC07): 1
LogDevObjectVersion:   Dev-Automation (0DF73D61-A23F-47EA-B727-89E90C41499A): 1
LogDevObjectVersion:   FortniteMain (601D1886-AC64-4F84-AA16-D3DE0DEAC7D6): 17
LogDevObjectVersion:   Dev-Enterprise (9DFFBCD6-494F-0158-E221-12823C92A888): 4
LogDevObjectVersion:   Dev-Niagara (F2AED0AC-9AFE-416F-8664-AA7FFA26D6FC): 1
LogStreaming: Display: Took  0.003s to delete old logs.
LogInit: Presizing for max 8388607 objects, including 0 objects not considered by GC, pre-allocating 0 bytes for permanent pool.
LogInit: Object subsystem initialized
LogConfig: Setting CVar [[con.DebugEarlyDefault:1]]
LogConfig: Setting CVar [[r.setres:1280x720]]
[2018.12.14-06.21.21:000][  0]LogConfig: Setting CVar [[r.VSync:0]]
[2018.12.14-06.21.21:000][  0]LogConfig: Setting CVar [[r.RHICmdBypass:0]]
[2018.12.14-06.21.21:000][  0]LogConfig: Applying CVar settings from Section [/Script/Engine.RendererSettings] File [D:/UE4/FrameworkTemplate/FrameworkTemplate/Saved/Config/Windows/Engine.ini]
[2018.12.14-06.21.21:000][  0]LogConfig: Setting CVar [[r.GPUCrashDebugging:0]]
[2018.12.14-06.21.21:000][  0]LogConfig: Setting CVar [[r.MobileHDR:1]]
[2018.12.14-06.21.21:000][  0]LogConfig: Setting CVar [[r.Mobile.DisableVertexFog:1]]
[2018.12.14-06.21.21:000][  0]LogConfig: Setting CVar [[r.Shadow.CSM.MaxMobileCascades:2]]
[2018.12.14-06.21.21:000][  0]LogConfig: Setting CVar [[r.MobileMSAA:1]]
[2018.12.14-06.21.21:000][  0]LogConfig: Setting CVar [[r.Mobile.UseLegacyShadingModel:0]]
[2018.12.14-06.21.21:000][  0]LogConfig: Setting CVar [[r.Mobile.AllowDitheredLODTransition:0]]
[2018.12.14-06.21.21:000][  0]LogConfig: Setting CVar [[r.Mobile.AllowSoftwareOcclusion:0]]
[2018.12.14-06.21.21:000][  0]LogConfig: Setting CVar [[r.DiscardUnusedQuality:0]]
[2018.12.14-06.21.21:000][  0]LogConfig: Setting CVar [[r.AllowOcclusionQueries:1]]
[2018.12.14-06.21.21:000][  0]LogConfig: Setting CVar [[r.MinScreenRadiusForLights:0.030000]]
[2018.12.14-06.21.21:000][  0]LogConfig: Setting CVar [[r.MinScreenRadiusForDepthPrepass:0.030000]]
[2018.12.14-06.21.21:000][  0]LogConfig: Setting CVar [[r.MinScreenRadiusForCSMDepth:0.010000]]
[2018.12.14-06.21.21:000][  0]LogConfig: Setting CVar [[r.PrecomputedVisibilityWarning:0]]
[2018.12.14-06.21.21:000][  0]LogConfig: Setting CVar [[r.TextureStreaming:1]]
[2018.12.14-06.21.21:000][  0]LogConfig: Setting CVar [[Compat.UseDXT5NormalMaps:0]]
[2018.12.14-06.21.21:000][  0]LogConfig: Setting CVar [[r.ClearCoatNormal:0]]
[2018.12.14-06.21.21:000][  0]LogConfig: Setting CVar [[r.ReflectionCaptureResolution:128]]
[2018.12.14-06.21.21:000][  0]LogConfig: Setting CVar [[r.ReflectionEnvironmentLightmapMixBasedOnRoughness:1]]
[2018.12.14-06.21.21:000][  0]LogConfig: Setting CVar [[r.ForwardShading:0]]
[2018.12.14-06.21.21:000][  0]LogConfig: Setting CVar [[r.VertexFoggingForOpaque:1]]
[2018.12.14-06.21.21:001][  0]LogConfig: Setting CVar [[r.AllowStaticLighting:1]]
[2018.12.14-06.21.21:001][  0]LogConfig: Setting CVar [[r.NormalMapsForStaticLighting:0]]
[2018.12.14-06.21.21:001][  0]LogConfig: Setting CVar [[r.GenerateMeshDistanceFields:0]]
[2018.12.14-06.21.21:001][  0]LogConfig: Setting CVar [[r.DistanceFieldBuild.EightBit:0]]
[2018.12.14-06.21.21:001][  0]LogConfig: Setting CVar [[r.GenerateLandscapeGIData:0]]
[2018.12.14-06.21.21:001][  0]LogConfig: Setting CVar [[r.DistanceFieldBuild.Compress:0]]
[2018.12.14-06.21.21:001][  0]LogConfig: Setting CVar [[r.TessellationAdaptivePixelsPerTriangle:48.000000]]
[2018.12.14-06.21.21:001][  0]LogConfig: Setting CVar [[r.SeparateTranslucency:1]]
[2018.12.14-06.21.21:001][  0]LogConfig: Setting CVar [[r.TranslucentSortPolicy:0]]
[2018.12.14-06.21.21:001][  0]LogConfig: Setting CVar [[r.CustomDepth:1]]
[2018.12.14-06.21.21:001][  0]LogConfig: Setting CVar [[r.CustomDepthTemporalAAJitter:1]]
[2018.12.14-06.21.21:001][  0]LogConfig: Setting CVar [[r.PostProcessing.PropagateAlpha:0]]
[2018.12.14-06.21.21:001][  0]LogConfig: Setting CVar [[r.DOF.Algorithm:1]]
[2018.12.14-06.21.21:001][  0]LogConfig: Setting CVar [[r.DefaultFeature.Bloom:1]]
[2018.12.14-06.21.21:001][  0]LogConfig: Setting CVar [[r.DefaultFeature.AmbientOcclusion:1]]
[2018.12.14-06.21.21:001][  0]LogConfig: Setting CVar [[r.DefaultFeature.AmbientOcclusionStaticFraction:1]]
[2018.12.14-06.21.21:001][  0]LogConfig: Setting CVar [[r.DefaultFeature.AutoExposure:0]]
[2018.12.14-06.21.21:001][  0]LogConfig: Setting CVar [[r.DefaultFeature.AutoExposure.Method:2]]
[2018.12.14-06.21.21:001][  0]LogConfig: Setting CVar [[r.DefaultFeature.AutoExposure.ExtendDefaultLuminanceRange:0]]
[2018.12.14-06.21.21:001][  0]LogConfig: Setting CVar [[r.UsePreExposure:0]]
[2018.12.14-06.21.21:001][  0]LogConfig: Setting CVar [[r.DefaultFeature.MotionBlur:0]]
[2018.12.14-06.21.21:001][  0]LogConfig: Setting CVar [[r.DefaultFeature.LensFlare:0]]
[2018.12.14-06.21.21:001][  0]LogConfig: Setting CVar [[r.TemporalAA.Upsampling:1]]
[2018.12.14-06.21.21:001][  0]LogConfig: Setting CVar [[r.DefaultFeature.AntiAliasing:2]]
[2018.12.14-06.21.21:001][  0]LogConfig: Setting CVar [[r.DefaultFeature.LightUnits:2]]
[2018.12.14-06.21.21:001][  0]LogConfig: Setting CVar [[r.DefaultBackBufferPixelFormat:4]]
[2018.12.14-06.21.21:001][  0]LogConfig: Setting CVar [[r.Shadow.UnbuiltPreviewInGame:1]]
[2018.12.14-06.21.21:001][  0]LogConfig: Setting CVar [[r.StencilForLODDither:0]]
[2018.12.14-06.21.21:001][  0]LogConfig: Setting CVar [[r.EarlyZPass:3]]
[2018.12.14-06.21.21:001][  0]LogConfig: Setting CVar [[r.EarlyZPassMovable:1]]
[2018.12.14-06.21.21:001][  0]LogConfig: Setting CVar [[r.EarlyZPassOnlyMaterialMasking:0]]
[2018.12.14-06.21.21:001][  0]LogConfig: Setting CVar [[r.DBuffer:1]]
[2018.12.14-06.21.21:001][  0]LogConfig: Setting CVar [[r.ClearSceneMethod:1]]
[2018.12.14-06.21.21:001][  0]LogConfig: Setting CVar [[r.BasePassOutputsVelocity:0]]
[2018.12.14-06.21.21:001][  0]LogConfig: Setting CVar [[r.SelectiveBasePassOutputs:0]]
[2018.12.14-06.21.21:001][  0]LogConfig: Setting CVar [[fx.GPUSimulationTextureSizeX:1024]]
[2018.12.14-06.21.21:001][  0]LogConfig: Setting CVar [[fx.GPUSimulationTextureSizeY:1024]]
[2018.12.14-06.21.21:001][  0]LogConfig: Setting CVar [[r.AllowGlobalClipPlane:0]]
[2018.12.14-06.21.21:001][  0]LogConfig: Setting CVar [[r.GBufferFormat:1]]
[2018.12.14-06.21.21:001][  0]LogConfig: Setting CVar [[r.MorphTarget.Mode:1]]
[2018.12.14-06.21.21:001][  0]LogConfig: Setting CVar [[vr.InstancedStereo:0]]
[2018.12.14-06.21.21:001][  0]LogConfig: Setting CVar [[vr.MultiView:0]]
[2018.12.14-06.21.21:001][  0]LogConfig: Setting CVar [[vr.MobileMultiView:0]]
[2018.12.14-06.21.21:001][  0]LogConfig: Setting CVar [[vr.MobileMultiView.Direct:0]]
[2018.12.14-06.21.21:001][  0]LogConfig: Setting CVar [[vr.MonoscopicFarField:0]]
[2018.12.14-06.21.21:001][  0]LogConfig: Setting CVar [[vr.RoundRobinOcclusion:0]]
[2018.12.14-06.21.21:001][  0]LogConfig: Setting CVar [[vr.ODSCapture:0]]
[2018.12.14-06.21.21:001][  0]LogConfig: Setting CVar [[r.WireframeCullThreshold:5.000000]]
[2018.12.14-06.21.21:001][  0]LogConfig: Setting CVar [[r.SupportStationarySkylight:1]]
[2018.12.14-06.21.21:002][  0]LogConfig: Setting CVar [[r.SupportLowQualityLightmaps:1]]
[2018.12.14-06.21.21:002][  0]LogConfig: Setting CVar [[r.SupportPointLightWholeSceneShadows:1]]
[2018.12.14-06.21.21:002][  0]LogConfig: Setting CVar [[r.SupportAtmosphericFog:1]]
[2018.12.14-06.21.21:002][  0]LogConfig: Setting CVar [[r.SkinCache.CompileShaders:0]]
[2018.12.14-06.21.21:002][  0]LogConfig: Setting CVar [[r.Mobile.EnableStaticAndCSMShadowReceivers:1]]
[2018.12.14-06.21.21:002][  0]LogConfig: Setting CVar [[r.Mobile.EnableMovableLightCSMShaderCulling:1]]
[2018.12.14-06.21.21:002][  0]LogConfig: Setting CVar [[r.Mobile.AllowDistanceFieldShadows:1]]
[2018.12.14-06.21.21:002][  0]LogConfig: Setting CVar [[r.Mobile.AllowMovableDirectionalLights:1]]
[2018.12.14-06.21.21:002][  0]LogConfig: Setting CVar [[r.MobileNumDynamicPointLights:4]]
[2018.12.14-06.21.21:002][  0]LogConfig: Setting CVar [[r.MobileDynamicPointLightsUseStaticBranch:1]]
[2018.12.14-06.21.21:002][  0]LogConfig: Setting CVar [[r.SkinCache.SceneMemoryLimitInMB:128.000000]]
[2018.12.14-06.21.21:002][  0]LogConfig: Setting CVar [[r.GPUSkin.Limit2BoneInfluences:0]]
[2018.12.14-06.21.21:002][  0]LogConfig: Setting CVar [[r.SupportDepthOnlyIndexBuffers:1]]
[2018.12.14-06.21.21:002][  0]LogConfig: Setting CVar [[r.SupportReversedIndexBuffers:1]]
[2018.12.14-06.21.21:002][  0]LogConfig: Setting CVar [[r.SupportMaterialLayers:0]]
[2018.12.14-06.21.21:002][  0]LogConfig: Applying CVar settings from Section [/Script/Engine.RendererOverrideSettings] File [D:/UE4/FrameworkTemplate/FrameworkTemplate/Saved/Config/Windows/Engine.ini]
[2018.12.14-06.21.21:002][  0]LogConfig: Applying CVar settings from Section [/Script/Engine.StreamingSettings] File [D:/UE4/FrameworkTemplate/FrameworkTemplate/Saved/Config/Windows/Engine.ini]
[2018.12.14-06.21.21:002][  0]LogConfig: Setting CVar [[s.MinBulkDataSizeForAsyncLoading:131072]]
[2018.12.14-06.21.21:002][  0]LogConfig: Setting CVar [[s.AsyncLoadingThreadEnabled:0]]
[2018.12.14-06.21.21:002][  0]LogConfig: Setting CVar [[s.EventDrivenLoaderEnabled:1]]
[2018.12.14-06.21.21:002][  0]LogConfig: Setting CVar [[s.WarnIfTimeLimitExceeded:0]]
[2018.12.14-06.21.21:002][  0]LogConfig: Setting CVar [[s.TimeLimitExceededMultiplier:1.5]]
[2018.12.14-06.21.21:002][  0]LogConfig: Setting CVar [[s.TimeLimitExceededMinTime:0.005]]
[2018.12.14-06.21.21:002][  0]LogConfig: Setting CVar [[s.UseBackgroundLevelStreaming:1]]
[2018.12.14-06.21.21:002][  0]LogConfig: Setting CVar [[s.PriorityAsyncLoadingExtraTime:15.0]]
[2018.12.14-06.21.21:002][  0]LogConfig: Setting CVar [[s.LevelStreamingActorsUpdateTimeLimit:5.0]]
[2018.12.14-06.21.21:002][  0]LogConfig: Setting CVar [[s.PriorityLevelStreamingActorsUpdateExtraTime:5.0]]
[2018.12.14-06.21.21:002][  0]LogConfig: Setting CVar [[s.LevelStreamingComponentsRegistrationGranularity:10]]
[2018.12.14-06.21.21:002][  0]LogConfig: Setting CVar [[s.UnregisterComponentsTimeLimit:1.0]]
[2018.12.14-06.21.21:002][  0]LogConfig: Setting CVar [[s.LevelStreamingComponentsUnregistrationGranularity:5]]
[2018.12.14-06.21.21:002][  0]LogConfig: Applying CVar settings from Section [/Script/Engine.GarbageCollectionSettings] File [D:/UE4/FrameworkTemplate/FrameworkTemplate/Saved/Config/Windows/Engine.ini]
[2018.12.14-06.21.21:002][  0]LogConfig: Setting CVar [[gc.MaxObjectsNotConsideredByGC:1]]
[2018.12.14-06.21.21:002][  0]LogConfig: Setting CVar [[gc.SizeOfPermanentObjectPool:0]]
[2018.12.14-06.21.21:002][  0]LogConfig: Setting CVar [[gc.FlushStreamingOnGC:0]]
[2018.12.14-06.21.21:002][  0]LogConfig: Setting CVar [[gc.NumRetriesBeforeForcingGC:10]]
[2018.12.14-06.21.21:002][  0]LogConfig: Setting CVar [[gc.AllowParallelGC:1]]
[2018.12.14-06.21.21:002][  0]LogConfig: Setting CVar [[gc.TimeBetweenPurgingPendingKillObjects:61.1]]
[2018.12.14-06.21.21:002][  0]LogConfig: Setting CVar [[gc.MaxObjectsInEditor:8388607]]
[2018.12.14-06.21.21:002][  0]LogConfig: Setting CVar [[gc.IncrementalBeginDestroyEnabled:1]]
[2018.12.14-06.21.21:002][  0]LogConfig: Setting CVar [[gc.CreateGCClusters:1]]
[2018.12.14-06.21.21:002][  0]LogConfig: Setting CVar [[gc.MergeGCClusters:0]]
[2018.12.14-06.21.21:002][  0]LogConfig: Setting CVar [[gc.MinGCClusterSize:5]]
[2018.12.14-06.21.21:002][  0]LogConfig: Setting CVar [[gc.ActorClusteringEnabled:0]]
[2018.12.14-06.21.21:002][  0]LogConfig: Setting CVar [[gc.BlueprintClusteringEnabled:0]]
[2018.12.14-06.21.21:002][  0]LogConfig: Setting CVar [[gc.UseDisregardForGCOnDedicatedServers:0]]
[2018.12.14-06.21.21:002][  0]LogConfig: Applying CVar settings from Section [/Script/Engine.NetworkSettings] File [D:/UE4/FrameworkTemplate/FrameworkTemplate/Saved/Config/Windows/Engine.ini]
[2018.12.14-06.21.21:002][  0]LogConfig: Applying CVar settings from Section [/Script/UnrealEd.CookerSettings] File [D:/UE4/FrameworkTemplate/FrameworkTemplate/Saved/Config/Windows/Engine.ini]
[2018.12.14-06.21.21:023][  0]LogConfig: Applying CVar settings from Section [ViewDistanceQuality@3] File [D:/UE4/FrameworkTemplate/FrameworkTemplate/Saved/Config/Windows/Scalability.ini]
[2018.12.14-06.21.21:023][  0]LogConfig: Setting CVar [[r.SkeletalMeshLODBias:0]]
[2018.12.14-06.21.21:023][  0]LogConfig: Setting CVar [[r.ViewDistanceScale:1.0]]
[2018.12.14-06.21.21:023][  0]LogConfig: Applying CVar settings from Section [AntiAliasingQuality@3] File [D:/UE4/FrameworkTemplate/FrameworkTemplate/Saved/Config/Windows/Scalability.ini]
[2018.12.14-06.21.21:023][  0]LogConfig: Setting CVar [[r.PostProcessAAQuality:4]]
[2018.12.14-06.21.21:023][  0]LogConfig: Applying CVar settings from Section [ShadowQuality@3] File [D:/UE4/FrameworkTemplate/FrameworkTemplate/Saved/Config/Windows/Scalability.ini]
[2018.12.14-06.21.21:023][  0]LogConfig: Setting CVar [[r.LightFunctionQuality:1]]
[2018.12.14-06.21.21:023][  0]LogConfig: Setting CVar [[r.ShadowQuality:5]]
[2018.12.14-06.21.21:023][  0]LogConfig: Setting CVar [[r.Shadow.CSM.MaxCascades:10]]
[2018.12.14-06.21.21:023][  0]LogConfig: Setting CVar [[r.Shadow.MaxResolution:2048]]
[2018.12.14-06.21.21:023][  0]LogConfig: Setting CVar [[r.Shadow.MaxCSMResolution:2048]]
[2018.12.14-06.21.21:023][  0]LogConfig: Setting CVar [[r.Shadow.RadiusThreshold:0.01]]
[2018.12.14-06.21.21:024][  0]LogConfig: Setting CVar [[r.Shadow.DistanceScale:1.0]]
[2018.12.14-06.21.21:024][  0]LogConfig: Setting CVar [[r.Shadow.CSM.TransitionScale:1.0]]
[2018.12.14-06.21.21:024][  0]LogConfig: Setting CVar [[r.Shadow.PreShadowResolutionFactor:1.0]]
[2018.12.14-06.21.21:024][  0]LogConfig: Setting CVar [[r.DistanceFieldShadowing:1]]
[2018.12.14-06.21.21:024][  0]LogConfig: Setting CVar [[r.DistanceFieldAO:1]]
[2018.12.14-06.21.21:024][  0]LogConfig: Setting CVar [[r.AOQuality:2]]
[2018.12.14-06.21.21:024][  0]LogConfig: Setting CVar [[r.VolumetricFog:1]]
[2018.12.14-06.21.21:024][  0]LogConfig: Setting CVar [[r.VolumetricFog.GridPixelSize:8]]
[2018.12.14-06.21.21:024][  0]LogConfig: Setting CVar [[r.VolumetricFog.GridSizeZ:128]]
[2018.12.14-06.21.21:024][  0]LogConfig: Setting CVar [[r.VolumetricFog.HistoryMissSupersampleCount:4]]
[2018.12.14-06.21.21:024][  0]LogConfig: Setting CVar [[r.LightMaxDrawDistanceScale:1]]
[2018.12.14-06.21.21:024][  0]LogConfig: Setting CVar [[r.CapsuleShadows:1]]
[2018.12.14-06.21.21:024][  0]LogConfig: Applying CVar settings from Section [PostProcessQuality@3] File [D:/UE4/FrameworkTemplate/FrameworkTemplate/Saved/Config/Windows/Scalability.ini]
[2018.12.14-06.21.21:024][  0]LogConfig: Setting CVar [[r.MotionBlurQuality:4]]
[2018.12.14-06.21.21:024][  0]LogConfig: Setting CVar [[r.AmbientOcclusionMipLevelFactor:0.4]]
[2018.12.14-06.21.21:024][  0]LogConfig: Setting CVar [[r.AmbientOcclusionMaxQuality:100]]
[2018.12.14-06.21.21:024][  0]LogConfig: Setting CVar [[r.AmbientOcclusionLevels:-1]]
[2018.12.14-06.21.21:024][  0]LogConfig: Setting CVar [[r.AmbientOcclusionRadiusScale:1.0]]
[2018.12.14-06.21.21:024][  0]LogConfig: Setting CVar [[r.DepthOfFieldQuality:2]]
[2018.12.14-06.21.21:024][  0]LogConfig: Setting CVar [[r.RenderTargetPoolMin:400]]
[2018.12.14-06.21.21:024][  0]LogConfig: Setting CVar [[r.LensFlareQuality:2]]
[2018.12.14-06.21.21:024][  0]LogConfig: Setting CVar [[r.SceneColorFringeQuality:1]]
[2018.12.14-06.21.21:024][  0]LogConfig: Setting CVar [[r.EyeAdaptationQuality:2]]
[2018.12.14-06.21.21:024][  0]LogConfig: Setting CVar [[r.BloomQuality:5]]
[2018.12.14-06.21.21:024][  0]LogConfig: Setting CVar [[r.FastBlurThreshold:100]]
[2018.12.14-06.21.21:024][  0]LogConfig: Setting CVar [[r.Upscale.Quality:3]]
[2018.12.14-06.21.21:024][  0]LogConfig: Setting CVar [[r.Tonemapper.GrainQuantization:1]]
[2018.12.14-06.21.21:024][  0]LogConfig: Setting CVar [[r.LightShaftQuality:1]]
[2018.12.14-06.21.21:024][  0]LogConfig: Setting CVar [[r.Filter.SizeScale:1]]
[2018.12.14-06.21.21:024][  0]LogConfig: Setting CVar [[r.Tonemapper.Quality:5]]
[2018.12.14-06.21.21:024][  0]LogConfig: Setting CVar [[r.DOF.Gather.AccumulatorQuality:1        ; higher gathering accumulator quality]]
[2018.12.14-06.21.21:024][  0]LogConfig: Setting CVar [[r.DOF.Gather.PostfilterMethod:1          ; Median3x3 postfilering method]]
[2018.12.14-06.21.21:024][  0]LogConfig: Setting CVar [[r.DOF.Gather.EnableBokehSettings:0       ; no bokeh simulation when gathering]]
[2018.12.14-06.21.21:024][  0]LogConfig: Setting CVar [[r.DOF.Gather.RingCount:4                 ; medium number of samples when gathering]]
[2018.12.14-06.21.21:024][  0]LogConfig: Setting CVar [[r.DOF.Scatter.ForegroundCompositing:1    ; additive foreground scattering]]
[2018.12.14-06.21.21:024][  0]LogConfig: Setting CVar [[r.DOF.Scatter.BackgroundCompositing:2    ; additive background scattering]]
[2018.12.14-06.21.21:024][  0]LogConfig: Setting CVar [[r.DOF.Scatter.EnableBokehSettings:1      ; bokeh simulation when scattering]]
[2018.12.14-06.21.21:024][  0]LogConfig: Setting CVar [[r.DOF.Scatter.MaxSpriteRatio:0.1         ; only a maximum of 10% of scattered bokeh]]
[2018.12.14-06.21.21:024][  0]LogConfig: Setting CVar [[r.DOF.Recombine.Quality:1                ; cheap slight out of focus]]
[2018.12.14-06.21.21:024][  0]LogConfig: Setting CVar [[r.DOF.Recombine.EnableBokehSettings:0    ; no bokeh simulation on slight out of focus]]
[2018.12.14-06.21.21:024][  0]LogConfig: Setting CVar [[r.DOF.TemporalAAQuality:1                ; more stable temporal accumulation]]
[2018.12.14-06.21.21:024][  0]LogConfig: Setting CVar [[r.DOF.Kernel.MaxForegroundRadius:0.025]]
[2018.12.14-06.21.21:024][  0]LogConfig: Setting CVar [[r.DOF.Kernel.MaxBackgroundRadius:0.025]]
[2018.12.14-06.21.21:024][  0]LogConfig: Applying CVar settings from Section [TextureQuality@3] File [D:/UE4/FrameworkTemplate/FrameworkTemplate/Saved/Config/Windows/Scalability.ini]
[2018.12.14-06.21.21:024][  0]LogConfig: Setting CVar [[r.Streaming.MipBias:0]]
[2018.12.14-06.21.21:024][  0]LogConfig: Setting CVar [[r.Streaming.AmortizeCPUToGPUCopy:0]]
[2018.12.14-06.21.21:024][  0]LogConfig: Setting CVar [[r.Streaming.MaxNumTexturesToStreamPerFrame:0]]
[2018.12.14-06.21.21:024][  0]LogConfig: Setting CVar [[r.Streaming.Boost:1]]
[2018.12.14-06.21.21:024][  0]LogConfig: Setting CVar [[r.MaxAnisotropy:8]]
[2018.12.14-06.21.21:024][  0]LogConfig: Setting CVar [[r.Streaming.LimitPoolSizeToVRAM:0]]
[2018.12.14-06.21.21:024][  0]LogConfig: Setting CVar [[r.Streaming.PoolSize:1000]]
[2018.12.14-06.21.21:024][  0]LogConfig: Setting CVar [[r.Streaming.MaxEffectiveScreenSize:0]]
[2018.12.14-06.21.21:024][  0]LogConfig: Applying CVar settings from Section [EffectsQuality@3] File [D:/UE4/FrameworkTemplate/FrameworkTemplate/Saved/Config/Windows/Scalability.ini]
[2018.12.14-06.21.21:024][  0]LogConfig: Setting CVar [[r.TranslucencyLightingVolumeDim:64]]
[2018.12.14-06.21.21:024][  0]LogConfig: Setting CVar [[r.RefractionQuality:2]]
[2018.12.14-06.21.21:024][  0]LogConfig: Setting CVar [[r.SSR.Quality:3]]
[2018.12.14-06.21.21:024][  0]LogConfig: Setting CVar [[r.SceneColorFormat:4]]
[2018.12.14-06.21.21:024][  0]LogConfig: Setting CVar [[r.DetailMode:2]]
[2018.12.14-06.21.21:024][  0]LogConfig: Setting CVar [[r.TranslucencyVolumeBlur:1]]
[2018.12.14-06.21.21:024][  0]LogConfig: Setting CVar [[r.MaterialQualityLevel:1 ; High quality]]
[2018.12.14-06.21.21:024][  0]LogConfig: Setting CVar [[r.SSS.Scale:1]]
[2018.12.14-06.21.21:024][  0]LogConfig: Setting CVar [[r.SSS.SampleSet:2]]
[2018.12.14-06.21.21:024][  0]LogConfig: Setting CVar [[r.SSS.Quality:1]]
[2018.12.14-06.21.21:024][  0]LogConfig: Setting CVar [[r.SSS.HalfRes:1]]
[2018.12.14-06.21.21:024][  0]LogConfig: Setting CVar [[r.EmitterSpawnRateScale:1.0]]
[2018.12.14-06.21.21:024][  0]LogConfig: Setting CVar [[r.ParticleLightQuality:2]]
[2018.12.14-06.21.21:024][  0]LogConfig: Applying CVar settings from Section [FoliageQuality@3] File [D:/UE4/FrameworkTemplate/FrameworkTemplate/Saved/Config/Windows/Scalability.ini]
[2018.12.14-06.21.21:024][  0]LogConfig: Setting CVar [[foliage.DensityScale:1.0]]
[2018.12.14-06.21.21:024][  0]LogConfig: Setting CVar [[grass.DensityScale:1.0]]
[2018.12.14-06.21.21:025][  0]LogInit: Selected Device Profile: [Windows]
[2018.12.14-06.21.21:025][  0]LogInit: Applying CVar settings loaded from the selected device profile: [Windows]
[2018.12.14-06.21.21:035][  0]LogHAL: Display: Platform has ~ 32 GB [34305929216 / 34359738368 / 32], which maps to Largest [LargestMinGB=32, LargerMinGB=12, DefaultMinGB=8, SmallerMinGB=6, SmallestMinGB=0)
[2018.12.14-06.21.21:035][  0]LogConfig: Setting CVar [[r.Vulkan.UseRealUBs:1]]
[2018.12.14-06.21.21:035][  0]LogInit: Going up to parent DeviceProfile []
[2018.12.14-06.21.21:035][  0]LogConfig: Applying CVar settings from Section [ViewDistanceQuality@1] File [D:/UE4/FrameworkTemplate/FrameworkTemplate/Saved/Config/Windows/Scalability.ini]
[2018.12.14-06.21.21:035][  0]LogConfig: Setting CVar [[r.SkeletalMeshLODBias:1]]
[2018.12.14-06.21.21:035][  0]LogConfig: Setting CVar [[r.ViewDistanceScale:0.6]]
[2018.12.14-06.21.21:035][  0]LogConfig: Applying CVar settings from Section [AntiAliasingQuality@1] File [D:/UE4/FrameworkTemplate/FrameworkTemplate/Saved/Config/Windows/Scalability.ini]
[2018.12.14-06.21.21:035][  0]LogConfig: Setting CVar [[r.PostProcessAAQuality:2]]
[2018.12.14-06.21.21:035][  0]LogConfig: Applying CVar settings from Section [ShadowQuality@1] File [D:/UE4/FrameworkTemplate/FrameworkTemplate/Saved/Config/Windows/Scalability.ini]
[2018.12.14-06.21.21:035][  0]LogConfig: Setting CVar [[r.LightFunctionQuality:1]]
[2018.12.14-06.21.21:035][  0]LogConfig: Setting CVar [[r.ShadowQuality:3]]
[2018.12.14-06.21.21:035][  0]LogConfig: Setting CVar [[r.Shadow.CSM.MaxCascades:1]]
[2018.12.14-06.21.21:035][  0]LogConfig: Setting CVar [[r.Shadow.MaxResolution:1024]]
[2018.12.14-06.21.21:035][  0]LogConfig: Setting CVar [[r.Shadow.MaxCSMResolution:1024]]
[2018.12.14-06.21.21:035][  0]LogConfig: Setting CVar [[r.Shadow.RadiusThreshold:0.05]]
[2018.12.14-06.21.21:035][  0]LogConfig: Setting CVar [[r.Shadow.DistanceScale:0.7]]
[2018.12.14-06.21.21:035][  0]LogConfig: Setting CVar [[r.Shadow.CSM.TransitionScale:0.25]]
[2018.12.14-06.21.21:035][  0]LogConfig: Setting CVar [[r.Shadow.PreShadowResolutionFactor:0.5]]
[2018.12.14-06.21.21:035][  0]LogConfig: Setting CVar [[r.DistanceFieldShadowing:0]]
[2018.12.14-06.21.21:035][  0]LogConfig: Setting CVar [[r.DistanceFieldAO:0]]
[2018.12.14-06.21.21:035][  0]LogConfig: Setting CVar [[r.VolumetricFog:0]]
[2018.12.14-06.21.21:035][  0]LogConfig: Setting CVar [[r.LightMaxDrawDistanceScale:.5]]
[2018.12.14-06.21.21:035][  0]LogConfig: Setting CVar [[r.CapsuleShadows:1]]
[2018.12.14-06.21.21:035][  0]LogConfig: Applying CVar settings from Section [PostProcessQuality@1] File [D:/UE4/FrameworkTemplate/FrameworkTemplate/Saved/Config/Windows/Scalability.ini]
[2018.12.14-06.21.21:035][  0]LogConfig: Setting CVar [[r.MotionBlurQuality:3]]
[2018.12.14-06.21.21:035][  0]LogConfig: Setting CVar [[r.AmbientOcclusionMipLevelFactor:1.0]]
[2018.12.14-06.21.21:035][  0]LogConfig: Setting CVar [[r.AmbientOcclusionMaxQuality:60]]
[2018.12.14-06.21.21:035][  0]LogConfig: Setting CVar [[r.AmbientOcclusionLevels:-1]]
[2018.12.14-06.21.21:035][  0]LogConfig: Setting CVar [[r.AmbientOcclusionRadiusScale:1.5]]
[2018.12.14-06.21.21:035][  0]LogConfig: Setting CVar [[r.DepthOfFieldQuality:1]]
[2018.12.14-06.21.21:035][  0]LogConfig: Setting CVar [[r.RenderTargetPoolMin:350]]
[2018.12.14-06.21.21:035][  0]LogConfig: Setting CVar [[r.LensFlareQuality:0]]
[2018.12.14-06.21.21:035][  0]LogConfig: Setting CVar [[r.SceneColorFringeQuality:0]]
[2018.12.14-06.21.21:035][  0]LogConfig: Setting CVar [[r.EyeAdaptationQuality:0]]
[2018.12.14-06.21.21:035][  0]LogConfig: Setting CVar [[r.BloomQuality:4]]
[2018.12.14-06.21.21:035][  0]LogConfig: Setting CVar [[r.FastBlurThreshold:2]]
[2018.12.14-06.21.21:035][  0]LogConfig: Setting CVar [[r.Upscale.Quality:2]]
[2018.12.14-06.21.21:035][  0]LogConfig: Setting CVar [[r.Tonemapper.GrainQuantization:0]]
[2018.12.14-06.21.21:035][  0]LogConfig: Setting CVar [[r.LightShaftQuality:0]]
[2018.12.14-06.21.21:035][  0]LogConfig: Setting CVar [[r.Filter.SizeScale:0.7]]
[2018.12.14-06.21.21:035][  0]LogConfig: Setting CVar [[r.Tonemapper.Quality:2]]
[2018.12.14-06.21.21:035][  0]LogConfig: Setting CVar [[r.DOF.Gather.AccumulatorQuality:0        ; lower gathering accumulator quality]]
[2018.12.14-06.21.21:035][  0]LogConfig: Setting CVar [[r.DOF.Gather.PostfilterMethod:2          ; Max3x3 postfilering method]]
[2018.12.14-06.21.21:035][  0]LogConfig: Setting CVar [[r.DOF.Gather.EnableBokehSettings:0       ; no bokeh simulation when gathering]]
[2018.12.14-06.21.21:035][  0]LogConfig: Setting CVar [[r.DOF.Gather.RingCount:3                 ; low number of samples when gathering]]
[2018.12.14-06.21.21:035][  0]LogConfig: Setting CVar [[r.DOF.Scatter.ForegroundCompositing:0    ; no foreground scattering]]
[2018.12.14-06.21.21:035][  0]LogConfig: Setting CVar [[r.DOF.Scatter.BackgroundCompositing:0    ; no foreground scattering]]
[2018.12.14-06.21.21:036][  0]LogConfig: Setting CVar [[r.DOF.Recombine.Quality:0                ; no slight out of focus]]
[2018.12.14-06.21.21:036][  0]LogConfig: Setting CVar [[r.DOF.TemporalAAQuality:0                ; faster temporal accumulation]]
[2018.12.14-06.21.21:036][  0]LogConfig: Setting CVar [[r.DOF.Kernel.MaxForegroundRadius:0.006   ; required because low gathering and no scattering and not looking great at 1080p]]
[2018.12.14-06.21.21:036][  0]LogConfig: Setting CVar [[r.DOF.Kernel.MaxBackgroundRadius:0.006   ; required because low gathering and no scattering and not looking great at 1080p]]
[2018.12.14-06.21.21:036][  0]LogConfig: Applying CVar settings from Section [TextureQuality@1] File [D:/UE4/FrameworkTemplate/FrameworkTemplate/Saved/Config/Windows/Scalability.ini]
[2018.12.14-06.21.21:036][  0]LogConfig: Setting CVar [[r.Streaming.MipBias:1]]
[2018.12.14-06.21.21:036][  0]LogConfig: Setting CVar [[r.Streaming.AmortizeCPUToGPUCopy:0]]
[2018.12.14-06.21.21:036][  0]LogConfig: Setting CVar [[r.Streaming.MaxNumTexturesToStreamPerFrame:0]]
[2018.12.14-06.21.21:036][  0]LogConfig: Setting CVar [[r.Streaming.Boost:1]]
[2018.12.14-06.21.21:036][  0]LogConfig: Setting CVar [[r.MaxAnisotropy:2]]
[2018.12.14-06.21.21:036][  0]LogConfig: Setting CVar [[r.Streaming.LimitPoolSizeToVRAM:1]]
[2018.12.14-06.21.21:036][  0]LogConfig: Setting CVar [[r.Streaming.PoolSize:600]]
[2018.12.14-06.21.21:036][  0]LogConfig: Setting CVar [[r.Streaming.MaxEffectiveScreenSize:0]]
[2018.12.14-06.21.21:036][  0]LogConfig: Applying CVar settings from Section [EffectsQuality@1] File [D:/UE4/FrameworkTemplate/FrameworkTemplate/Saved/Config/Windows/Scalability.ini]
[2018.12.14-06.21.21:036][  0]LogConfig: Setting CVar [[r.TranslucencyLightingVolumeDim:32]]
[2018.12.14-06.21.21:036][  0]LogConfig: Setting CVar [[r.RefractionQuality:0]]
[2018.12.14-06.21.21:036][  0]LogConfig: Setting CVar [[r.SSR.Quality:0]]
[2018.12.14-06.21.21:036][  0]LogConfig: Setting CVar [[r.SceneColorFormat:3]]
[2018.12.14-06.21.21:036][  0]LogConfig: Setting CVar [[r.DetailMode:1]]
[2018.12.14-06.21.21:036][  0]LogConfig: Setting CVar [[r.TranslucencyVolumeBlur:0]]
[2018.12.14-06.21.21:036][  0]LogConfig: Setting CVar [[r.MaterialQualityLevel:2 ; Medium quality]]
[2018.12.14-06.21.21:036][  0]LogConfig: Setting CVar [[r.SSS.Scale:0.75]]
[2018.12.14-06.21.21:036][  0]LogConfig: Setting CVar [[r.SSS.SampleSet:0]]
[2018.12.14-06.21.21:036][  0]LogConfig: Setting CVar [[r.SSS.Quality:0]]
[2018.12.14-06.21.21:036][  0]LogConfig: Setting CVar [[r.SSS.HalfRes:1]]
[2018.12.14-06.21.21:036][  0]LogConfig: Setting CVar [[r.EmitterSpawnRateScale:0.25]]
[2018.12.14-06.21.21:036][  0]LogConfig: Setting CVar [[r.ParticleLightQuality:0]]
[2018.12.14-06.21.21:036][  0]LogConfig: Applying CVar settings from Section [FoliageQuality@1] File [D:/UE4/FrameworkTemplate/FrameworkTemplate/Saved/Config/Windows/Scalability.ini]
[2018.12.14-06.21.21:036][  0]LogConfig: Setting CVar [[foliage.DensityScale:0.4]]
[2018.12.14-06.21.21:036][  0]LogConfig: Setting CVar [[grass.DensityScale:0.4]]
[2018.12.14-06.21.21:036][  0]LogConfig: Applying CVar settings from Section [Startup] File [../../../Engine/Config/ConsoleVariables.ini]
[2018.12.14-06.21.21:037][  0]LogConfig: Setting CVar [[net.UseAdaptiveNetUpdateFrequency:0]]
[2018.12.14-06.21.21:038][  0]LogConfig: Applying CVar settings from Section [ConsoleVariables] File [D:/UE4/FrameworkTemplate/FrameworkTemplate/Saved/Config/Windows/Engine.ini]
[2018.12.14-06.21.21:038][  0]LogInit: Computer: DESKTOP-N53GCT6
[2018.12.14-06.21.21:038][  0]LogInit: User: death
[2018.12.14-06.21.21:038][  0]LogInit: CPU Page size=4096, Cores=4
[2018.12.14-06.21.21:038][  0]LogInit: High frequency timer resolution =3.906265 MHz
[2018.12.14-06.21.21:038][  0]LogMemory: Memory total: Physical=31.9GB (32GB approx)
[2018.12.14-06.21.21:038][  0]LogMemory: Platform Memory Stats for Windows
[2018.12.14-06.21.21:038][  0]LogMemory: Process Physical Memory: 103.76 MB used, 103.76 MB peak
[2018.12.14-06.21.21:038][  0]LogMemory: Process Virtual Memory: 93.50 MB used, 93.50 MB peak
[2018.12.14-06.21.21:038][  0]LogMemory: Physical Memory: 15235.92 MB used,  17480.77 MB free, 32716.68 MB total
[2018.12.14-06.21.21:038][  0]LogMemory: Virtual Memory: 4654.66 MB used,  134213072.00 MB free, 134217728.00 MB total
[2018.12.14-06.21.21:090][  0]LogInit: Using OS detected language (en-US).
[2018.12.14-06.21.21:090][  0]LogInit: Using OS detected locale (en-US).
[2018.12.14-06.21.21:093][  0]LogTextLocalizationManager: No specific localization for 'en-US' exists, so the 'en' localization will be used.
[2018.12.14-06.21.21:565][  0]LogStreaming: Display: Took  0.476s to InitEngineTextLocalization.
[2018.12.14-06.21.21:565][  0]LogInit: Setting process to per monitor DPI aware
[2018.12.14-06.21.21:635][  0]LogSlate: New Slate User Created.  User Index 0, Is Virtual User: 0
[2018.12.14-06.21.21:635][  0]LogSlate: Slate User Registered.  User Index 0, Is Virtual User: 0
[2018.12.14-06.21.22:786][  0]LogHMD: Failed to initialize OpenVR with code 110
[2018.12.14-06.21.22:786][  0]LogD3D11RHI: D3D11 adapters:
[2018.12.14-06.21.22:931][  0]LogD3D11RHI:    0. 'NVIDIA GeForce GTX 1070' (Feature Level 11_0)
[2018.12.14-06.21.22:932][  0]LogD3D11RHI:       8088/0/16358 MB DedicatedVideo/DedicatedSystem/SharedSystem, Outputs:2, VendorId:0x10de
[2018.12.14-06.21.22:935][  0]LogD3D11RHI:    1. 'Microsoft Basic Render Driver' (Feature Level 11_0)
[2018.12.14-06.21.22:936][  0]LogD3D11RHI:       0/0/16358 MB DedicatedVideo/DedicatedSystem/SharedSystem, Outputs:0, VendorId:0x1414
[2018.12.14-06.21.22:936][  0]LogD3D11RHI: Chosen D3D11 Adapter: 0
[2018.12.14-06.21.22:956][  0]LogD3D11RHI: Creating new Direct3DDevice
[2018.12.14-06.21.22:956][  0]LogD3D11RHI:     GPU DeviceId: 0x1b81 (for the marketing name, search the web for "GPU Device Id")
[2018.12.14-06.21.22:956][  0]LogWindows: EnumDisplayDevices:
[2018.12.14-06.21.22:956][  0]LogWindows:    0. 'NVIDIA GeForce GTX 1070' (P:1 D:1)
[2018.12.14-06.21.22:957][  0]LogWindows:    1. 'NVIDIA GeForce GTX 1070' (P:0 D:1)
[2018.12.14-06.21.22:957][  0]LogWindows:    2. 'NVIDIA GeForce GTX 1070' (P:0 D:0)
[2018.12.14-06.21.22:958][  0]LogWindows:    3. 'NVIDIA GeForce GTX 1070' (P:0 D:0)
[2018.12.14-06.21.22:959][  0]LogWindows: DebugString: FoundDriverCount:4 
[2018.12.14-06.21.22:959][  0]LogD3D11RHI:     Adapter Name: NVIDIA GeForce GTX 1070
[2018.12.14-06.21.22:959][  0]LogD3D11RHI:   Driver Version: 417.22 (internal:25.21.14.1722, unified:417.22)
[2018.12.14-06.21.22:959][  0]LogD3D11RHI:      Driver Date: 11-29-2018
[2018.12.14-06.21.22:959][  0]LogRHI: Texture pool is 5661 MB (70% of 8088 MB)
[2018.12.14-06.21.23:038][  0]LogD3D11RHI: Async texture creation enabled
[2018.12.14-06.21.23:071][  0]LogD3D11RHI: GPU Timing Frequency: 1000.000000 (Debug: 2 2)
[2018.12.14-06.21.23:843][  0]LogTemp: Display: Loaded TP AllDesktopTargetPlatform
[2018.12.14-06.21.23:867][  0]LogTemp: Display: Loaded TP MacClientTargetPlatform
[2018.12.14-06.21.23:909][  0]LogTemp: Display: Loaded TP MacNoEditorTargetPlatform
[2018.12.14-06.21.23:930][  0]LogTemp: Display: Loaded TP MacServerTargetPlatform
[2018.12.14-06.21.23:955][  0]LogTemp: Display: Loaded TP MacTargetPlatform
[2018.12.14-06.21.23:974][  0]LogTemp: Display: Loaded TP WindowsClientTargetPlatform
[2018.12.14-06.21.23:997][  0]LogTemp: Display: Loaded TP WindowsNoEditorTargetPlatform
[2018.12.14-06.21.24:023][  0]LogTemp: Display: Loaded TP WindowsServerTargetPlatform
[2018.12.14-06.21.24:035][  0]LogTemp: Display: Loaded TP WindowsTargetPlatform
[2018.12.14-06.21.24:170][  0]LogTemp: Display: Loaded TP AndroidTargetPlatform
[2018.12.14-06.21.24:170][  0]LogTemp: Display: Loaded TP AndroidTargetPlatform
[2018.12.14-06.21.24:170][  0]LogTemp: Display: Loaded TP AndroidTargetPlatform
[2018.12.14-06.21.24:170][  0]LogTemp: Display: Loaded TP AndroidTargetPlatform
[2018.12.14-06.21.24:170][  0]LogTemp: Display: Loaded TP AndroidTargetPlatform
[2018.12.14-06.21.24:170][  0]LogTemp: Display: Loaded TP AndroidTargetPlatform
[2018.12.14-06.21.24:170][  0]LogTemp: Display: Loaded TP AndroidTargetPlatform
[2018.12.14-06.21.24:170][  0]LogTemp: Display: Loaded TP AndroidTargetPlatform
[2018.12.14-06.21.24:170][  0]LogTemp: Display: Loaded TP AndroidTargetPlatform
[2018.12.14-06.21.24:171][  0]LogTemp: Display: Loaded TP AndroidTargetPlatform
[2018.12.14-06.21.24:171][  0]LogTemp: Display: Loaded TP AndroidTargetPlatform
[2018.12.14-06.21.24:171][  0]LogTemp: Display: Loaded TP AndroidTargetPlatform
[2018.12.14-06.21.24:171][  0]LogTemp: Display: Loaded TP AndroidTargetPlatform
[2018.12.14-06.21.24:171][  0]LogTemp: Display: Loaded TP AndroidTargetPlatform
[2018.12.14-06.21.24:171][  0]LogTemp: Display: Loaded TP AndroidTargetPlatform
[2018.12.14-06.21.24:171][  0]LogTemp: Display: Loaded TP AndroidTargetPlatform
[2018.12.14-06.21.24:171][  0]LogTemp: Display: Loaded TP AndroidTargetPlatform
[2018.12.14-06.21.24:171][  0]LogTemp: Display: Loaded TP AndroidTargetPlatform
[2018.12.14-06.21.24:178][  0]LogTemp: Display: Loaded TP HTML5TargetPlatform
[2018.12.14-06.21.24:260][  0]LogTemp: Display: Loaded TP IOSTargetPlatform
[2018.12.14-06.21.24:260][  0]LogTemp: Display: Loaded TP IOSTargetPlatform
[2018.12.14-06.21.24:302][  0]LogTemp: Display: Loaded TP TVOSTargetPlatform
[2018.12.14-06.21.24:302][  0]LogTemp: Display: Loaded TP TVOSTargetPlatform
[2018.12.14-06.21.24:326][  0]LogTemp: Display: Loaded TP LinuxClientTargetPlatform
[2018.12.14-06.21.24:348][  0]LogTemp: Display: Loaded TP LinuxNoEditorTargetPlatform
[2018.12.14-06.21.24:370][  0]LogTemp: Display: Loaded TP LinuxServerTargetPlatform
[2018.12.14-06.21.24:410][  0]LogTemp: Display: Loaded TP LinuxTargetPlatform
[2018.12.14-06.21.24:543][  0]LogTemp: Display: Loaded TP LuminTargetPlatform
[2018.12.14-06.21.24:544][  0]LogTemp: Display: Loaded TP LuminTargetPlatform
[2018.12.14-06.21.24:544][  0]LogTargetPlatformManager: Display: Building Assets For Windows
[2018.12.14-06.21.26:540][  0]LogShaderCompilers: Guid format shader working directory is 3 characters bigger than the processId version (D:/UE4/FrameworkTemplate/FrameworkTemplate/Intermediate/Shaders/WorkingDirectory/17420/).
[2018.12.14-06.21.26:540][  0]LogShaderCompilers: Cleaned the shader compiler working directory 'C:/Users/death/AppData/Local/Temp/UnrealShaderWorkingDir/844CE767446FDD34C2E31689892F189A/'.
[2018.12.14-06.21.26:611][  0]LogXGEController: Cannot use XGE Controller as Incredibuild is not installed on this machine.
[2018.12.14-06.21.26:611][  0]LogShaderCompilers: Cannot use XGE Shader Compiler as Incredibuild is not installed on this machine.
[2018.12.14-06.21.26:611][  0]LogShaderCompilers: Display: Using Local Shader Compiler.
[2018.12.14-06.21.32:686][  0]LogDerivedDataCache: Display: Max Cache Size: 512 MB
[2018.12.14-06.21.32:950][  0]LogDerivedDataCache: Loaded boot cache 0.26s 72MB C:/Users/death/AppData/Local/UnrealEngine/4.21/DerivedDataCache/Boot.ddc.
[2018.12.14-06.21.32:950][  0]LogDerivedDataCache: Display: Loaded Boot cache: C:/Users/death/AppData/Local/UnrealEngine/4.21/DerivedDataCache/Boot.ddc
[2018.12.14-06.21.32:950][  0]LogDerivedDataCache: FDerivedDataBackendGraph:  Pak pak cache file D:/UE4/FrameworkTemplate/FrameworkTemplate/DerivedDataCache/DDC.ddp not found, will not use a pak cache.
[2018.12.14-06.21.32:950][  0]LogDerivedDataCache: Unable to find inner node Pak for hierarchical cache Hierarchy.
[2018.12.14-06.21.32:950][  0]LogDerivedDataCache: FDerivedDataBackendGraph:  CompressedPak pak cache file D:/UE4/FrameworkTemplate/FrameworkTemplate/DerivedDataCache/Compressed.ddp not found, will not use a pak cache.
[2018.12.14-06.21.32:950][  0]LogDerivedDataCache: Unable to find inner node CompressedPak for hierarchical cache Hierarchy.
[2018.12.14-06.21.32:995][  0]LogDerivedDataCache: Display: Pak cache opened for reading ../../../Engine/DerivedDataCache/Compressed.ddp.
[2018.12.14-06.21.32:995][  0]LogDerivedDataCache: FDerivedDataBackendGraph:  EnterprisePak pak cache file ../../../Enterprise/DerivedDataCache/Compressed.ddp not found, will not use a pak cache.
[2018.12.14-06.21.32:995][  0]LogDerivedDataCache: Unable to find inner node EnterprisePak for hierarchical cache Hierarchy.
[2018.12.14-06.21.33:008][  0]LogDerivedDataCache: Using Local data cache path C:/Users/death/AppData/Local/UnrealEngine/Common/DerivedDataCache: Writable
[2018.12.14-06.21.33:008][  0]LogDerivedDataCache: Shared data cache path not found in *engine.ini, will not use an Shared cache.
[2018.12.14-06.21.33:008][  0]LogDerivedDataCache: Unable to find inner node Shared for hierarchical cache Hierarchy.
[2018.12.14-06.21.33:316][  0]LogMaterial: Verifying Global Shaders for PCD3D_SM5
[2018.12.14-06.21.33:616][  0]LogSlate: Using FreeType 2.6.0
[2018.12.14-06.21.33:734][  0]LogSlate: SlateFontServices - WITH_FREETYPE: 1, WITH_HARFBUZZ: 1
[2018.12.14-06.21.35:538][  0]LogAssetRegistry: FAssetRegistry took 0.1009 seconds to start up
[2018.12.14-06.21.42:615][  0]LogAssetRegistry: Error: Failed to open file for write D:/UE4/FrameworkTemplate/FrameworkTemplate/Intermediate/CachedAssetRegistry.bin
[2018.12.14-06.21.42:615][  0]LogInit: Selected Device Profile: [Windows]
[2018.12.14-06.21.44:708][  0]LogSimplygon: Simplygon DLL not present - disabling.
[2018.12.14-06.21.44:881][  0]LogMeshReduction: Using SimplygonSwarm for distributed automatic mesh merging
[2018.12.14-06.21.44:881][  0]LogMeshReduction: Using ProxyLODMeshReduction for automatic mesh merging
[2018.12.14-06.21.44:882][  0]LogMeshReduction: Using QuadricMeshReduction for automatic static mesh reduction
[2018.12.14-06.21.44:882][  0]LogMeshReduction: No automatic skeletal mesh reduction module available
[2018.12.14-06.21.45:612][  0]LogNetVersion: FrameworkTemplate 1.0.0, NetCL: 4541578, EngineNetVer: 5, GameNetVer: 0 (Checksum: 2006893865)
[2018.12.14-06.21.52:695][  0]LogFileManager: Warning: DeleteFile was unable to delete 'D:/UE4/FrameworkTemplate/FrameworkTemplate/Intermediate/AssetRegistryCache/2657c409.bin', retrying in .5s...
[2018.12.14-06.21.53:195][  0]LogFileManager: Warning: DeleteFile recovered during retry!
[2018.12.14-06.21.53:195][  0]LogFileManager: Warning: MoveFile was unable to move 'D:/UE4/FrameworkTemplate/FrameworkTemplate/Intermediate/AssetRegistryCache/2657c409.bin.tmp' to 'D:/UE4/FrameworkTemplate/FrameworkTemplate/Intermediate/AssetRegistryCache/2657c409.bin', retrying in .5s...
[2018.12.14-06.21.53:697][  0]LogFileManager: Warning: MoveFile was unable to move 'D:/UE4/FrameworkTemplate/FrameworkTemplate/Intermediate/AssetRegistryCache/2657c409.bin.tmp' to 'D:/UE4/FrameworkTemplate/FrameworkTemplate/Intermediate/AssetRegistryCache/2657c409.bin', retrying in .5s...
[2018.12.14-06.21.54:200][  0]LogFileManager: Warning: MoveFile was unable to move 'D:/UE4/FrameworkTemplate/FrameworkTemplate/Intermediate/AssetRegistryCache/2657c409.bin.tmp' to 'D:/UE4/FrameworkTemplate/FrameworkTemplate/Intermediate/AssetRegistryCache/2657c409.bin', retrying in .5s...
[2018.12.14-06.21.54:702][  0]LogFileManager: Warning: MoveFile was unable to move 'D:/UE4/FrameworkTemplate/FrameworkTemplate/Intermediate/AssetRegistryCache/2657c409.bin.tmp' to 'D:/UE4/FrameworkTemplate/FrameworkTemplate/Intermediate/AssetRegistryCache/2657c409.bin', retrying in .5s...
[2018.12.14-06.21.55:203][  0]LogFileManager: Warning: MoveFile was unable to move 'D:/UE4/FrameworkTemplate/FrameworkTemplate/Intermediate/AssetRegistryCache/2657c409.bin.tmp' to 'D:/UE4/FrameworkTemplate/FrameworkTemplate/Intermediate/AssetRegistryCache/2657c409.bin', retrying in .5s...
[2018.12.14-06.21.55:704][  0]LogFileManager: Warning: MoveFile was unable to move 'D:/UE4/FrameworkTemplate/FrameworkTemplate/Intermediate/AssetRegistryCache/2657c409.bin.tmp' to 'D:/UE4/FrameworkTemplate/FrameworkTemplate/Intermediate/AssetRegistryCache/2657c409.bin', retrying in .5s...
[2018.12.14-06.21.56:206][  0]LogFileManager: Warning: MoveFile was unable to move 'D:/UE4/FrameworkTemplate/FrameworkTemplate/Intermediate/AssetRegistryCache/2657c409.bin.tmp' to 'D:/UE4/FrameworkTemplate/FrameworkTemplate/Intermediate/AssetRegistryCache/2657c409.bin', retrying in .5s...
[2018.12.14-06.21.56:707][  0]LogFileManager: Warning: MoveFile was unable to move 'D:/UE4/FrameworkTemplate/FrameworkTemplate/Intermediate/AssetRegistryCache/2657c409.bin.tmp' to 'D:/UE4/FrameworkTemplate/FrameworkTemplate/Intermediate/AssetRegistryCache/2657c409.bin', retrying in .5s...
[2018.12.14-06.21.57:207][  0]LogFileManager: Warning: MoveFile was unable to move 'D:/UE4/FrameworkTemplate/FrameworkTemplate/Intermediate/AssetRegistryCache/2657c409.bin.tmp' to 'D:/UE4/FrameworkTemplate/FrameworkTemplate/Intermediate/AssetRegistryCache/2657c409.bin', retrying in .5s...
[2018.12.14-06.21.57:708][  0]LogFileManager: Warning: MoveFile was unable to move 'D:/UE4/FrameworkTemplate/FrameworkTemplate/Intermediate/AssetRegistryCache/2657c409.bin.tmp' to 'D:/UE4/FrameworkTemplate/FrameworkTemplate/Intermediate/AssetRegistryCache/2657c409.bin', retrying in .5s...
[2018.12.14-06.21.58:210][  0]LogFileManager: Error: Error moving file 'D:/UE4/FrameworkTemplate/FrameworkTemplate/Intermediate/AssetRegistryCache/2657c409.bin.tmp' to 'D:/UE4/FrameworkTemplate/FrameworkTemplate/Intermediate/AssetRegistryCache/2657c409.bin'.
[2018.12.14-06.21.58:391][  0]LogPackageLocalizationCache: Processed 11 localized package path(s) for 2 prioritized culture(s) in 5.795760 seconds
[2018.12.14-06.21.58:400][  0]LogUObjectArray: 39775 objects as part of root set at end of initial load.
[2018.12.14-06.21.58:400][  0]LogUObjectAllocator: 6914656 out of 0 bytes used by permanent object pool.
[2018.12.14-06.21.58:400][  0]LogUObjectArray: CloseDisregardForGC: 0/0 objects in disregard for GC pool
[2018.12.14-06.22.14:514][  0]LogTcpMessaging: Initializing TcpMessaging bridge
[2018.12.14-06.22.14:605][  0]LogUdpMessaging: Initializing bridge on interface 0.0.0.0:0 to multicast group 230.0.0.1:6666.
[2018.12.14-06.22.19:815][  0]SourceControl: Source control is disabled
[2018.12.14-06.22.19:816][  0]SourceControl: Source control is disabled
[2018.12.14-06.22.20:021][  0]SourceControl: Source control is disabled
[2018.12.14-06.22.20:059][  0]SourceControl: Source control is disabled
[2018.12.14-06.22.22:450][  0]LogAndroidPermission: UAndroidPermissionCallbackProxy::GetInstance
[2018.12.14-06.22.22:909][  0]LogOcInput: OculusInput pre-init called
[2018.12.14-06.22.25:722][  0]LogEngine: Initializing Engine...
[2018.12.14-06.22.25:797][  0]LogHMD: Failed to initialize OpenVR with code 110
[2018.12.14-06.22.25:846][  0]LogStats: UGameplayTagsManager::ConstructGameplayTagTree: ImportINI prefixes -  0.000 s
[2018.12.14-06.22.25:846][  0]LogStats: UGameplayTagsManager::ConstructGameplayTagTree: Construct from data asset -  0.000 s
[2018.12.14-06.22.25:847][  0]LogStats: UGameplayTagsManager::ConstructGameplayTagTree: ImportINI -  0.001 s
[2018.12.14-06.22.25:847][  0]LogStats: UGameplayTagsManager::ConstructGameplayTagTree: GameplayTagTreeChangedEvent.Broadcast -  0.000 s
[2018.12.14-06.22.26:910][  0]LogInit: Initializing FReadOnlyCVARCache
[2018.12.14-06.22.27:668][  0]LogAIModule: Creating AISystem for world Untitled
[2018.12.14-06.22.28:127][  0]LogInit: XAudio2 using 'Speakers (High Definition Audio Device)' : 2 channels at 48 kHz using 16 bits per sample (channel mask 0x3)
[2018.12.14-06.22.28:156][  0]LogInit: FAudioDevice initialized.
[2018.12.14-06.22.28:172][  0]LogNetVersion: Set ProjectVersion to 1.0.0.0. Version Checksum will be recalculated on next use.
[2018.12.14-06.22.28:553][  0]LogDerivedDataCache: Saved boot cache 0.38s 72MB C:/Users/death/AppData/Local/UnrealEngine/4.21/DerivedDataCache/Boot.ddc.
[2018.12.14-06.22.28:571][  0]LogInit: Texture streaming: Enabled
[2018.12.14-06.22.28:612][  0]LogEngineSessionManager: EngineSessionManager initialized
[2018.12.14-06.22.28:922][  0]LogInit: Transaction tracking system initialized
[2018.12.14-06.22.29:591][  0]BlueprintLog: New page: Editor Load
[2018.12.14-06.22.31:737][  0]LocalizationService: Localization service is disabled
[2018.12.14-06.22.38:784][  0]LogFileCache: Scanning file cache for directory 'D:/UE4/FrameworkTemplate/FrameworkTemplate/Content/' took 0.11s
[2018.12.14-06.22.38:787][  0]LogCook: Display: Max memory allowance for cook 16384mb min free memory 0mb
[2018.12.14-06.22.38:790][  0]LogCook: Display: Mobile HDR setting 1
[2018.12.14-06.22.38:791][  0]LogGameplayTags: Display: UGameplayTagsManager::DoneAddingNativeTags. DelegateIsBound: 0
[2018.12.14-06.22.38:791][  0]LogStats: UGameplayTagsManager::ConstructGameplayTagTree: ImportINI prefixes -  0.000 s
[2018.12.14-06.22.38:791][  0]LogStats: UGameplayTagsManager::ConstructGameplayTagTree: Construct from data asset -  0.000 s
[2018.12.14-06.22.38:791][  0]LogStats: UGameplayTagsManager::ConstructGameplayTagTree: ImportINI -  0.000 s
[2018.12.14-06.22.38:791][  0]LogStats: UGameplayTagsManager::ConstructGameplayTagTree: GameplayTagTreeChangedEvent.Broadcast -  0.000 s
[2018.12.14-06.22.43:521][  0]SourceControl: Source control is disabled
[2018.12.14-06.22.43:555][  0]Cmd: MAP LOAD FILE="D:/UE4/FrameworkTemplate/FrameworkTemplate/Content/Base/Maps/MainMenu/00_MainMenu_P.umap" TEMPLATE=0 SHOWPROGRESS=1 FEATURELEVEL=3
[2018.12.14-06.22.43:608][  0]LightingResults: New page: Lighting Build
[2018.12.14-06.22.43:978][  0]MapCheck: New page: Map Check
[2018.12.14-06.22.43:978][  0]LightingResults: New page: Lighting Build
[2018.12.14-06.22.52:835][  0]LogAIModule: Creating AISystem for world 00_MainMenu_P
[2018.12.14-06.22.53:884][  0]LogStreaming: Display: ULevelStreaming::RequestLevel(/Game/Base/Maps/MainMenu/01_MainMenu_Geo) is flushing async loading
[2018.12.14-06.22.53:886][  0]LogStreaming: Display: Flushing async loaders.
[2018.12.14-06.22.56:936][  0]LogStreaming: Display: ULevelStreaming::RequestLevel(/Game/Base/Maps/MainMenu/02_MainMenu_Lighting) is flushing async loading
[2018.12.14-06.22.57:089][  0]LogStreaming: Display: ULevelStreaming::RequestLevel(/Game/Base/Maps/MainMenu/03_MainMenu_Gameplay) is flushing async loading
[2018.12.14-06.22.57:642][  0]LogEditorServer: Finished looking for orphan Actors (0.000 secs)
[2018.12.14-06.22.58:024][  0]Cmd: MAP CHECKDEP NOCLEARLOG
[2018.12.14-06.22.58:037][  0]MapCheck: Map check complete: 0 Error(s), 0 Warning(s), took 0.3ms to complete.
[2018.12.14-06.22.58:037][  0]LogFileHelpers: Loading map '00_MainMenu_P' took 14.503
[2018.12.14-06.23.02:510][  0]LogSlate: Updating window title bar state: overlay mode, drag disabled, window buttons hidden, title bar hidden
[2018.12.14-06.23.02:545][  0]LogSlate: Updating window title bar state: overlay mode, drag disabled, window buttons hidden, title bar hidden
[2018.12.14-06.23.02:570][  0]LogSlate: Updating window title bar state: overlay mode, drag disabled, window buttons hidden, title bar hidden
[2018.12.14-06.23.02:609][  0]LogSlate: Updating window title bar state: overlay mode, drag disabled, window buttons hidden, title bar hidden
[2018.12.14-06.23.03:340][  0]LogSlate: Took 0.019123 seconds to synchronously load lazily loaded font '../../../Engine/Content/Slate/Fonts/Roboto-Regular.ttf' (155K)
[2018.12.14-06.23.13:190][  0]LogSlate: Only BGRA pngs, bmps or icos are supported in by External Image Picker
[2018.12.14-06.23.13:644][  0]LogCollectionManager: Loaded 0 collections in 0.007556 seconds
[2018.12.14-06.23.13:962][  0]LogFileCache: Scanning file cache for directory 'D:/UE4/FrameworkTemplate/FrameworkTemplate/Saved/Collections/' took 0.04s
[2018.12.14-06.23.13:963][  0]LogFileCache: Scanning file cache for directory 'D:/UE4/FrameworkTemplate/FrameworkTemplate/Content/Developers/death/Collections/' took 0.02s
[2018.12.14-06.23.13:963][  0]LogFileCache: Scanning file cache for directory 'D:/UE4/FrameworkTemplate/FrameworkTemplate/Content/Collections/' took 0.02s
[2018.12.14-06.23.13:963][  0]LogCollectionManager: Rebuilt the GUID cache for 0 collections in 0.000001 seconds
[2018.12.14-06.23.14:058][  0]LogContentBrowser: Native class hierarchy populated in 0.0879 seconds. Added 2651 classes and 620 folders.
[2018.12.14-06.23.14:241][  0]LogTemp: Executing iPhonePackager certificates Engine -bundlename com.YourCompany.FrameworkTemplate
[2018.12.14-06.23.14:241][  0]LogTemp: CWD: A:\Game Design\UE4\Epic Games\UE_4.21\Engine\Binaries\DotNET\IOS
[2018.12.14-06.23.14:241][  0]LogTemp: Initial Dir: A:\Game Design\UE4\Epic Games\UE_4.21
[2018.12.14-06.23.14:241][  0]LogTemp: Env CWD: A:\Game Design\UE4\Epic Games\UE_4.21\Engine\Binaries\DotNET\IOS
[2018.12.14-06.23.14:241][  0]LogTemp: BranchPath = DESKTOP-N53GCT6/A/Game Design/UE4/Epic Games/UE_4.21/Engine/Binaries --- GameBranchPath = DESKTOP-N53GCT6/A/Game Design/UE4/Epic Games/UE_4.21/Engine/Binaries
[2018.12.14-06.23.14:241][  0]LogContentBrowser: Native class hierarchy updated for 'WidgetCarousel' in 0.0006 seconds. Added 0 classes and 0 folders.
[2018.12.14-06.23.14:394][  0]LogTemp: IPP ERROR: Could not find provision directory 'C:\Users\death\AppData\Local/Apple Computer/MobileDevice/Provisioning Profiles/'.
[2018.12.14-06.23.14:394][  0]LogPakFile: Registered encryption key '00000000000000000000000000000000': 0 pak files mounted, 0 remain pending
[2018.12.14-06.23.14:465][  0]LogPakFile: Registered encryption key '00000000000000000000000000000000': 0 pak files mounted, 0 remain pending
[2018.12.14-06.23.14:473][  0]LogPakFile: Registered encryption key '00000000000000000000000000000000': 0 pak files mounted, 0 remain pending
[2018.12.14-06.23.14:496][  0]LogPakFile: Registered encryption key '00000000000000000000000000000000': 0 pak files mounted, 0 remain pending
[2018.12.14-06.23.14:510][  0]LogPakFile: Registered encryption key '00000000000000000000000000000000': 0 pak files mounted, 0 remain pending
[2018.12.14-06.23.14:515][  0]LogPakFile: Registered encryption key '00000000000000000000000000000000': 0 pak files mounted, 0 remain pending
[2018.12.14-06.23.14:528][  0]LogPakFile: Registered encryption key '00000000000000000000000000000000': 0 pak files mounted, 0 remain pending
[2018.12.14-06.23.14:537][  0]LogPakFile: Registered encryption key '00000000000000000000000000000000': 0 pak files mounted, 0 remain pending
[2018.12.14-06.23.14:551][  0]LogPakFile: Registered encryption key '00000000000000000000000000000000': 0 pak files mounted, 0 remain pending
[2018.12.14-06.23.14:560][  0]LogPakFile: Registered encryption key '00000000000000000000000000000000': 0 pak files mounted, 0 remain pending
[2018.12.14-06.23.14:569][  0]LogPakFile: Registered encryption key '00000000000000000000000000000000': 0 pak files mounted, 0 remain pending
[2018.12.14-06.23.14:580][  0]LogPakFile: Registered encryption key '00000000000000000000000000000000': 0 pak files mounted, 0 remain pending
[2018.12.14-06.23.14:590][  0]LogPakFile: Registered encryption key '00000000000000000000000000000000': 0 pak files mounted, 0 remain pending
[2018.12.14-06.23.14:598][  0]LogPakFile: Registered encryption key '00000000000000000000000000000000': 0 pak files mounted, 0 remain pending
[2018.12.14-06.23.14:606][  0]LogPakFile: Registered encryption key '00000000000000000000000000000000': 0 pak files mounted, 0 remain pending
[2018.12.14-06.23.14:614][  0]LogPakFile: Registered encryption key '00000000000000000000000000000000': 0 pak files mounted, 0 remain pending
[2018.12.14-06.23.14:647][  0]LogPakFile: Registered encryption key '00000000000000000000000000000000': 0 pak files mounted, 0 remain pending
[2018.12.14-06.23.14:656][  0]LogPakFile: Registered encryption key '00000000000000000000000000000000': 0 pak files mounted, 0 remain pending
[2018.12.14-06.23.14:668][  0]LogPakFile: Registered encryption key '00000000000000000000000000000000': 0 pak files mounted, 0 remain pending
[2018.12.14-06.23.14:675][  0]LogPakFile: Registered encryption key '00000000000000000000000000000000': 0 pak files mounted, 0 remain pending
[2018.12.14-06.23.14:687][  0]LogPakFile: Registered encryption key '00000000000000000000000000000000': 0 pak files mounted, 0 remain pending
[2018.12.14-06.23.14:701][  0]LogPakFile: Registered encryption key '00000000000000000000000000000000': 0 pak files mounted, 0 remain pending
[2018.12.14-06.23.14:714][  0]LogPakFile: Registered encryption key '00000000000000000000000000000000': 0 pak files mounted, 0 remain pending
[2018.12.14-06.23.14:743][  0]LogPakFile: Registered encryption key '00000000000000000000000000000000': 0 pak files mounted, 0 remain pending
[2018.12.14-06.23.14:756][  0]LogPakFile: Registered encryption key '00000000000000000000000000000000': 0 pak files mounted, 0 remain pending
[2018.12.14-06.23.14:766][  0]LogPakFile: Registered encryption key '00000000000000000000000000000000': 0 pak files mounted, 0 remain pending
[2018.12.14-06.23.15:620][  0]LogContentBrowser: Native class hierarchy updated for 'AddContentDialog' in 0.0005 seconds. Added 0 classes and 0 folders.
[2018.12.14-06.23.15:833][  0]LogContentBrowser: Native class hierarchy updated for 'SceneOutliner' in 0.0009 seconds. Added 1 classes and 2 folders.
[2018.12.14-06.23.16:084][  0]LogContentBrowser: Native class hierarchy updated for 'WorldBrowser' in 0.0057 seconds. Added 2 classes and 3 folders.
[2018.12.14-06.23.17:095][  0]LogSlate: Took 0.031218 seconds to synchronously load lazily loaded font '../../../Engine/Content/Slate/Fonts/Roboto-Bold.ttf' (160K)
[2018.12.14-06.23.17:170][  0]LogSlate: Took 0.015803 seconds to synchronously load lazily loaded font '../../../Engine/Content/Editor/Slate/Fonts/FontAwesome.ttf' (139K)
[2018.12.14-06.23.18:341][  0]LogRenderer: Reallocating scene render targets to support 1616x816 Format 9 NumSamples 1 (Frame:1).
[2018.12.14-06.23.20:174][  0]LogContentBrowser: Native class hierarchy updated for 'HierarchicalLODOutliner' in 0.0006 seconds. Added 0 classes and 0 folders.
[2018.12.14-06.23.20:175][  0]LogLoad: (Engine Initialization) Total time: 123.81 seconds
[2018.12.14-06.23.20:175][  0]LogLoad: (Engine Initialization) Total Blueprint compile time: 0.00 seconds
[2018.12.14-06.23.22:298][  0]LogContentStreaming: Texture pool size now 600 MB
[2018.12.14-06.23.26:064][  2]LogSlate: Took 0.023207 seconds to synchronously load lazily loaded font '../../../Engine/Content/Slate/Fonts/Roboto-Light.ttf' (167K)
[2018.12.14-06.23.33:467][ 25]LogAssetRegistry: Asset discovery search completed in 117.9979 seconds
[2018.12.14-06.23.33:525][ 25]LogCollectionManager: Rebuilt the object cache for 0 collections in 0.000001 seconds (found 0 objects)
[2018.12.14-06.23.33:525][ 25]LogCollectionManager: Fixed up redirectors for 0 collections in 0.015060 seconds (updated 0 objects)
[2018.12.14-06.29.16:164][ 33]LogD3D11RHI: Timed out while waiting for GPU to catch up. (0.5 s)
[2018.12.14-06.33.52:333][832]LogD3D11RHI: Timed out while waiting for GPU to catch up. (0.5 s)
[2018.12.14-06.35.37:422][294]LogSlate: FSceneViewport::OnFocusLost() reason 0
[2018.12.14-06.35.37:654][296]LogSlate: Window 'FrameworkTemplate - Unreal Editor' being destroyed
[2018.12.14-06.35.39:059][297]Cmd: QUIT_EDITOR
[2018.12.14-06.35.39:499][297]LogWindowsTextInputMethodSystem: Display: IME system now deactivated.
[2018.12.14-06.35.39:584][297]LogExit: Preparing to exit.
[2018.12.14-06.35.41:308][297]LogExit: Editor shut down
[2018.12.14-06.35.41:308][297]LogExit: Transaction tracking system shut down
[2018.12.14-06.35.43:479][297]LogExit: Object subsystem successfully closed.
[2018.12.14-06.35.43:671][297]LogShaderCompilers: Display: Shaders left to compile 0
[2018.12.14-06.35.43:698][297]LogD3D11RHI: Shutdown
[2018.12.14-06.35.43:698][297]LogD3D11RHI: CleanupD3DDevice
[2018.12.14-06.35.43:815][297]LogD3D11RHI: ~FD3D11DynamicRHI
[2018.12.14-06.35.45:287][297]LogModuleManager: Shutting down and abandoning module HierarchicalLODOutliner (626)
[2018.12.14-06.35.45:287][297]LogModuleManager: Shutting down and abandoning module WorldBrowser (624)
[2018.12.14-06.35.45:314][297]LogModuleManager: Shutting down and abandoning module SceneOutliner (622)
[2018.12.14-06.35.45:328][297]LogModuleManager: Shutting down and abandoning module AddContentDialog (620)
[2018.12.14-06.35.45:349][297]LogModuleManager: Shutting down and abandoning module WidgetCarousel (619)
[2018.12.14-06.35.45:349][297]LogModuleManager: Shutting down and abandoning module EditorWidgets (616)
[2018.12.14-06.35.45:349][297]LogModuleManager: Shutting down and abandoning module CollectionManager (614)
[2018.12.14-06.35.45:360][297]LogModuleManager: Shutting down and abandoning module ExternalImagePicker (612)
[2018.12.14-06.35.45:360][297]LogModuleManager: Shutting down and abandoning module StatsViewer (610)
[2018.12.14-06.35.45:369][297]LogModuleManager: Shutting down and abandoning module FoliageEdit (608)
[2018.12.14-06.35.45:386][297]LogModuleManager: Shutting down and abandoning module LandscapeEditor (606)
[2018.12.14-06.35.45:464][297]LogModuleManager: Shutting down and abandoning module MeshPaintMode (604)
[2018.12.14-06.35.45:473][297]LogModuleManager: Shutting down and abandoning module SceneDepthPickerMode (602)
[2018.12.14-06.35.45:473][297]LogModuleManager: Shutting down and abandoning module ActorPickerMode (600)
[2018.12.14-06.35.45:473][297]LogModuleManager: Shutting down and abandoning module GeometryMode (598)
[2018.12.14-06.35.45:473][297]LogModuleManager: Shutting down and abandoning module TextureAlignMode (596)
[2018.12.14-06.35.45:473][297]LogModuleManager: Shutting down and abandoning module BspMode (594)
[2018.12.14-06.35.45:473][297]LogModuleManager: Shutting down and abandoning module PIEPreviewDeviceProfileSelector (592)
[2018.12.14-06.35.45:497][297]LogModuleManager: Shutting down and abandoning module SequenceRecorderSections (590)
[2018.12.14-06.35.45:511][297]LogModuleManager: Shutting down and abandoning module AutomationWorker (588)
[2018.12.14-06.35.45:511][297]LogModuleManager: Shutting down and abandoning module AudioCaptureEditor (586)
[2018.12.14-06.35.45:512][297]LogModuleManager: Shutting down and abandoning module MatineeToLevelSequence (584)
[2018.12.14-06.35.45:531][297]LogModuleManager: Shutting down and abandoning module LevelSequenceEditor (582)
[2018.12.14-06.35.45:589][297]LogModuleManager: Shutting down and abandoning module PlacementMode (581)
[2018.12.14-06.35.45:589][297]LogModuleManager: Shutting down and abandoning module MaterialEditor (580)
[2018.12.14-06.35.45:647][297]LogModuleManager: Shutting down and abandoning module WmfMediaFactory (576)
[2018.12.14-06.35.45:647][297]LogModuleManager: Shutting down and abandoning module WmfMediaEditor (574)
[2018.12.14-06.35.45:647][297]LogModuleManager: Shutting down and abandoning module WebMMediaFactory (572)
[2018.12.14-06.35.45:647][297]LogModuleManager: Shutting down and abandoning module WebMMediaEditor (570)
[2018.12.14-06.35.45:647][297]LogModuleManager: Shutting down and abandoning module WebMMedia (568)
[2018.12.14-06.35.45:658][297]LogModuleManager: Shutting down and abandoning module MediaPlayerEditor (566)
[2018.12.14-06.35.45:699][297]LogModuleManager: Shutting down and abandoning module MediaCompositingEditor (564)
[2018.12.14-06.35.45:734][297]LogModuleManager: Shutting down and abandoning module SequenceRecorder (563)
[2018.12.14-06.35.45:735][297]LogModuleManager: Shutting down and abandoning module OpenExrWrapper (560)
[2018.12.14-06.35.45:735][297]LogModuleManager: Shutting down and abandoning module ImgMediaFactory (558)
[2018.12.14-06.35.45:735][297]LogModuleManager: Shutting down and abandoning module ImgMediaEditor (556)
[2018.12.14-06.35.45:735][297]LogModuleManager: Shutting down and abandoning module AvfMediaFactory (554)
[2018.12.14-06.35.45:735][297]LogModuleManager: Shutting down and abandoning module AvfMediaEditor (552)
[2018.12.14-06.35.45:735][297]LogModuleManager: Shutting down and abandoning module AndroidMediaFactory (550)
[2018.12.14-06.35.45:735][297]LogModuleManager: Shutting down and abandoning module AndroidMediaEditor (548)
[2018.12.14-06.35.45:735][297]LogModuleManager: Shutting down and abandoning module MagicLeapCameraPreviewFactory (546)
[2018.12.14-06.35.45:735][297]LogModuleManager: Shutting down and abandoning module MagicLeapMediaFactory (544)
[2018.12.14-06.35.45:735][297]LogModuleManager: Shutting down and abandoning module MagicLeapMediaEditor (542)
[2018.12.14-06.35.45:735][297]LogModuleManager: Shutting down and abandoning module CharacterAI (540)
[2018.12.14-06.35.45:735][297]LogModuleManager: Shutting down and abandoning module SmartSnapping (538)
[2018.12.14-06.35.45:735][297]LogModuleManager: Shutting down and abandoning module SessionServices (536)
[2018.12.14-06.35.45:735][297]LogModuleManager: Shutting down and abandoning module ViewportSnapping (534)
[2018.12.14-06.35.45:735][297]LogModuleManager: Shutting down and abandoning module ViewportInteraction (532)
[2018.12.14-06.35.45:735][297]LogModuleManager: Shutting down and abandoning module ClothPainter (530)
[2018.12.14-06.35.45:757][297]LogModuleManager: Shutting down and abandoning module SkeletalMeshEditor (529)
[2018.12.14-06.35.45:773][297]LogModuleManager: Shutting down and abandoning module LogVisualizer (526)
[2018.12.14-06.35.45:820][297]LogModuleManager: Shutting down and abandoning module IntroTutorials (524)
[2018.12.14-06.35.45:866][297]LogModuleManager: Shutting down and abandoning module GameProjectGeneration (523)
[2018.12.14-06.35.45:892][297]LogModuleManager: Shutting down and abandoning module LuminPlatformEditor (520)
[2018.12.14-06.35.45:892][297]LogModuleManager: Shutting down and abandoning module IOSPlatformEditor (518)
[2018.12.14-06.35.45:892][297]LogModuleManager: Shutting down and abandoning module HTML5PlatformEditor (516)
[2018.12.14-06.35.45:892][297]LogModuleManager: Shutting down and abandoning module AndroidPlatformEditor (514)
[2018.12.14-06.35.45:892][297]LogModuleManager: Shutting down and abandoning module AndroidDeviceDetection (513)
[2018.12.14-06.35.46:295][297]LogModuleManager: Shutting down and abandoning module WindowsPlatformEditor (510)
[2018.12.14-06.35.46:295][297]LogModuleManager: Shutting down and abandoning module LuminRuntimeSettings (508)
[2018.12.14-06.35.46:295][297]LogModuleManager: Shutting down and abandoning module IOSRuntimeSettings (506)
[2018.12.14-06.35.46:295][297]LogModuleManager: Shutting down and abandoning module AndroidRuntimeSettings (504)
[2018.12.14-06.35.46:295][297]LogModuleManager: Shutting down and abandoning module TimeManagementEditor (502)
[2018.12.14-06.35.46:295][297]LogModuleManager: Shutting down and abandoning module InputBindingEditor (500)
[2018.12.14-06.35.46:295][297]LogModuleManager: Shutting down and abandoning module MergeActors (498)
[2018.12.14-06.35.46:314][297]LogModuleManager: Shutting down and abandoning module LocalizationDashboard (496)
[2018.12.14-06.35.46:340][297]LogModuleManager: Shutting down and abandoning module LocalizationService (495)
[2018.12.14-06.35.46:356][297]LogModuleManager: Shutting down and abandoning module HardwareTargeting (492)
[2018.12.14-06.35.46:356][297]LogModuleManager: Shutting down and abandoning module DeviceProfileEditor (490)
[2018.12.14-06.35.46:368][297]LogModuleManager: Shutting down and abandoning module UndoHistory (488)
[2018.12.14-06.35.46:382][297]LogModuleManager: Shutting down and abandoning module XmlParser (486)
[2018.12.14-06.35.46:382][297]LogModuleManager: Shutting down and abandoning module Blutility (484)
[2018.12.14-06.35.46:405][297]LogModuleManager: Shutting down and abandoning module ProjectSettingsViewer (482)
[2018.12.14-06.35.46:405][297]LogModuleManager: Shutting down and abandoning module ProjectTargetPlatformEditor (481)
[2018.12.14-06.35.46:405][297]LogModuleManager: Shutting down and abandoning module EditorSettingsViewer (478)
[2018.12.14-06.35.46:405][297]LogModuleManager: Shutting down and abandoning module SettingsEditor (476)
[2018.12.14-06.35.46:405][297]LogModuleManager: Shutting down and abandoning module ProjectLauncher (474)
[2018.12.14-06.35.46:417][297]LogModuleManager: Shutting down and abandoning module SessionFrontend (472)
[2018.12.14-06.35.46:429][297]LogModuleManager: Shutting down and abandoning module ProfilerClient (470)
[2018.12.14-06.35.46:444][297]LogModuleManager: Shutting down and abandoning module DeviceManager (468)
[2018.12.14-06.35.46:456][297]LogModuleManager: Shutting down and abandoning module TargetDeviceServices (467)
[2018.12.14-06.35.46:522][297]LogModuleManager: Shutting down and abandoning module AutomationController (464)
[2018.12.14-06.35.46:541][297]LogModuleManager: Shutting down and abandoning module AutomationWindow (462)
[2018.12.14-06.35.46:556][297]LogModuleManager: Shutting down and abandoning module Layers (460)
[2018.12.14-06.35.46:591][297]LogModuleManager: Shutting down and abandoning module ComponentVisualizers (458)
[2018.12.14-06.35.46:591][297]LogModuleManager: Shutting down and abandoning module DetailCustomizations (456)
[2018.12.14-06.35.46:606][297]LogModuleManager: Shutting down and abandoning module PackagesDialog (454)
[2018.12.14-06.35.46:627][297]LogModuleManager: Shutting down and abandoning module Persona (452)
[2018.12.14-06.35.46:684][297]LogModuleManager: Shutting down and abandoning module AdvancedPreviewScene (451)
[2018.12.14-06.35.46:684][297]LogModuleManager: Shutting down and abandoning module AnimGraph (449)
[2018.12.14-06.35.46:694][297]LogModuleManager: Shutting down and abandoning module Kismet (446)
[2018.12.14-06.35.46:737][297]LogModuleManager: Shutting down and abandoning module GraphEditor (444)
[2018.12.14-06.35.46:784][297]LogModuleManager: Shutting down and abandoning module ClassViewer (442)
[2018.12.14-06.35.46:784][297]LogModuleManager: Shutting down and abandoning module Toolbox (440)
[2018.12.14-06.35.46:784][297]LogModuleManager: Shutting down and abandoning module ModuleUI (438)
[2018.12.14-06.35.46:797][297]LogModuleManager: Shutting down and abandoning module MovieSceneTools (436)
[2018.12.14-06.35.46:797][297]LogModuleManager: Shutting down and abandoning module OutputLog (434)
[2018.12.14-06.35.46:797][297]LogModuleManager: Shutting down and abandoning module GammaUI (432)
[2018.12.14-06.35.46:808][297]LogModuleManager: Shutting down and abandoning module Documentation (430)
[2018.12.14-06.35.46:808][297]LogModuleManager: Shutting down and abandoning module MovieSceneTracks (428)
[2018.12.14-06.35.46:808][297]LogModuleManager: Shutting down and abandoning module MovieScene (426)
[2018.12.14-06.35.46:825][297]LogModuleManager: Shutting down and abandoning module StreamingPauseRendering (424)
[2018.12.14-06.35.46:836][297]LogModuleManager: Shutting down and abandoning module LauncherPlatform (422)
[2018.12.14-06.35.46:836][297]LogModuleManager: Shutting down and abandoning module AnalyticsET (420)
[2018.12.14-06.35.46:836][297]LogModuleManager: Shutting down and abandoning module PortalServices (418)
[2018.12.14-06.35.46:836][297]LogModuleManager: Shutting down and abandoning module PortalRpc (416)
[2018.12.14-06.35.46:836][297]LogModuleManager: Shutting down and abandoning module MessagingRpc (414)
[2018.12.14-06.35.46:836][297]LogModuleManager: Shutting down and abandoning module AIModule (412)
[2018.12.14-06.35.46:859][297]LogModuleManager: Shutting down and abandoning module GameplayDebugger (411)
[2018.12.14-06.35.46:868][297]LogModuleManager: Shutting down and abandoning module AITestSuite (409)
[2018.12.14-06.35.46:868][297]LogModuleManager: Shutting down and abandoning module NavigationSystem (407)
[2018.12.14-06.35.46:868][297]LogModuleManager: Shutting down and abandoning module DesktopPlatform (404)
[2018.12.14-06.35.46:883][297]LogModuleManager: Shutting down and abandoning module ImageWriteQueue (402)
[2018.12.14-06.35.46:886][297]LogModuleManager: Shutting down and abandoning module ProfilerService (400)
[2018.12.14-06.35.46:895][297]LogModuleManager: Shutting down and abandoning module TaskGraph (398)
[2018.12.14-06.35.46:918][297]LogModuleManager: Shutting down and abandoning module SteamVRController (396)
[2018.12.14-06.35.46:918][297]LogModuleManager: Shutting down and abandoning module ProceduralMeshComponentEditor (394)
[2018.12.14-06.35.46:918][297]LogModuleManager: Shutting down and abandoning module ProceduralMeshComponent (392)
[2018.12.14-06.35.46:929][297]LogModuleManager: Shutting down and abandoning module OculusInput (390)
[2018.12.14-06.35.46:929][297]LogModuleManager: Shutting down and abandoning module MobilePatchingUtils (388)
[2018.12.14-06.35.46:929][297]LogModuleManager: Shutting down and abandoning module EditableMesh (386)
[2018.12.14-06.35.46:938][297]LogModuleManager: Shutting down and abandoning module CustomMeshComponent (384)
[2018.12.14-06.35.46:938][297]LogModuleManager: Shutting down and abandoning module CableComponent (382)
[2018.12.14-06.35.46:950][297]LogModuleManager: Shutting down and abandoning module AudioCapture (380)
[2018.12.14-06.35.46:950][297]LogModuleManager: Shutting down and abandoning module ArchVisCharacter (378)
[2018.12.14-06.35.46:950][297]LogModuleManager: Shutting down and abandoning module AndroidPermission (376)
[2018.12.14-06.35.46:950][297]LogModuleManager: Shutting down and abandoning module NUTUnrealEngine4 (374)
[2018.12.14-06.35.46:956][297]LogModuleManager: Shutting down and abandoning module NetcodeUnitTest (372)
[2018.12.14-06.35.46:975][297]LogModuleManager: Shutting down and abandoning module MediaCompositing (370)
[2018.12.14-06.35.46:975][297]LogModuleManager: Shutting down and abandoning module LinearTimecode (368)
[2018.12.14-06.35.46:975][297]LogModuleManager: Shutting down and abandoning module ImgMedia (366)
[2018.12.14-06.35.46:979][297]LogModuleManager: Shutting down and abandoning module HTML5Networking (364)
[2018.12.14-06.35.46:979][297]LogModuleManager: Shutting down and abandoning module GeometryCacheTracks (362)
[2018.12.14-06.35.46:979][297]LogModuleManager: Shutting down and abandoning module GeometryCacheSequencer (360)
[2018.12.14-06.35.46:979][297]LogModuleManager: Shutting down and abandoning module BackChannel (358)
[2018.12.14-06.35.46:987][297]LogModuleManager: Shutting down and abandoning module AppleVision (356)
[2018.12.14-06.35.46:987][297]LogModuleManager: Shutting down and abandoning module AppleImageUtilsBlueprintSupport (354)
[2018.12.14-06.35.46:987][297]LogModuleManager: Shutting down and abandoning module AppleImageUtils (352)
[2018.12.14-06.35.46:987][297]LogModuleManager: Shutting down and abandoning module AlembicImporter (350)
[2018.12.14-06.35.46:987][297]LogModuleManager: Shutting down and abandoning module AlembicLibrary (349)
[2018.12.14-06.35.46:987][297]LogModuleManager: Shutting down and abandoning module GeometryCache (348)
[2018.12.14-06.35.46:987][297]LogModuleManager: Shutting down and abandoning module GeometryCacheEd (347)
[2018.12.14-06.35.46:987][297]LogModuleManager: Shutting down and abandoning module VariantManagerContent (342)
[2018.12.14-06.35.46:987][297]LogModuleManager: Shutting down and abandoning module DatasmithContentEditor (340)
[2018.12.14-06.35.47:005][297]LogModuleManager: Shutting down and abandoning module SpeedTreeImporter (338)
[2018.12.14-06.35.47:005][297]LogModuleManager: Shutting down and abandoning module PluginBrowser (336)
[2018.12.14-06.35.47:028][297]LogModuleManager: Shutting down and abandoning module MobileLauncherProfileWizard (334)
[2018.12.14-06.35.47:052][297]LogModuleManager: Shutting down and abandoning module PolygonModeling (332)
[2018.12.14-06.35.47:052][297]LogModuleManager: Shutting down and abandoning module MeshEditor (330)
[2018.12.14-06.35.47:068][297]LogModuleManager: Shutting down and abandoning module CryptoKeysOpenSSL (328)
[2018.12.14-06.35.47:079][297]LogModuleManager: Shutting down and abandoning module CryptoKeys (326)
[2018.12.14-06.35.47:079][297]LogModuleManager: Shutting down and abandoning module VisualStudioSourceCodeAccess (324)
[2018.12.14-06.35.47:079][297]LogModuleManager: Shutting down and abandoning module VisualStudioCodeSourceCodeAccess (322)
[2018.12.14-06.35.47:079][297]LogModuleManager: Shutting down and abandoning module UObjectPlugin (320)
[2018.12.14-06.35.47:079][297]LogModuleManager: Shutting down and abandoning module SubversionSourceControl (318)
[2018.12.14-06.35.47:089][297]LogModuleManager: Shutting down and abandoning module PerforceSourceControl (316)
[2018.12.14-06.35.47:146][297]LogModuleManager: Shutting down and abandoning module GitSourceControl (314)
[2018.12.14-06.35.47:174][297]LogModuleManager: Shutting down and abandoning module SourceControl (313)
[2018.12.14-06.35.47:174][297]LogModuleManager: Shutting down and abandoning module CLionSourceCodeAccess (310)
[2018.12.14-06.35.47:183][297]LogModuleManager: Shutting down and abandoning module ActorLayerUtilitiesEditor (308)
[2018.12.14-06.35.47:183][297]LogModuleManager: Shutting down and abandoning module ActorLayerUtilities (306)
[2018.12.14-06.35.47:183][297]LogModuleManager: Shutting down and abandoning module LightPropagationVolumeEditor (304)
[2018.12.14-06.35.47:183][297]LogModuleManager: Shutting down and abandoning module PaperTiledImporter (302)
[2018.12.14-06.35.47:183][297]LogModuleManager: Shutting down and abandoning module PaperSpriteSheetImporter (300)
[2018.12.14-06.35.47:197][297]LogModuleManager: Shutting down and abandoning module Paper2DEditor (298)
[2018.12.14-06.35.47:234][297]LogModuleManager: Shutting down and abandoning module MeshPaint (297)
[2018.12.14-06.35.47:247][297]LogModuleManager: Shutting down and abandoning module RuntimePhysXCooking (294)
[2018.12.14-06.35.47:247][297]LogModuleManager: Shutting down and abandoning module PhysXVehiclesEditor (292)
[2018.12.14-06.35.47:247][297]LogModuleManager: Shutting down and abandoning module PhysXVehicles (290)
[2018.12.14-06.35.47:247][297]LogModuleManager: Shutting down and abandoning module OculusEditor (288)
[2018.12.14-06.35.47:262][297]LogModuleManager: Shutting down and abandoning module LocationServicesBPLibrary (286)
[2018.12.14-06.35.47:262][297]LogModuleManager: Shutting down and abandoning module ActorSequence (284)
[2018.12.14-06.35.47:262][297]LogModuleManager: Shutting down and abandoning module UdpMessaging (282)
[2018.12.14-06.35.47:363][297]LogModuleManager: Shutting down and abandoning module TcpMessaging (280)
[2018.12.14-06.35.47:479][297]LogModuleManager: Shutting down and abandoning module MagicLeapAudio (278)
[2018.12.14-06.35.47:479][297]LogModuleManager: Shutting down and abandoning module GameplayTagsEditor (276)
[2018.12.14-06.35.47:479][297]LogModuleManager: Shutting down and abandoning module FacialAnimationEditor (274)
[2018.12.14-06.35.47:479][297]LogModuleManager: Shutting down and abandoning module FacialAnimation (272)
[2018.12.14-06.35.47:479][297]LogModuleManager: Shutting down and abandoning module DataValidation (270)
[2018.12.14-06.35.47:479][297]LogModuleManager: Shutting down and abandoning module AssetManagerEditor (268)
[2018.12.14-06.35.47:495][297]LogModuleManager: Shutting down and abandoning module LevelEditor (267)
[2018.12.14-06.35.47:505][297]LogModuleManager: Shutting down and abandoning module PixelInspectorModule (266)
[2018.12.14-06.35.47:532][297]LogModuleManager: Shutting down and abandoning module CommonMenuExtensions (264)
[2018.12.14-06.35.47:533][297]LogModuleManager: Shutting down and abandoning module MainFrame (262)
[2018.12.14-06.35.47:533][297]LogModuleManager: Shutting down and abandoning module HotReload (261)
[2018.12.14-06.35.47:547][297]LogModuleManager: Shutting down and abandoning module ContentBrowser (257)
[2018.12.14-06.35.47:549][297]LogModuleManager: Shutting down and abandoning module TreeMap (255)
[2018.12.14-06.35.47:562][297]LogModuleManager: Shutting down and abandoning module LightPropagationVolumeRuntime (252)
[2018.12.14-06.35.47:562][297]LogModuleManager: Shutting down and abandoning module AISupportModule (250)
[2018.12.14-06.35.47:562][297]LogModuleManager: Shutting down and abandoning module Paper2D (248)
[2018.12.14-06.35.47:579][297]LogModuleManager: Shutting down and abandoning module WindowsMoviePlayer (246)
[2018.12.14-06.35.47:592][297]LogModuleManager: Shutting down and abandoning module WebMMoviePlayer (244)
[2018.12.14-06.35.47:592][297]LogModuleManager: Shutting down and abandoning module WmfMedia (242)
[2018.12.14-06.35.47:602][297]LogModuleManager: Shutting down and abandoning module Media (241)
[2018.12.14-06.35.47:608][297]LogModuleManager: Shutting down and abandoning module PacketHandler (238)
[2018.12.14-06.35.47:608][297]LogModuleManager: Shutting down and abandoning module ClothingSystemEditor (236)
[2018.12.14-06.35.47:608][297]LogModuleManager: Shutting down and abandoning module ClothingSystemRuntime (234)
[2018.12.14-06.35.47:630][297]LogModuleManager: Shutting down and abandoning module MediaAssets (232)
[2018.12.14-06.35.47:630][297]LogModuleManager: Shutting down and abandoning module Overlay (230)
[2018.12.14-06.35.47:630][297]LogModuleManager: Shutting down and abandoning module OverlayEditor (229)
[2018.12.14-06.35.47:630][297]LogModuleManager: Shutting down and abandoning module VREditor (226)
[2018.12.14-06.35.47:658][297]LogModuleManager: Shutting down and abandoning module StringTableEditor (224)
[2018.12.14-06.35.47:674][297]LogModuleManager: Shutting down and abandoning module GameplayTasksEditor (222)
[2018.12.14-06.35.47:674][297]LogModuleManager: Shutting down and abandoning module BehaviorTreeEditor (220)
[2018.12.14-06.35.47:719][297]LogModuleManager: Shutting down and abandoning module FunctionalTesting (218)
[2018.12.14-06.35.47:734][297]LogModuleManager: Shutting down and abandoning module CollisionAnalyzer (216)
[2018.12.14-06.35.47:752][297]LogModuleManager: Shutting down and abandoning module WorkspaceMenuStructure (215)
[2018.12.14-06.35.47:753][297]LogModuleManager: Shutting down and abandoning module UMG (212)
[2018.12.14-06.35.47:771][297]LogModuleManager: Shutting down and abandoning module UMGEditor (211)
[2018.12.14-06.35.47:791][297]LogModuleManager: Shutting down and abandoning module Sequencer (210)
[2018.12.14-06.35.47:841][297]LogModuleManager: Shutting down and abandoning module MessageLog (207)
[2018.12.14-06.35.47:841][297]LogModuleManager: Shutting down and abandoning module SlateReflector (202)
[2018.12.14-06.35.47:886][297]LogModuleManager: Shutting down and abandoning module Slate (200)
[2018.12.14-06.35.47:886][297]LogModuleManager: Shutting down and abandoning module EditorStyle (198)
[2018.12.14-06.35.47:887][297]LogModuleManager: Shutting down and abandoning module MRMesh (196)
[2018.12.14-06.35.47:898][297]LogModuleManager: Shutting down and abandoning module SourceCodeAccess (194)
[2018.12.14-06.35.47:898][297]LogModuleManager: Shutting down and abandoning module HeadMountedDisplay (192)
[2018.12.14-06.35.47:898][297]LogModuleManager: Shutting down and abandoning module XAudio2 (190)
[2018.12.14-06.35.47:898][297]LogModuleManager: Shutting down and abandoning module Networking (188)
[2018.12.14-06.35.47:898][297]LogModuleManager: Shutting down and abandoning module Core (186)
[2018.12.14-06.35.47:898][297]LogModuleManager: Shutting down and abandoning module LevelSequence (184)
[2018.12.14-06.35.47:898][297]LogModuleManager: Shutting down and abandoning module KismetCompiler (182)
[2018.12.14-06.35.47:898][297]LogModuleManager: Shutting down and abandoning module MeshUtilities (180)
[2018.12.14-06.35.47:914][297]LogModuleManager: Shutting down and abandoning module MeshMergeUtilities (179)
[2018.12.14-06.35.47:934][297]LogModuleManager: Shutting down and abandoning module MeshReductionInterface (178)
[2018.12.14-06.35.47:934][297]LogModuleManager: Shutting down and abandoning module SimplygonSwarm (177)
[2018.12.14-06.35.47:948][297]LogModuleManager: Shutting down and abandoning module ProxyLODMeshReduction (175)
[2018.12.14-06.35.47:970][297]LogModuleManager: Shutting down and abandoning module SimplygonMeshReduction (173)
[2018.12.14-06.35.47:970][297]LogModuleManager: Shutting down and abandoning module QuadricMeshReduction (171)
[2018.12.14-06.35.47:979][297]LogModuleManager: Shutting down and abandoning module MaterialBaking (167)
[2018.12.14-06.35.47:989][297]LogModuleManager: Shutting down and abandoning module DirectoryWatcher (163)
[2018.12.14-06.35.47:989][297]LogModuleManager: Shutting down and abandoning module DerivedDataCache (160)
[2018.12.14-06.35.48:016][297]LogDerivedDataCache: Shutdown
[2018.12.14-06.35.48:016][297]LogModuleManager: Shutting down and abandoning module XGEController (158)
[2018.12.14-06.35.48:028][297]LogModuleManager: Shutting down and abandoning module TargetPlatform (156)
[2018.12.14-06.35.48:028][297]LogModuleManager: Shutting down and abandoning module VulkanShaderFormat (155)
[2018.12.14-06.35.48:045][297]LogModuleManager: Shutting down and abandoning module ShaderFormatVectorVM (153)
[2018.12.14-06.35.48:054][297]LogModuleManager: Shutting down and abandoning module ShaderFormatOpenGL (151)
[2018.12.14-06.35.48:060][297]LogModuleManager: Shutting down and abandoning module ShaderFormatD3D (149)
[2018.12.14-06.35.48:060][297]LogModuleManager: Shutting down and abandoning module MetalShaderFormat (147)
[2018.12.14-06.35.48:083][297]LogModuleManager: Shutting down and abandoning module TextureFormatUncompressed (145)
[2018.12.14-06.35.48:083][297]LogModuleManager: Shutting down and abandoning module TextureFormatPVR (143)
[2018.12.14-06.35.48:084][297]LogModuleManager: Shutting down and abandoning module TextureFormatDXT (141)
[2018.12.14-06.35.48:099][297]LogModuleManager: Shutting down and abandoning module TextureFormatIntelISPCTexComp (139)
[2018.12.14-06.35.48:109][297]LogModuleManager: Shutting down and abandoning module TextureFormatASTC (137)
[2018.12.14-06.35.48:109][297]LogModuleManager: Shutting down and abandoning module ImageWrapper (136)
[2018.12.14-06.35.48:109][297]LogModuleManager: Shutting down and abandoning module TextureFormatAndroid (133)
[2018.12.14-06.35.48:109][297]LogModuleManager: Shutting down and abandoning module AudioFormatOpus (131)
[2018.12.14-06.35.48:109][297]LogModuleManager: Shutting down and abandoning module AudioFormatOgg (129)
[2018.12.14-06.35.48:109][297]LogModuleManager: Shutting down and abandoning module AudioFormatADPCM (127)
[2018.12.14-06.35.48:109][297]LogModuleManager: Shutting down and abandoning module LuminTargetPlatform (125)
[2018.12.14-06.35.48:118][297]LogModuleManager: Shutting down and abandoning module LinuxTargetPlatform (123)
[2018.12.14-06.35.48:119][297]LogModuleManager: Shutting down and abandoning module LinuxServerTargetPlatform (121)
[2018.12.14-06.35.48:119][297]LogModuleManager: Shutting down and abandoning module LinuxNoEditorTargetPlatform (119)
[2018.12.14-06.35.48:119][297]LogModuleManager: Shutting down and abandoning module LinuxClientTargetPlatform (117)
[2018.12.14-06.35.48:119][297]LogModuleManager: Shutting down and abandoning module TVOSTargetPlatform (115)
[2018.12.14-06.35.48:128][297]LogModuleManager: Shutting down and abandoning module Messaging (113)
[2018.12.14-06.35.48:128][297]LogModuleManager: Shutting down and abandoning module IOSTargetPlatform (111)
[2018.12.14-06.35.48:129][297]LogModuleManager: Shutting down and abandoning module HTML5TargetPlatform (109)
[2018.12.14-06.35.48:129][297]LogModuleManager: Shutting down and abandoning module AndroidTargetPlatform (107)
[2018.12.14-06.35.48:138][297]LogModuleManager: Shutting down and abandoning module WindowsTargetPlatform (105)
[2018.12.14-06.35.48:138][297]LogModuleManager: Shutting down and abandoning module WindowsServerTargetPlatform (103)
[2018.12.14-06.35.48:138][297]LogModuleManager: Shutting down and abandoning module WindowsNoEditorTargetPlatform (101)
[2018.12.14-06.35.48:138][297]LogModuleManager: Shutting down and abandoning module WindowsClientTargetPlatform (99)
[2018.12.14-06.35.48:138][297]LogModuleManager: Shutting down and abandoning module MacTargetPlatform (97)
[2018.12.14-06.35.48:138][297]LogModuleManager: Shutting down and abandoning module MacServerTargetPlatform (95)
[2018.12.14-06.35.48:138][297]LogModuleManager: Shutting down and abandoning module MacNoEditorTargetPlatform (93)
[2018.12.14-06.35.48:138][297]LogModuleManager: Shutting down and abandoning module MacClientTargetPlatform (91)
[2018.12.14-06.35.48:138][297]LogModuleManager: Shutting down and abandoning module AllDesktopTargetPlatform (89)
[2018.12.14-06.35.48:138][297]LogModuleManager: Shutting down and abandoning module InputCore (86)
[2018.12.14-06.35.48:138][297]LogModuleManager: Shutting down and abandoning module Settings (84)
[2018.12.14-06.35.48:138][297]LogModuleManager: Shutting down and abandoning module PhysXCooking (82)
[2018.12.14-06.35.48:138][297]LogModuleManager: Shutting down and abandoning module SteamVR (80)
[2018.12.14-06.35.48:156][297]LogHMD: Freeing OpenVRDLLHandle.
[2018.12.14-06.35.48:156][297]LogModuleManager: Shutting down and abandoning module OculusHMD (78)
[2018.12.14-06.35.48:164][297]LogModuleManager: Shutting down and abandoning module ExampleDeviceProfileSelector (76)
[2018.12.14-06.35.48:164][297]LogModuleManager: Shutting down and abandoning module LauncherChunkInstaller (74)
[2018.12.14-06.35.48:164][297]LogModuleManager: Shutting down and abandoning module OnlineBlueprintSupport (72)
[2018.12.14-06.35.48:164][297]LogModuleManager: Shutting down and abandoning module OnlineSubsystem (68)
[2018.12.14-06.35.48:185][297]LogModuleManager: Shutting down and abandoning module XMPP (63)
[2018.12.14-06.35.48:232][297]LogModuleManager: Shutting down and abandoning module WebSockets (62)
[2018.12.14-06.35.48:287][297]LogModuleManager: Shutting down and abandoning module HTTP (59)
[2018.12.14-06.35.48:287][297]LogHttp: Display: Http module shutting down, but needs to wait on 1 outstanding Http requests:
[2018.12.14-06.35.48:287][297]LogHttp: Display: 	verb=[POST] url=[https://datarouter.ol.epicgames.com/datarouter/api/v1/public/data?SessionID=%7B4CEBD0AC-4A25-C0A4-1DD0-46B4D3B2EC98%7D&AppID=UEEditor.Rocket.Release&AppVersion=4.21.1-4613538%2B%2B%2BUE4%2BRelease-4.21&UserID=a2af95544f0938fc35241bbea866488e%7C4a680e3ea4b04fcfb5b075835c5b546b%7Cd27101be-b892-4db8-97d0-a064c037c236&AppEnvironment=datacollector-binary&UploadType=eteventstream] status=Processing
[2018.12.14-06.35.48:308][297]LogModuleManager: Shutting down and abandoning module SSL (58)
[2018.12.14-06.35.48:311][297]LogModuleManager: Shutting down and abandoning module MagicLeapIdentity (54)
[2018.12.14-06.35.48:311][297]LogModuleManager: Shutting down and abandoning module MagicLeapHelperVulkan (52)
[2018.12.14-06.35.48:311][297]LogModuleManager: Shutting down and abandoning module MagicLeapHelperOpenGL (50)
[2018.12.14-06.35.48:311][297]LogModuleManager: Shutting down and abandoning module MagicLeapSecureStorage (48)
[2018.12.14-06.35.48:311][297]LogModuleManager: Shutting down and abandoning module MagicLeapHandTracking (46)
[2018.12.14-06.35.48:311][297]LogModuleManager: Shutting down and abandoning module MagicLeapEyeTracker (44)
[2018.12.14-06.35.48:311][297]LogModuleManager: Shutting down and abandoning module MagicLeapController (42)
[2018.12.14-06.35.48:311][297]LogSlate: Slate User Destroyed.  User Index 0, Is Virtual User: 0
[2018.12.14-06.35.48:311][297]LogModuleManager: Shutting down and abandoning module MagicLeap (40)
[2018.12.14-06.35.48:330][297]LogModuleManager: Shutting down and abandoning module DatasmithContent (38)
[2018.12.14-06.35.48:331][297]LogModuleManager: Shutting down and abandoning module AnimationModifiers (36)
[2018.12.14-06.35.48:354][297]LogModuleManager: Shutting down and abandoning module PropertyEditor (35)
[2018.12.14-06.35.48:362][297]LogModuleManager: Shutting down and abandoning module AudioEditor (32)
[2018.12.14-06.35.48:392][297]LogModuleManager: Shutting down and abandoning module TextureCompressor (30)
[2018.12.14-06.35.48:405][297]LogModuleManager: Shutting down and abandoning module ShaderCore (28)
[2018.12.14-06.35.48:405][297]LogModuleManager: Shutting down and abandoning module Landscape (26)
[2018.12.14-06.35.48:405][297]LogModuleManager: Shutting down and abandoning module SlateRHIRenderer (24)
[2018.12.14-06.35.48:428][297]LogModuleManager: Shutting down and abandoning module OpenGLDrv (22)
[2018.12.14-06.35.48:447][297]LogModuleManager: Shutting down and abandoning module D3D11RHI (20)
[2018.12.14-06.35.48:447][297]LogModuleManager: Shutting down and abandoning module AnimGraphRuntime (18)
[2018.12.14-06.35.48:452][297]LogModuleManager: Shutting down and abandoning module Renderer (16)
[2018.12.14-06.35.48:452][297]LogModuleManager: Shutting down and abandoning module Engine (14)
[2018.12.14-06.35.48:452][297]LogModuleManager: Shutting down and abandoning module CoreUObject (12)
[2018.12.14-06.35.48:452][297]LogModuleManager: Shutting down and abandoning module NetworkFile (10)
[2018.12.14-06.35.48:471][297]LogModuleManager: Shutting down and abandoning module CookedIterativeFile (8)
[2018.12.14-06.35.48:471][297]LogModuleManager: Shutting down and abandoning module StreamingFile (6)
[2018.12.14-06.35.48:481][297]LogModuleManager: Shutting down and abandoning module SandboxFile (4)
[2018.12.14-06.35.48:481][297]LogModuleManager: Shutting down and abandoning module PakFile (2)
[2018.12.14-06.35.48:520][297]LogExit: Exiting.
[2018.12.14-06.35.48:529][297]Log file closed, 12/14/18 00:35:48
