Log file open, 12/19/18 11:45:03
LogWindows: Failed to load 'aqProf.dll' (GetLastError=126)
LogWindows: File 'aqProf.dll' does not exist
LogWindows: Failed to load 'VtuneApi.dll' (GetLastError=126)
LogWindows: File 'VtuneApi.dll' does not exist
LogWindows: Failed to load 'VtuneApi32e.dll' (GetLastError=126)
LogWindows: File 'VtuneApi32e.dll' does not exist
LogConsoleResponse: Display: Failed to find resolution value strings in scalability ini. Falling back to default.
LogInit: Display: Running engine for game: FrameworkTemplate
LogPakFile: Registered encryption key '00000000000000000000000000000000': 0 pak files mounted, 0 remain pending
LogPlatformFile: Not using cached read wrapper
LogTaskGraph: Started task graph with 5 named threads and 23 total threads with 3 sets of task threads.
LogStats: Stats thread started at 0.317597
LogD3D11RHI: Loaded GFSDK_Aftermath_Lib.x64.dll
LogICUInternationalization: ICU TimeZone Detection - Raw Offset: -6:00, Platform Override: ''
LogPluginManager: Mounting plugin Paper2D
LogPluginManager: Mounting plugin AISupport
LogPluginManager: Mounting plugin LightPropagationVolume
LogPluginManager: Mounting plugin ActorLayerUtilities
LogPluginManager: Mounting plugin CLionSourceCodeAccess
LogPluginManager: Mounting plugin CodeLiteSourceCodeAccess
LogPluginManager: Mounting plugin GitSourceControl
LogPluginManager: Mounting plugin KDevelopSourceCodeAccess
LogPluginManager: Mounting plugin NullSourceCodeAccess
LogPluginManager: Mounting plugin PerforceSourceControl
LogPluginManager: Mounting plugin SubversionSourceControl
LogPluginManager: Mounting plugin UObjectPlugin
LogPluginManager: Mounting plugin VisualStudioCodeSourceCodeAccess
LogPluginManager: Mounting plugin VisualStudioSourceCodeAccess
LogPluginManager: Mounting plugin XCodeSourceCodeAccess
LogPluginManager: Mounting plugin AssetManagerEditor
LogPluginManager: Mounting plugin CryptoKeys
LogPluginManager: Mounting plugin DataValidation
LogPluginManager: Mounting plugin FacialAnimation
LogPluginManager: Mounting plugin GameplayTagsEditor
LogPluginManager: Mounting plugin MacGraphicsSwitching
LogPluginManager: Mounting plugin MeshEditor
LogPluginManager: Mounting plugin MobileLauncherProfileWizard
LogPluginManager: Mounting plugin PluginBrowser
LogPluginManager: Mounting plugin SpeedTreeImporter
LogPluginManager: Mounting plugin DatasmithContent
LogPluginManager: Mounting plugin VariantManagerContent
LogPluginManager: Mounting plugin AlembicImporter
LogPluginManager: Mounting plugin AppleImageUtils
LogPluginManager: Mounting plugin AppleVision
LogPluginManager: Mounting plugin BackChannel
LogPluginManager: Mounting plugin CharacterAI
LogPluginManager: Mounting plugin GeometryCache
LogPluginManager: Mounting plugin HTML5Networking
LogPluginManager: Mounting plugin ProxyLODPlugin
LogPluginManager: Mounting plugin MagicLeap
LogPluginManager: Mounting plugin MagicLeapMedia
LogPluginManager: Mounting plugin AndroidMedia
LogPluginManager: Mounting plugin AvfMedia
LogPluginManager: Mounting plugin ImgMedia
LogPluginManager: Mounting plugin LinearTimecode
LogPluginManager: Mounting plugin MediaCompositing
LogPluginManager: Mounting plugin MediaPlayerEditor
LogPluginManager: Mounting plugin WebMMedia
LogPluginManager: Mounting plugin WmfMedia
LogPluginManager: Mounting plugin TcpMessaging
LogPluginManager: Mounting plugin UdpMessaging
LogPluginManager: Mounting plugin ActorSequence
LogPluginManager: Mounting plugin LevelSequenceEditor
LogPluginManager: Mounting plugin MatineeToLevelSequence
LogPluginManager: Mounting plugin NetcodeUnitTest
LogPluginManager: Mounting plugin NUTUnrealEngine4
LogPluginManager: Mounting plugin OnlineSubsystemGooglePlay
LogPluginManager: Mounting plugin OnlineSubsystemIOS
LogPluginManager: Mounting plugin OnlineSubsystem
LogPluginManager: Mounting plugin OnlineSubsystemNull
LogPluginManager: Mounting plugin OnlineSubsystemUtils
LogPluginManager: Mounting plugin LauncherChunkInstaller
LogPluginManager: Mounting plugin AndroidDeviceProfileSelector
LogPluginManager: Mounting plugin AndroidMoviePlayer
LogPluginManager: Mounting plugin AndroidPermission
LogPluginManager: Mounting plugin AppleMoviePlayer
LogPluginManager: Mounting plugin ArchVisCharacter
LogPluginManager: Mounting plugin AudioCapture
LogPluginManager: Mounting plugin CableComponent
LogPluginManager: Mounting plugin CustomMeshComponent
LogPluginManager: Mounting plugin EditableMesh
LogPluginManager: Mounting plugin ExampleDeviceProfileSelector
LogPluginManager: Mounting plugin Firebase
LogPluginManager: Mounting plugin GoogleCloudMessaging
LogPluginManager: Mounting plugin IOSDeviceProfileSelector
LogPluginManager: Mounting plugin LinuxDeviceProfileSelector
LogPluginManager: Mounting plugin LocationServicesBPLibrary
LogPluginManager: Mounting plugin MobilePatchingUtils
LogPluginManager: Mounting plugin OculusVR
LogPluginManager: Mounting plugin PhysXVehicles
LogPluginManager: Mounting plugin ProceduralMeshComponent
LogPluginManager: Mounting plugin RuntimePhysXCooking
LogPluginManager: Mounting plugin SteamVR
LogPluginManager: Mounting plugin WebMMoviePlayer
LogPluginManager: Mounting plugin WindowsMoviePlayer
LogStreaming: Display: Took  0.157s to configure plugins.
LogInit: Using libcurl 7.55.1-DEV
LogInit:  - built for x86_64-pc-win32
LogInit:  - supports SSL with OpenSSL/1.0.2h
LogInit:  - supports HTTP deflate (compression) using libz 1.2.8
LogInit:  - other features:
LogInit:      CURL_VERSION_SSL
LogInit:      CURL_VERSION_LIBZ
LogInit:      CURL_VERSION_IPV6
LogInit:      CURL_VERSION_ASYNCHDNS
LogInit:      CURL_VERSION_LARGEFILE
LogInit:      CURL_VERSION_IDN
LogInit:  CurlRequestOptions (configurable via config and command line):
LogInit:  - bVerifyPeer = true  - Libcurl will verify peer certificate
LogInit:  - bUseHttpProxy = false  - Libcurl will NOT use HTTP proxy
LogInit:  - bDontReuseConnections = false  - Libcurl will reuse connections
LogInit:  - MaxHostConnections = 16  - Libcurl will limit the number of connections to a host
LogInit:  - LocalHostAddr = Default
LogInit:  - BufferSize = 65536
LogInit: WinSock: version 1.1 (2.2), MaxSocks=32767, MaxUdp=65467
LogInit: Build: ++UE4+Release-4.21-CL-4613538
LogInit: Engine Version: 4.21.1-4613538+++UE4+Release-4.21
LogInit: Compatible Engine Version: 4.21.0-4541578+++UE4+Release-4.21
LogInit: Net CL: 4541578
LogInit: OS: Windows 10 (), CPU: Intel(R) Core(TM) i7-4790K CPU @ 4.00GHz, GPU: NVIDIA GeForce GTX 1070
LogInit: Compiled (64-bit): Nov 30 2018 04:13:25
LogInit: Compiled with Visual C++: 19.13.26129.00
LogInit: Build Configuration: Development
LogInit: Branch Name: ++UE4+Release-4.21
LogInit: Command Line: 
LogInit: Base Directory: A:/Game Design/UE4/Epic Games/UE_4.21/Engine/Binaries/Win64/
LogInit: Installed Engine Build: 1
LogDevObjectVersion: Number of dev versions registered: 22
LogDevObjectVersion:   Dev-Blueprints (B0D832E4-1F89-4F0D-ACCF-7EB736FD4AA2): 10
LogDevObjectVersion:   Dev-Build (E1C64328-A22C-4D53-A36C-8E866417BD8C): 0
LogDevObjectVersion:   Dev-Core (375EC13C-06E4-48FB-B500-84F0262A717E): 2
LogDevObjectVersion:   Dev-Editor (E4B068ED-F494-42E9-A231-DA0B2E46BB41): 26
LogDevObjectVersion:   Dev-Framework (CFFC743F-43B0-4480-9391-14DF171D2073): 34
LogDevObjectVersion:   Dev-Mobile (B02B49B5-BB20-44E9-A304-32B752E40360): 2
LogDevObjectVersion:   Dev-Networking (A4E4105C-59A1-49B5-A7C5-40C4547EDFEE): 0
LogDevObjectVersion:   Dev-Online (39C831C9-5AE6-47DC-9A44-9C173E1C8E7C): 0
LogDevObjectVersion:   Dev-Physics (78F01B33-EBEA-4F98-B9B4-84EACCB95AA2): 0
LogDevObjectVersion:   Dev-Platform (6631380F-2D4D-43E0-8009-CF276956A95A): 0
LogDevObjectVersion:   Dev-Rendering (12F88B9F-8875-4AFC-A67C-D90C383ABD29): 27
LogDevObjectVersion:   Dev-Sequencer (7B5AE74C-D270-4C10-A958-57980B212A5A): 9
LogDevObjectVersion:   Dev-VR (D7296918-1DD6-4BDD-9DE2-64A83CC13884): 2
LogDevObjectVersion:   Dev-LoadTimes (C2A15278-BFE7-4AFE-6C17-90FF531DF755): 1
LogDevObjectVersion:   Private-Geometry (6EACA3D4-40EC-4CC1-B786-8BED09428FC5): 3
LogDevObjectVersion:   Dev-AnimPhys (29E575DD-E0A3-4627-9D10-D276232CDCEA): 17
LogDevObjectVersion:   Dev-Anim (AF43A65D-7FD3-4947-9873-3E8ED9C1BB05): 2
LogDevObjectVersion:   Dev-ReflectionCapture (6B266CEC-1EC7-4B8F-A30B-E4D90942FC07): 1
LogDevObjectVersion:   Dev-Automation (0DF73D61-A23F-47EA-B727-89E90C41499A): 1
LogDevObjectVersion:   FortniteMain (601D1886-AC64-4F84-AA16-D3DE0DEAC7D6): 17
LogDevObjectVersion:   Dev-Enterprise (9DFFBCD6-494F-0158-E221-12823C92A888): 4
LogDevObjectVersion:   Dev-Niagara (F2AED0AC-9AFE-416F-8664-AA7FFA26D6FC): 1
LogStreaming: Display: Took  0.001s to delete old logs.
LogInit: Presizing for max 8388607 objects, including 0 objects not considered by GC, pre-allocating 0 bytes for permanent pool.
LogInit: Object subsystem initialized
LogConfig: Setting CVar [[con.DebugEarlyDefault:1]]
LogConfig: Setting CVar [[r.setres:1280x720]]
[2018.12.19-17.45.04:007][  0]LogConfig: Setting CVar [[r.VSync:0]]
[2018.12.19-17.45.04:007][  0]LogConfig: Setting CVar [[r.RHICmdBypass:0]]
[2018.12.19-17.45.04:007][  0]LogConfig: Applying CVar settings from Section [/Script/Engine.RendererSettings] File [A:/GIT/FrameworkTemplate/FrameworkTemplate/Saved/Config/Windows/Engine.ini]
[2018.12.19-17.45.04:007][  0]LogConfig: Setting CVar [[r.GPUCrashDebugging:0]]
[2018.12.19-17.45.04:007][  0]LogConfig: Setting CVar [[r.GenerateMeshDistanceFields:1]]
[2018.12.19-17.45.04:007][  0]LogConfig: Setting CVar [[r.TemporalAA.Upsampling:1]]
[2018.12.19-17.45.04:007][  0]LogConfig: Setting CVar [[r.DefaultFeature.LightUnits:2]]
[2018.12.19-17.45.04:007][  0]LogConfig: Setting CVar [[r.DefaultFeature.MotionBlur:0]]
[2018.12.19-17.45.04:007][  0]LogConfig: Setting CVar [[r.ReflectionCaptureResolution:512]]
[2018.12.19-17.45.04:007][  0]LogConfig: Applying CVar settings from Section [/Script/Engine.RendererOverrideSettings] File [A:/GIT/FrameworkTemplate/FrameworkTemplate/Saved/Config/Windows/Engine.ini]
[2018.12.19-17.45.04:007][  0]LogConfig: Applying CVar settings from Section [/Script/Engine.StreamingSettings] File [A:/GIT/FrameworkTemplate/FrameworkTemplate/Saved/Config/Windows/Engine.ini]
[2018.12.19-17.45.04:007][  0]LogConfig: Setting CVar [[s.MinBulkDataSizeForAsyncLoading:131072]]
[2018.12.19-17.45.04:007][  0]LogConfig: Setting CVar [[s.AsyncLoadingThreadEnabled:0]]
[2018.12.19-17.45.04:007][  0]LogConfig: Setting CVar [[s.EventDrivenLoaderEnabled:1]]
[2018.12.19-17.45.04:007][  0]LogConfig: Setting CVar [[s.WarnIfTimeLimitExceeded:0]]
[2018.12.19-17.45.04:008][  0]LogConfig: Setting CVar [[s.TimeLimitExceededMultiplier:1.5]]
[2018.12.19-17.45.04:008][  0]LogConfig: Setting CVar [[s.TimeLimitExceededMinTime:0.005]]
[2018.12.19-17.45.04:008][  0]LogConfig: Setting CVar [[s.UseBackgroundLevelStreaming:1]]
[2018.12.19-17.45.04:008][  0]LogConfig: Setting CVar [[s.PriorityAsyncLoadingExtraTime:15.0]]
[2018.12.19-17.45.04:008][  0]LogConfig: Setting CVar [[s.LevelStreamingActorsUpdateTimeLimit:5.0]]
[2018.12.19-17.45.04:008][  0]LogConfig: Setting CVar [[s.PriorityLevelStreamingActorsUpdateExtraTime:5.0]]
[2018.12.19-17.45.04:008][  0]LogConfig: Setting CVar [[s.LevelStreamingComponentsRegistrationGranularity:10]]
[2018.12.19-17.45.04:008][  0]LogConfig: Setting CVar [[s.UnregisterComponentsTimeLimit:1.0]]
[2018.12.19-17.45.04:008][  0]LogConfig: Setting CVar [[s.LevelStreamingComponentsUnregistrationGranularity:5]]
[2018.12.19-17.45.04:008][  0]LogConfig: Applying CVar settings from Section [/Script/Engine.GarbageCollectionSettings] File [A:/GIT/FrameworkTemplate/FrameworkTemplate/Saved/Config/Windows/Engine.ini]
[2018.12.19-17.45.04:008][  0]LogConfig: Setting CVar [[gc.MaxObjectsNotConsideredByGC:1]]
[2018.12.19-17.45.04:008][  0]LogConfig: Setting CVar [[gc.SizeOfPermanentObjectPool:0]]
[2018.12.19-17.45.04:008][  0]LogConfig: Setting CVar [[gc.FlushStreamingOnGC:0]]
[2018.12.19-17.45.04:008][  0]LogConfig: Setting CVar [[gc.NumRetriesBeforeForcingGC:10]]
[2018.12.19-17.45.04:008][  0]LogConfig: Setting CVar [[gc.AllowParallelGC:1]]
[2018.12.19-17.45.04:008][  0]LogConfig: Setting CVar [[gc.TimeBetweenPurgingPendingKillObjects:61.1]]
[2018.12.19-17.45.04:008][  0]LogConfig: Setting CVar [[gc.MaxObjectsInEditor:8388607]]
[2018.12.19-17.45.04:008][  0]LogConfig: Setting CVar [[gc.IncrementalBeginDestroyEnabled:1]]
[2018.12.19-17.45.04:008][  0]LogConfig: Setting CVar [[gc.CreateGCClusters:1]]
[2018.12.19-17.45.04:008][  0]LogConfig: Setting CVar [[gc.MergeGCClusters:0]]
[2018.12.19-17.45.04:008][  0]LogConfig: Setting CVar [[gc.MinGCClusterSize:5]]
[2018.12.19-17.45.04:008][  0]LogConfig: Setting CVar [[gc.ActorClusteringEnabled:0]]
[2018.12.19-17.45.04:008][  0]LogConfig: Setting CVar [[gc.BlueprintClusteringEnabled:0]]
[2018.12.19-17.45.04:008][  0]LogConfig: Setting CVar [[gc.UseDisregardForGCOnDedicatedServers:0]]
[2018.12.19-17.45.04:008][  0]LogConfig: Applying CVar settings from Section [/Script/Engine.NetworkSettings] File [A:/GIT/FrameworkTemplate/FrameworkTemplate/Saved/Config/Windows/Engine.ini]
[2018.12.19-17.45.04:008][  0]LogConfig: Applying CVar settings from Section [/Script/UnrealEd.CookerSettings] File [A:/GIT/FrameworkTemplate/FrameworkTemplate/Saved/Config/Windows/Engine.ini]
[2018.12.19-17.45.04:027][  0]LogConfig: Applying CVar settings from Section [ViewDistanceQuality@3] File [A:/GIT/FrameworkTemplate/FrameworkTemplate/Saved/Config/Windows/Scalability.ini]
[2018.12.19-17.45.04:027][  0]LogConfig: Setting CVar [[r.SkeletalMeshLODBias:0]]
[2018.12.19-17.45.04:027][  0]LogConfig: Setting CVar [[r.ViewDistanceScale:1.0]]
[2018.12.19-17.45.04:027][  0]LogConfig: Applying CVar settings from Section [AntiAliasingQuality@3] File [A:/GIT/FrameworkTemplate/FrameworkTemplate/Saved/Config/Windows/Scalability.ini]
[2018.12.19-17.45.04:027][  0]LogConfig: Setting CVar [[r.PostProcessAAQuality:4]]
[2018.12.19-17.45.04:027][  0]LogConfig: Applying CVar settings from Section [ShadowQuality@3] File [A:/GIT/FrameworkTemplate/FrameworkTemplate/Saved/Config/Windows/Scalability.ini]
[2018.12.19-17.45.04:027][  0]LogConfig: Setting CVar [[r.LightFunctionQuality:1]]
[2018.12.19-17.45.04:027][  0]LogConfig: Setting CVar [[r.ShadowQuality:5]]
[2018.12.19-17.45.04:027][  0]LogConfig: Setting CVar [[r.Shadow.CSM.MaxCascades:10]]
[2018.12.19-17.45.04:027][  0]LogConfig: Setting CVar [[r.Shadow.MaxResolution:2048]]
[2018.12.19-17.45.04:027][  0]LogConfig: Setting CVar [[r.Shadow.MaxCSMResolution:2048]]
[2018.12.19-17.45.04:027][  0]LogConfig: Setting CVar [[r.Shadow.RadiusThreshold:0.01]]
[2018.12.19-17.45.04:027][  0]LogConfig: Setting CVar [[r.Shadow.DistanceScale:1.0]]
[2018.12.19-17.45.04:027][  0]LogConfig: Setting CVar [[r.Shadow.CSM.TransitionScale:1.0]]
[2018.12.19-17.45.04:027][  0]LogConfig: Setting CVar [[r.Shadow.PreShadowResolutionFactor:1.0]]
[2018.12.19-17.45.04:027][  0]LogConfig: Setting CVar [[r.DistanceFieldShadowing:1]]
[2018.12.19-17.45.04:027][  0]LogConfig: Setting CVar [[r.DistanceFieldAO:1]]
[2018.12.19-17.45.04:027][  0]LogConfig: Setting CVar [[r.AOQuality:2]]
[2018.12.19-17.45.04:027][  0]LogConfig: Setting CVar [[r.VolumetricFog:1]]
[2018.12.19-17.45.04:027][  0]LogConfig: Setting CVar [[r.VolumetricFog.GridPixelSize:8]]
[2018.12.19-17.45.04:027][  0]LogConfig: Setting CVar [[r.VolumetricFog.GridSizeZ:128]]
[2018.12.19-17.45.04:027][  0]LogConfig: Setting CVar [[r.VolumetricFog.HistoryMissSupersampleCount:4]]
[2018.12.19-17.45.04:027][  0]LogConfig: Setting CVar [[r.LightMaxDrawDistanceScale:1]]
[2018.12.19-17.45.04:027][  0]LogConfig: Setting CVar [[r.CapsuleShadows:1]]
[2018.12.19-17.45.04:027][  0]LogConfig: Applying CVar settings from Section [PostProcessQuality@3] File [A:/GIT/FrameworkTemplate/FrameworkTemplate/Saved/Config/Windows/Scalability.ini]
[2018.12.19-17.45.04:027][  0]LogConfig: Setting CVar [[r.MotionBlurQuality:4]]
[2018.12.19-17.45.04:027][  0]LogConfig: Setting CVar [[r.AmbientOcclusionMipLevelFactor:0.4]]
[2018.12.19-17.45.04:027][  0]LogConfig: Setting CVar [[r.AmbientOcclusionMaxQuality:100]]
[2018.12.19-17.45.04:027][  0]LogConfig: Setting CVar [[r.AmbientOcclusionLevels:-1]]
[2018.12.19-17.45.04:027][  0]LogConfig: Setting CVar [[r.AmbientOcclusionRadiusScale:1.0]]
[2018.12.19-17.45.04:027][  0]LogConfig: Setting CVar [[r.DepthOfFieldQuality:2]]
[2018.12.19-17.45.04:027][  0]LogConfig: Setting CVar [[r.RenderTargetPoolMin:400]]
[2018.12.19-17.45.04:027][  0]LogConfig: Setting CVar [[r.LensFlareQuality:2]]
[2018.12.19-17.45.04:027][  0]LogConfig: Setting CVar [[r.SceneColorFringeQuality:1]]
[2018.12.19-17.45.04:027][  0]LogConfig: Setting CVar [[r.EyeAdaptationQuality:2]]
[2018.12.19-17.45.04:027][  0]LogConfig: Setting CVar [[r.BloomQuality:5]]
[2018.12.19-17.45.04:027][  0]LogConfig: Setting CVar [[r.FastBlurThreshold:100]]
[2018.12.19-17.45.04:027][  0]LogConfig: Setting CVar [[r.Upscale.Quality:3]]
[2018.12.19-17.45.04:027][  0]LogConfig: Setting CVar [[r.Tonemapper.GrainQuantization:1]]
[2018.12.19-17.45.04:027][  0]LogConfig: Setting CVar [[r.LightShaftQuality:1]]
[2018.12.19-17.45.04:027][  0]LogConfig: Setting CVar [[r.Filter.SizeScale:1]]
[2018.12.19-17.45.04:028][  0]LogConfig: Setting CVar [[r.Tonemapper.Quality:5]]
[2018.12.19-17.45.04:028][  0]LogConfig: Setting CVar [[r.DOF.Gather.AccumulatorQuality:1        ; higher gathering accumulator quality]]
[2018.12.19-17.45.04:028][  0]LogConfig: Setting CVar [[r.DOF.Gather.PostfilterMethod:1          ; Median3x3 postfilering method]]
[2018.12.19-17.45.04:028][  0]LogConfig: Setting CVar [[r.DOF.Gather.EnableBokehSettings:0       ; no bokeh simulation when gathering]]
[2018.12.19-17.45.04:028][  0]LogConfig: Setting CVar [[r.DOF.Gather.RingCount:4                 ; medium number of samples when gathering]]
[2018.12.19-17.45.04:028][  0]LogConfig: Setting CVar [[r.DOF.Scatter.ForegroundCompositing:1    ; additive foreground scattering]]
[2018.12.19-17.45.04:028][  0]LogConfig: Setting CVar [[r.DOF.Scatter.BackgroundCompositing:2    ; additive background scattering]]
[2018.12.19-17.45.04:028][  0]LogConfig: Setting CVar [[r.DOF.Scatter.EnableBokehSettings:1      ; bokeh simulation when scattering]]
[2018.12.19-17.45.04:028][  0]LogConfig: Setting CVar [[r.DOF.Scatter.MaxSpriteRatio:0.1         ; only a maximum of 10% of scattered bokeh]]
[2018.12.19-17.45.04:028][  0]LogConfig: Setting CVar [[r.DOF.Recombine.Quality:1                ; cheap slight out of focus]]
[2018.12.19-17.45.04:028][  0]LogConfig: Setting CVar [[r.DOF.Recombine.EnableBokehSettings:0    ; no bokeh simulation on slight out of focus]]
[2018.12.19-17.45.04:028][  0]LogConfig: Setting CVar [[r.DOF.TemporalAAQuality:1                ; more stable temporal accumulation]]
[2018.12.19-17.45.04:028][  0]LogConfig: Setting CVar [[r.DOF.Kernel.MaxForegroundRadius:0.025]]
[2018.12.19-17.45.04:028][  0]LogConfig: Setting CVar [[r.DOF.Kernel.MaxBackgroundRadius:0.025]]
[2018.12.19-17.45.04:028][  0]LogConfig: Applying CVar settings from Section [TextureQuality@3] File [A:/GIT/FrameworkTemplate/FrameworkTemplate/Saved/Config/Windows/Scalability.ini]
[2018.12.19-17.45.04:028][  0]LogConfig: Setting CVar [[r.Streaming.MipBias:0]]
[2018.12.19-17.45.04:028][  0]LogConfig: Setting CVar [[r.Streaming.AmortizeCPUToGPUCopy:0]]
[2018.12.19-17.45.04:028][  0]LogConfig: Setting CVar [[r.Streaming.MaxNumTexturesToStreamPerFrame:0]]
[2018.12.19-17.45.04:028][  0]LogConfig: Setting CVar [[r.Streaming.Boost:1]]
[2018.12.19-17.45.04:028][  0]LogConfig: Setting CVar [[r.MaxAnisotropy:8]]
[2018.12.19-17.45.04:028][  0]LogConfig: Setting CVar [[r.Streaming.LimitPoolSizeToVRAM:0]]
[2018.12.19-17.45.04:028][  0]LogConfig: Setting CVar [[r.Streaming.PoolSize:1000]]
[2018.12.19-17.45.04:028][  0]LogConfig: Setting CVar [[r.Streaming.MaxEffectiveScreenSize:0]]
[2018.12.19-17.45.04:028][  0]LogConfig: Applying CVar settings from Section [EffectsQuality@3] File [A:/GIT/FrameworkTemplate/FrameworkTemplate/Saved/Config/Windows/Scalability.ini]
[2018.12.19-17.45.04:028][  0]LogConfig: Setting CVar [[r.TranslucencyLightingVolumeDim:64]]
[2018.12.19-17.45.04:028][  0]LogConfig: Setting CVar [[r.RefractionQuality:2]]
[2018.12.19-17.45.04:028][  0]LogConfig: Setting CVar [[r.SSR.Quality:3]]
[2018.12.19-17.45.04:028][  0]LogConfig: Setting CVar [[r.SceneColorFormat:4]]
[2018.12.19-17.45.04:028][  0]LogConfig: Setting CVar [[r.DetailMode:2]]
[2018.12.19-17.45.04:028][  0]LogConfig: Setting CVar [[r.TranslucencyVolumeBlur:1]]
[2018.12.19-17.45.04:028][  0]LogConfig: Setting CVar [[r.MaterialQualityLevel:1 ; High quality]]
[2018.12.19-17.45.04:028][  0]LogConfig: Setting CVar [[r.SSS.Scale:1]]
[2018.12.19-17.45.04:028][  0]LogConfig: Setting CVar [[r.SSS.SampleSet:2]]
[2018.12.19-17.45.04:028][  0]LogConfig: Setting CVar [[r.SSS.Quality:1]]
[2018.12.19-17.45.04:028][  0]LogConfig: Setting CVar [[r.SSS.HalfRes:1]]
[2018.12.19-17.45.04:028][  0]LogConfig: Setting CVar [[r.EmitterSpawnRateScale:1.0]]
[2018.12.19-17.45.04:028][  0]LogConfig: Setting CVar [[r.ParticleLightQuality:2]]
[2018.12.19-17.45.04:028][  0]LogConfig: Applying CVar settings from Section [FoliageQuality@3] File [A:/GIT/FrameworkTemplate/FrameworkTemplate/Saved/Config/Windows/Scalability.ini]
[2018.12.19-17.45.04:028][  0]LogConfig: Setting CVar [[foliage.DensityScale:1.0]]
[2018.12.19-17.45.04:028][  0]LogConfig: Setting CVar [[grass.DensityScale:1.0]]
[2018.12.19-17.45.04:028][  0]LogInit: Selected Device Profile: [Windows]
[2018.12.19-17.45.04:028][  0]LogInit: Applying CVar settings loaded from the selected device profile: [Windows]
[2018.12.19-17.45.04:042][  0]LogHAL: Display: Platform has ~ 32 GB [34305929216 / 34359738368 / 32], which maps to Largest [LargestMinGB=32, LargerMinGB=12, DefaultMinGB=8, SmallerMinGB=6, SmallestMinGB=0)
[2018.12.19-17.45.04:042][  0]LogConfig: Setting CVar [[r.Vulkan.UseRealUBs:1]]
[2018.12.19-17.45.04:042][  0]LogInit: Going up to parent DeviceProfile []
[2018.12.19-17.45.04:042][  0]LogConfig: Applying CVar settings from Section [ViewDistanceQuality@3] File [A:/GIT/FrameworkTemplate/FrameworkTemplate/Saved/Config/Windows/Scalability.ini]
[2018.12.19-17.45.04:042][  0]LogConfig: Setting CVar [[r.SkeletalMeshLODBias:0]]
[2018.12.19-17.45.04:042][  0]LogConfig: Setting CVar [[r.ViewDistanceScale:1.0]]
[2018.12.19-17.45.04:042][  0]LogConfig: Applying CVar settings from Section [AntiAliasingQuality@3] File [A:/GIT/FrameworkTemplate/FrameworkTemplate/Saved/Config/Windows/Scalability.ini]
[2018.12.19-17.45.04:042][  0]LogConfig: Setting CVar [[r.PostProcessAAQuality:4]]
[2018.12.19-17.45.04:042][  0]LogConfig: Applying CVar settings from Section [ShadowQuality@3] File [A:/GIT/FrameworkTemplate/FrameworkTemplate/Saved/Config/Windows/Scalability.ini]
[2018.12.19-17.45.04:043][  0]LogConfig: Setting CVar [[r.LightFunctionQuality:1]]
[2018.12.19-17.45.04:043][  0]LogConfig: Setting CVar [[r.ShadowQuality:5]]
[2018.12.19-17.45.04:043][  0]LogConfig: Setting CVar [[r.Shadow.CSM.MaxCascades:10]]
[2018.12.19-17.45.04:043][  0]LogConfig: Setting CVar [[r.Shadow.MaxResolution:2048]]
[2018.12.19-17.45.04:043][  0]LogConfig: Setting CVar [[r.Shadow.MaxCSMResolution:2048]]
[2018.12.19-17.45.04:043][  0]LogConfig: Setting CVar [[r.Shadow.RadiusThreshold:0.01]]
[2018.12.19-17.45.04:043][  0]LogConfig: Setting CVar [[r.Shadow.DistanceScale:1.0]]
[2018.12.19-17.45.04:043][  0]LogConfig: Setting CVar [[r.Shadow.CSM.TransitionScale:1.0]]
[2018.12.19-17.45.04:043][  0]LogConfig: Setting CVar [[r.Shadow.PreShadowResolutionFactor:1.0]]
[2018.12.19-17.45.04:043][  0]LogConfig: Setting CVar [[r.DistanceFieldShadowing:1]]
[2018.12.19-17.45.04:043][  0]LogConfig: Setting CVar [[r.DistanceFieldAO:1]]
[2018.12.19-17.45.04:043][  0]LogConfig: Setting CVar [[r.AOQuality:2]]
[2018.12.19-17.45.04:043][  0]LogConfig: Setting CVar [[r.VolumetricFog:1]]
[2018.12.19-17.45.04:043][  0]LogConfig: Setting CVar [[r.VolumetricFog.GridPixelSize:8]]
[2018.12.19-17.45.04:043][  0]LogConfig: Setting CVar [[r.VolumetricFog.GridSizeZ:128]]
[2018.12.19-17.45.04:043][  0]LogConfig: Setting CVar [[r.VolumetricFog.HistoryMissSupersampleCount:4]]
[2018.12.19-17.45.04:043][  0]LogConfig: Setting CVar [[r.LightMaxDrawDistanceScale:1]]
[2018.12.19-17.45.04:043][  0]LogConfig: Setting CVar [[r.CapsuleShadows:1]]
[2018.12.19-17.45.04:043][  0]LogConfig: Applying CVar settings from Section [PostProcessQuality@3] File [A:/GIT/FrameworkTemplate/FrameworkTemplate/Saved/Config/Windows/Scalability.ini]
[2018.12.19-17.45.04:043][  0]LogConfig: Setting CVar [[r.MotionBlurQuality:4]]
[2018.12.19-17.45.04:043][  0]LogConfig: Setting CVar [[r.AmbientOcclusionMipLevelFactor:0.4]]
[2018.12.19-17.45.04:043][  0]LogConfig: Setting CVar [[r.AmbientOcclusionMaxQuality:100]]
[2018.12.19-17.45.04:043][  0]LogConfig: Setting CVar [[r.AmbientOcclusionLevels:-1]]
[2018.12.19-17.45.04:043][  0]LogConfig: Setting CVar [[r.AmbientOcclusionRadiusScale:1.0]]
[2018.12.19-17.45.04:043][  0]LogConfig: Setting CVar [[r.DepthOfFieldQuality:2]]
[2018.12.19-17.45.04:043][  0]LogConfig: Setting CVar [[r.RenderTargetPoolMin:400]]
[2018.12.19-17.45.04:043][  0]LogConfig: Setting CVar [[r.LensFlareQuality:2]]
[2018.12.19-17.45.04:043][  0]LogConfig: Setting CVar [[r.SceneColorFringeQuality:1]]
[2018.12.19-17.45.04:043][  0]LogConfig: Setting CVar [[r.EyeAdaptationQuality:2]]
[2018.12.19-17.45.04:043][  0]LogConfig: Setting CVar [[r.BloomQuality:5]]
[2018.12.19-17.45.04:043][  0]LogConfig: Setting CVar [[r.FastBlurThreshold:100]]
[2018.12.19-17.45.04:043][  0]LogConfig: Setting CVar [[r.Upscale.Quality:3]]
[2018.12.19-17.45.04:043][  0]LogConfig: Setting CVar [[r.Tonemapper.GrainQuantization:1]]
[2018.12.19-17.45.04:043][  0]LogConfig: Setting CVar [[r.LightShaftQuality:1]]
[2018.12.19-17.45.04:043][  0]LogConfig: Setting CVar [[r.Filter.SizeScale:1]]
[2018.12.19-17.45.04:043][  0]LogConfig: Setting CVar [[r.Tonemapper.Quality:5]]
[2018.12.19-17.45.04:043][  0]LogConfig: Setting CVar [[r.DOF.Gather.AccumulatorQuality:1        ; higher gathering accumulator quality]]
[2018.12.19-17.45.04:043][  0]LogConfig: Setting CVar [[r.DOF.Gather.PostfilterMethod:1          ; Median3x3 postfilering method]]
[2018.12.19-17.45.04:043][  0]LogConfig: Setting CVar [[r.DOF.Gather.EnableBokehSettings:0       ; no bokeh simulation when gathering]]
[2018.12.19-17.45.04:043][  0]LogConfig: Setting CVar [[r.DOF.Gather.RingCount:4                 ; medium number of samples when gathering]]
[2018.12.19-17.45.04:043][  0]LogConfig: Setting CVar [[r.DOF.Scatter.ForegroundCompositing:1    ; additive foreground scattering]]
[2018.12.19-17.45.04:043][  0]LogConfig: Setting CVar [[r.DOF.Scatter.BackgroundCompositing:2    ; additive background scattering]]
[2018.12.19-17.45.04:043][  0]LogConfig: Setting CVar [[r.DOF.Scatter.EnableBokehSettings:1      ; bokeh simulation when scattering]]
[2018.12.19-17.45.04:043][  0]LogConfig: Setting CVar [[r.DOF.Scatter.MaxSpriteRatio:0.1         ; only a maximum of 10% of scattered bokeh]]
[2018.12.19-17.45.04:043][  0]LogConfig: Setting CVar [[r.DOF.Recombine.Quality:1                ; cheap slight out of focus]]
[2018.12.19-17.45.04:043][  0]LogConfig: Setting CVar [[r.DOF.Recombine.EnableBokehSettings:0    ; no bokeh simulation on slight out of focus]]
[2018.12.19-17.45.04:043][  0]LogConfig: Setting CVar [[r.DOF.TemporalAAQuality:1                ; more stable temporal accumulation]]
[2018.12.19-17.45.04:043][  0]LogConfig: Setting CVar [[r.DOF.Kernel.MaxForegroundRadius:0.025]]
[2018.12.19-17.45.04:043][  0]LogConfig: Setting CVar [[r.DOF.Kernel.MaxBackgroundRadius:0.025]]
[2018.12.19-17.45.04:043][  0]LogConfig: Applying CVar settings from Section [TextureQuality@3] File [A:/GIT/FrameworkTemplate/FrameworkTemplate/Saved/Config/Windows/Scalability.ini]
[2018.12.19-17.45.04:043][  0]LogConfig: Setting CVar [[r.Streaming.MipBias:0]]
[2018.12.19-17.45.04:043][  0]LogConfig: Setting CVar [[r.Streaming.AmortizeCPUToGPUCopy:0]]
[2018.12.19-17.45.04:043][  0]LogConfig: Setting CVar [[r.Streaming.MaxNumTexturesToStreamPerFrame:0]]
[2018.12.19-17.45.04:043][  0]LogConfig: Setting CVar [[r.Streaming.Boost:1]]
[2018.12.19-17.45.04:043][  0]LogConfig: Setting CVar [[r.MaxAnisotropy:8]]
[2018.12.19-17.45.04:043][  0]LogConfig: Setting CVar [[r.Streaming.LimitPoolSizeToVRAM:0]]
[2018.12.19-17.45.04:043][  0]LogConfig: Setting CVar [[r.Streaming.PoolSize:1000]]
[2018.12.19-17.45.04:043][  0]LogConfig: Setting CVar [[r.Streaming.MaxEffectiveScreenSize:0]]
[2018.12.19-17.45.04:043][  0]LogConfig: Applying CVar settings from Section [EffectsQuality@3] File [A:/GIT/FrameworkTemplate/FrameworkTemplate/Saved/Config/Windows/Scalability.ini]
[2018.12.19-17.45.04:043][  0]LogConfig: Setting CVar [[r.TranslucencyLightingVolumeDim:64]]
[2018.12.19-17.45.04:043][  0]LogConfig: Setting CVar [[r.RefractionQuality:2]]
[2018.12.19-17.45.04:043][  0]LogConfig: Setting CVar [[r.SSR.Quality:3]]
[2018.12.19-17.45.04:043][  0]LogConfig: Setting CVar [[r.SceneColorFormat:4]]
[2018.12.19-17.45.04:043][  0]LogConfig: Setting CVar [[r.DetailMode:2]]
[2018.12.19-17.45.04:043][  0]LogConfig: Setting CVar [[r.TranslucencyVolumeBlur:1]]
[2018.12.19-17.45.04:043][  0]LogConfig: Setting CVar [[r.MaterialQualityLevel:1 ; High quality]]
[2018.12.19-17.45.04:043][  0]LogConfig: Setting CVar [[r.SSS.Scale:1]]
[2018.12.19-17.45.04:043][  0]LogConfig: Setting CVar [[r.SSS.SampleSet:2]]
[2018.12.19-17.45.04:043][  0]LogConfig: Setting CVar [[r.SSS.Quality:1]]
[2018.12.19-17.45.04:043][  0]LogConfig: Setting CVar [[r.SSS.HalfRes:1]]
[2018.12.19-17.45.04:043][  0]LogConfig: Setting CVar [[r.EmitterSpawnRateScale:1.0]]
[2018.12.19-17.45.04:043][  0]LogConfig: Setting CVar [[r.ParticleLightQuality:2]]
[2018.12.19-17.45.04:043][  0]LogConfig: Applying CVar settings from Section [FoliageQuality@3] File [A:/GIT/FrameworkTemplate/FrameworkTemplate/Saved/Config/Windows/Scalability.ini]
[2018.12.19-17.45.04:043][  0]LogConfig: Setting CVar [[foliage.DensityScale:1.0]]
[2018.12.19-17.45.04:043][  0]LogConfig: Setting CVar [[grass.DensityScale:1.0]]
[2018.12.19-17.45.04:043][  0]LogConfig: Applying CVar settings from Section [Startup] File [../../../Engine/Config/ConsoleVariables.ini]
[2018.12.19-17.45.04:044][  0]LogConfig: Setting CVar [[net.UseAdaptiveNetUpdateFrequency:0]]
[2018.12.19-17.45.04:044][  0]LogConfig: Applying CVar settings from Section [ConsoleVariables] File [A:/GIT/FrameworkTemplate/FrameworkTemplate/Saved/Config/Windows/Engine.ini]
[2018.12.19-17.45.04:045][  0]LogInit: Computer: DESKTOP-N53GCT6
[2018.12.19-17.45.04:045][  0]LogInit: User: death
[2018.12.19-17.45.04:045][  0]LogInit: CPU Page size=4096, Cores=4
[2018.12.19-17.45.04:045][  0]LogInit: High frequency timer resolution =3.906269 MHz
[2018.12.19-17.45.04:045][  0]LogMemory: Memory total: Physical=31.9GB (32GB approx)
[2018.12.19-17.45.04:045][  0]LogMemory: Platform Memory Stats for Windows
[2018.12.19-17.45.04:045][  0]LogMemory: Process Physical Memory: 102.86 MB used, 102.86 MB peak
[2018.12.19-17.45.04:045][  0]LogMemory: Process Virtual Memory: 93.88 MB used, 93.88 MB peak
[2018.12.19-17.45.04:045][  0]LogMemory: Physical Memory: 14134.30 MB used,  18582.38 MB free, 32716.68 MB total
[2018.12.19-17.45.04:045][  0]LogMemory: Virtual Memory: 4656.04 MB used,  134213072.00 MB free, 134217728.00 MB total
[2018.12.19-17.45.04:094][  0]LogInit: Using OS detected language (en-US).
[2018.12.19-17.45.04:094][  0]LogInit: Using OS detected locale (en-US).
[2018.12.19-17.45.04:097][  0]LogTextLocalizationManager: No specific localization for 'en-US' exists, so the 'en' localization will be used.
[2018.12.19-17.45.04:490][  0]LogStreaming: Display: Took  0.396s to InitEngineTextLocalization.
[2018.12.19-17.45.04:490][  0]LogInit: Setting process to per monitor DPI aware
[2018.12.19-17.45.04:545][  0]LogSlate: New Slate User Created.  User Index 0, Is Virtual User: 0
[2018.12.19-17.45.04:545][  0]LogSlate: Slate User Registered.  User Index 0, Is Virtual User: 0
[2018.12.19-17.45.05:492][  0]LogHMD: Failed to initialize OpenVR with code 110
[2018.12.19-17.45.05:492][  0]LogD3D11RHI: D3D11 adapters:
[2018.12.19-17.45.05:625][  0]LogD3D11RHI:    0. 'NVIDIA GeForce GTX 1070' (Feature Level 11_0)
[2018.12.19-17.45.05:625][  0]LogD3D11RHI:       8088/0/16358 MB DedicatedVideo/DedicatedSystem/SharedSystem, Outputs:2, VendorId:0x10de
[2018.12.19-17.45.05:629][  0]LogD3D11RHI:    1. 'Microsoft Basic Render Driver' (Feature Level 11_0)
[2018.12.19-17.45.05:629][  0]LogD3D11RHI:       0/0/16358 MB DedicatedVideo/DedicatedSystem/SharedSystem, Outputs:0, VendorId:0x1414
[2018.12.19-17.45.05:629][  0]LogD3D11RHI: Chosen D3D11 Adapter: 0
[2018.12.19-17.45.05:640][  0]LogD3D11RHI: Creating new Direct3DDevice
[2018.12.19-17.45.05:640][  0]LogD3D11RHI:     GPU DeviceId: 0x1b81 (for the marketing name, search the web for "GPU Device Id")
[2018.12.19-17.45.05:640][  0]LogWindows: EnumDisplayDevices:
[2018.12.19-17.45.05:641][  0]LogWindows:    0. 'NVIDIA GeForce GTX 1070' (P:1 D:1)
[2018.12.19-17.45.05:641][  0]LogWindows:    1. 'NVIDIA GeForce GTX 1070' (P:0 D:1)
[2018.12.19-17.45.05:642][  0]LogWindows:    2. 'NVIDIA GeForce GTX 1070' (P:0 D:0)
[2018.12.19-17.45.05:642][  0]LogWindows:    3. 'NVIDIA GeForce GTX 1070' (P:0 D:0)
[2018.12.19-17.45.05:642][  0]LogWindows: DebugString: FoundDriverCount:4 
[2018.12.19-17.45.05:642][  0]LogD3D11RHI:     Adapter Name: NVIDIA GeForce GTX 1070
[2018.12.19-17.45.05:642][  0]LogD3D11RHI:   Driver Version: 417.22 (internal:25.21.14.1722, unified:417.22)
[2018.12.19-17.45.05:642][  0]LogD3D11RHI:      Driver Date: 11-29-2018
[2018.12.19-17.45.05:642][  0]LogRHI: Texture pool is 5661 MB (70% of 8088 MB)
[2018.12.19-17.45.05:699][  0]LogD3D11RHI: Async texture creation enabled
[2018.12.19-17.45.05:723][  0]LogD3D11RHI: GPU Timing Frequency: 1000.000000 (Debug: 2 2)
[2018.12.19-17.45.06:353][  0]LogTemp: Display: Loaded TP AllDesktopTargetPlatform
[2018.12.19-17.45.06:369][  0]LogTemp: Display: Loaded TP MacClientTargetPlatform
[2018.12.19-17.45.06:385][  0]LogTemp: Display: Loaded TP MacNoEditorTargetPlatform
[2018.12.19-17.45.06:400][  0]LogTemp: Display: Loaded TP MacServerTargetPlatform
[2018.12.19-17.45.06:416][  0]LogTemp: Display: Loaded TP MacTargetPlatform
[2018.12.19-17.45.06:432][  0]LogTemp: Display: Loaded TP WindowsClientTargetPlatform
[2018.12.19-17.45.06:449][  0]LogTemp: Display: Loaded TP WindowsNoEditorTargetPlatform
[2018.12.19-17.45.06:465][  0]LogTemp: Display: Loaded TP WindowsServerTargetPlatform
[2018.12.19-17.45.06:473][  0]LogTemp: Display: Loaded TP WindowsTargetPlatform
[2018.12.19-17.45.06:548][  0]LogTemp: Display: Loaded TP AndroidTargetPlatform
[2018.12.19-17.45.06:548][  0]LogTemp: Display: Loaded TP AndroidTargetPlatform
[2018.12.19-17.45.06:548][  0]LogTemp: Display: Loaded TP AndroidTargetPlatform
[2018.12.19-17.45.06:548][  0]LogTemp: Display: Loaded TP AndroidTargetPlatform
[2018.12.19-17.45.06:548][  0]LogTemp: Display: Loaded TP AndroidTargetPlatform
[2018.12.19-17.45.06:548][  0]LogTemp: Display: Loaded TP AndroidTargetPlatform
[2018.12.19-17.45.06:548][  0]LogTemp: Display: Loaded TP AndroidTargetPlatform
[2018.12.19-17.45.06:548][  0]LogTemp: Display: Loaded TP AndroidTargetPlatform
[2018.12.19-17.45.06:548][  0]LogTemp: Display: Loaded TP AndroidTargetPlatform
[2018.12.19-17.45.06:548][  0]LogTemp: Display: Loaded TP AndroidTargetPlatform
[2018.12.19-17.45.06:548][  0]LogTemp: Display: Loaded TP AndroidTargetPlatform
[2018.12.19-17.45.06:548][  0]LogTemp: Display: Loaded TP AndroidTargetPlatform
[2018.12.19-17.45.06:548][  0]LogTemp: Display: Loaded TP AndroidTargetPlatform
[2018.12.19-17.45.06:548][  0]LogTemp: Display: Loaded TP AndroidTargetPlatform
[2018.12.19-17.45.06:548][  0]LogTemp: Display: Loaded TP AndroidTargetPlatform
[2018.12.19-17.45.06:548][  0]LogTemp: Display: Loaded TP AndroidTargetPlatform
[2018.12.19-17.45.06:548][  0]LogTemp: Display: Loaded TP AndroidTargetPlatform
[2018.12.19-17.45.06:548][  0]LogTemp: Display: Loaded TP AndroidTargetPlatform
[2018.12.19-17.45.06:551][  0]LogTemp: Display: Loaded TP HTML5TargetPlatform
[2018.12.19-17.45.06:621][  0]LogTemp: Display: Loaded TP IOSTargetPlatform
[2018.12.19-17.45.06:621][  0]LogTemp: Display: Loaded TP IOSTargetPlatform
[2018.12.19-17.45.06:647][  0]LogTemp: Display: Loaded TP TVOSTargetPlatform
[2018.12.19-17.45.06:647][  0]LogTemp: Display: Loaded TP TVOSTargetPlatform
[2018.12.19-17.45.06:664][  0]LogTemp: Display: Loaded TP LinuxClientTargetPlatform
[2018.12.19-17.45.06:681][  0]LogTemp: Display: Loaded TP LinuxNoEditorTargetPlatform
[2018.12.19-17.45.06:698][  0]LogTemp: Display: Loaded TP LinuxServerTargetPlatform
[2018.12.19-17.45.06:719][  0]LogTemp: Display: Loaded TP LinuxTargetPlatform
[2018.12.19-17.45.06:776][  0]LogTemp: Display: Loaded TP LuminTargetPlatform
[2018.12.19-17.45.06:776][  0]LogTemp: Display: Loaded TP LuminTargetPlatform
[2018.12.19-17.45.06:776][  0]LogTargetPlatformManager: Display: Building Assets For Windows
[2018.12.19-17.45.06:888][  0]LogShaderCompilers: Guid format shader working directory is -15 characters bigger than the processId version (../../../../../../../GIT/FrameworkTemplate/FrameworkTemplate/Intermediate/Shaders/WorkingDirectory/18524/).
[2018.12.19-17.45.06:888][  0]LogShaderCompilers: Cleaned the shader compiler working directory 'C:/Users/death/AppData/Local/Temp/UnrealShaderWorkingDir/09778A744F9E2536814A7B9A9D111D14/'.
[2018.12.19-17.45.06:891][  0]LogXGEController: Cannot use XGE Controller as Incredibuild is not installed on this machine.
[2018.12.19-17.45.06:891][  0]LogShaderCompilers: Cannot use XGE Shader Compiler as Incredibuild is not installed on this machine.
[2018.12.19-17.45.06:891][  0]LogShaderCompilers: Display: Using Local Shader Compiler.
[2018.12.19-17.45.07:622][  0]LogDerivedDataCache: Display: Max Cache Size: 512 MB
[2018.12.19-17.45.07:737][  0]LogDerivedDataCache: Loaded boot cache 0.11s 105MB C:/Users/death/AppData/Local/UnrealEngine/4.21/DerivedDataCache/Boot.ddc.
[2018.12.19-17.45.07:737][  0]LogDerivedDataCache: Display: Loaded Boot cache: C:/Users/death/AppData/Local/UnrealEngine/4.21/DerivedDataCache/Boot.ddc
[2018.12.19-17.45.07:737][  0]LogDerivedDataCache: FDerivedDataBackendGraph:  Pak pak cache file ../../../../../../../GIT/FrameworkTemplate/FrameworkTemplate/DerivedDataCache/DDC.ddp not found, will not use a pak cache.
[2018.12.19-17.45.07:737][  0]LogDerivedDataCache: Unable to find inner node Pak for hierarchical cache Hierarchy.
[2018.12.19-17.45.07:737][  0]LogDerivedDataCache: FDerivedDataBackendGraph:  CompressedPak pak cache file ../../../../../../../GIT/FrameworkTemplate/FrameworkTemplate/DerivedDataCache/Compressed.ddp not found, will not use a pak cache.
[2018.12.19-17.45.07:737][  0]LogDerivedDataCache: Unable to find inner node CompressedPak for hierarchical cache Hierarchy.
[2018.12.19-17.45.07:754][  0]LogDerivedDataCache: Display: Pak cache opened for reading ../../../Engine/DerivedDataCache/Compressed.ddp.
[2018.12.19-17.45.07:754][  0]LogDerivedDataCache: FDerivedDataBackendGraph:  EnterprisePak pak cache file ../../../Enterprise/DerivedDataCache/Compressed.ddp not found, will not use a pak cache.
[2018.12.19-17.45.07:754][  0]LogDerivedDataCache: Unable to find inner node EnterprisePak for hierarchical cache Hierarchy.
[2018.12.19-17.45.07:767][  0]LogDerivedDataCache: Using Local data cache path C:/Users/death/AppData/Local/UnrealEngine/Common/DerivedDataCache: Writable
[2018.12.19-17.45.07:767][  0]LogDerivedDataCache: Shared data cache path not found in *engine.ini, will not use an Shared cache.
[2018.12.19-17.45.07:767][  0]LogDerivedDataCache: Unable to find inner node Shared for hierarchical cache Hierarchy.
[2018.12.19-17.45.07:789][  0]LogMaterial: Verifying Global Shaders for PCD3D_SM5
[2018.12.19-17.45.07:790][  0]LogSlate: Using FreeType 2.6.0
[2018.12.19-17.45.07:793][  0]LogSlate: SlateFontServices - WITH_FREETYPE: 1, WITH_HARFBUZZ: 1
[2018.12.19-17.45.08:038][  0]LogAssetRegistry: FAssetRegistry took 0.0355 seconds to start up
[2018.12.19-17.45.08:462][  0]LogInit: Selected Device Profile: [Windows]
[2018.12.19-17.45.08:573][  0]LogSimplygon: Simplygon DLL not present - disabling.
[2018.12.19-17.45.08:580][  0]LogMeshReduction: Using SimplygonSwarm for distributed automatic mesh merging
[2018.12.19-17.45.08:580][  0]LogMeshReduction: Using ProxyLODMeshReduction for automatic mesh merging
[2018.12.19-17.45.08:580][  0]LogMeshReduction: Using QuadricMeshReduction for automatic static mesh reduction
[2018.12.19-17.45.08:580][  0]LogMeshReduction: No automatic skeletal mesh reduction module available
[2018.12.19-17.45.08:675][  0]LogNetVersion: FrameworkTemplate 1.0.0, NetCL: 4541578, EngineNetVer: 5, GameNetVer: 0 (Checksum: 2006893865)
[2018.12.19-17.45.09:312][  0]LogPackageLocalizationCache: Processed 11 localized package path(s) for 2 prioritized culture(s) in 0.106882 seconds
[2018.12.19-17.45.09:320][  0]LogUObjectArray: 39775 objects as part of root set at end of initial load.
[2018.12.19-17.45.09:320][  0]LogUObjectAllocator: 6914664 out of 0 bytes used by permanent object pool.
[2018.12.19-17.45.09:320][  0]LogUObjectArray: CloseDisregardForGC: 0/0 objects in disregard for GC pool
[2018.12.19-17.45.11:859][  0]LogTcpMessaging: Initializing TcpMessaging bridge
[2018.12.19-17.45.11:874][  0]LogUdpMessaging: Initializing bridge on interface 0.0.0.0:0 to multicast group 230.0.0.1:6666.
[2018.12.19-17.45.14:429][  0]SourceControl: Source control is disabled
[2018.12.19-17.45.14:430][  0]SourceControl: Source control is disabled
[2018.12.19-17.45.14:433][  0]SourceControl: Source control is disabled
[2018.12.19-17.45.14:437][  0]SourceControl: Source control is disabled
[2018.12.19-17.45.14:707][  0]LogAndroidPermission: UAndroidPermissionCallbackProxy::GetInstance
[2018.12.19-17.45.14:879][  0]LogOcInput: OculusInput pre-init called
[2018.12.19-17.45.15:042][  0]LogEngine: Initializing Engine...
[2018.12.19-17.45.15:043][  0]LogHMD: Failed to initialize OpenVR with code 110
[2018.12.19-17.45.15:045][  0]LogStats: UGameplayTagsManager::ConstructGameplayTagTree: ImportINI prefixes -  0.000 s
[2018.12.19-17.45.15:045][  0]LogStats: UGameplayTagsManager::ConstructGameplayTagTree: Construct from data asset -  0.000 s
[2018.12.19-17.45.15:045][  0]LogStats: UGameplayTagsManager::ConstructGameplayTagTree: ImportINI -  0.000 s
[2018.12.19-17.45.15:045][  0]LogStats: UGameplayTagsManager::ConstructGameplayTagTree: GameplayTagTreeChangedEvent.Broadcast -  0.000 s
[2018.12.19-17.45.15:320][  0]LogInit: Initializing FReadOnlyCVARCache
[2018.12.19-17.45.15:341][  0]LogAIModule: Creating AISystem for world Untitled
[2018.12.19-17.45.15:431][  0]LogInit: XAudio2 using 'Speakers (High Definition Audio Device)' : 2 channels at 48 kHz using 16 bits per sample (channel mask 0x3)
[2018.12.19-17.45.15:451][  0]LogInit: FAudioDevice initialized.
[2018.12.19-17.45.15:451][  0]LogNetVersion: Set ProjectVersion to 1.0.0.0. Version Checksum will be recalculated on next use.
[2018.12.19-17.45.15:582][  0]LogDerivedDataCache: Saved boot cache 0.13s 105MB C:/Users/death/AppData/Local/UnrealEngine/4.21/DerivedDataCache/Boot.ddc.
[2018.12.19-17.45.15:612][  0]LogInit: Texture streaming: Enabled
[2018.12.19-17.45.15:650][  0]LogEngineSessionManager: EngineSessionManager initialized
[2018.12.19-17.45.15:671][  0]LogInit: Transaction tracking system initialized
[2018.12.19-17.45.15:710][  0]BlueprintLog: New page: Editor Load
[2018.12.19-17.45.15:847][  0]LocalizationService: Localization service is disabled
[2018.12.19-17.45.16:480][  0]LogCook: Display: Max memory allowance for cook 16384mb min free memory 0mb
[2018.12.19-17.45.16:480][  0]LogCook: Display: Mobile HDR setting 1
[2018.12.19-17.45.16:480][  0]LogGameplayTags: Display: UGameplayTagsManager::DoneAddingNativeTags. DelegateIsBound: 0
[2018.12.19-17.45.16:480][  0]LogStats: UGameplayTagsManager::ConstructGameplayTagTree: ImportINI prefixes -  0.000 s
[2018.12.19-17.45.16:480][  0]LogStats: UGameplayTagsManager::ConstructGameplayTagTree: Construct from data asset -  0.000 s
[2018.12.19-17.45.16:480][  0]LogStats: UGameplayTagsManager::ConstructGameplayTagTree: ImportINI -  0.000 s
[2018.12.19-17.45.16:480][  0]LogStats: UGameplayTagsManager::ConstructGameplayTagTree: GameplayTagTreeChangedEvent.Broadcast -  0.000 s
[2018.12.19-17.45.16:750][  0]LogFileCache: Scanning file cache for directory 'A:/GIT/FrameworkTemplate/FrameworkTemplate/Content/' took 0.03s
[2018.12.19-17.45.16:761][  0]SourceControl: Source control is disabled
[2018.12.19-17.45.16:761][  0]Cmd: MAP LOAD FILE="../../../../../../../GIT/FrameworkTemplate/FrameworkTemplate/Content/Framework/Maps/MainMenu/00_MainMenu_P.umap" TEMPLATE=0 SHOWPROGRESS=1 FEATURELEVEL=3
[2018.12.19-17.45.16:762][  0]LightingResults: New page: Lighting Build
[2018.12.19-17.45.16:768][  0]MapCheck: New page: Map Check
[2018.12.19-17.45.16:768][  0]LightingResults: New page: Lighting Build
[2018.12.19-17.45.18:037][  0]LogAIModule: Creating AISystem for world 00_MainMenu_P
[2018.12.19-17.45.18:049][  0]LogStreaming: Display: ULevelStreaming::RequestLevel(/Game/Framework/Maps/MainMenu/01_MainMenu_Geo) is flushing async loading
[2018.12.19-17.45.18:049][  0]LogStreaming: Display: Flushing async loaders.
[2018.12.19-17.45.18:586][  0]LogStreaming: Display: ULevelStreaming::RequestLevel(/Game/Framework/Maps/MainMenu/02_MainMenu_Lighting) is flushing async loading
[2018.12.19-17.45.18:614][  0]LogStreaming: Display: ULevelStreaming::RequestLevel(/Game/Framework/Maps/MainMenu/03_MainMenu_Gameplay) is flushing async loading
[2018.12.19-17.45.18:696][  0]LogEditorServer: Finished looking for orphan Actors (0.000 secs)
[2018.12.19-17.45.18:727][  0]Cmd: MAP CHECKDEP NOCLEARLOG
[2018.12.19-17.45.18:727][  0]MapCheck: Map check complete: 0 Error(s), 0 Warning(s), took 0.23ms to complete.
[2018.12.19-17.45.18:727][  0]LogFileHelpers: Loading map '00_MainMenu_P' took 1.965
[2018.12.19-17.45.18:932][  0]LogSlate: Updating window title bar state: overlay mode, drag disabled, window buttons hidden, title bar hidden
[2018.12.19-17.45.18:940][  0]LogSlate: Updating window title bar state: overlay mode, drag disabled, window buttons hidden, title bar hidden
[2018.12.19-17.45.18:948][  0]LogSlate: Updating window title bar state: overlay mode, drag disabled, window buttons hidden, title bar hidden
[2018.12.19-17.45.18:956][  0]LogSlate: Updating window title bar state: overlay mode, drag disabled, window buttons hidden, title bar hidden
[2018.12.19-17.45.18:990][  0]LogSlate: Took 0.001056 seconds to synchronously load lazily loaded font '../../../Engine/Content/Slate/Fonts/Roboto-Regular.ttf' (155K)
[2018.12.19-17.45.21:249][  0]LogSlate: Only BGRA pngs, bmps or icos are supported in by External Image Picker
[2018.12.19-17.45.21:314][  0]LogCollectionManager: Loaded 0 collections in 0.004719 seconds
[2018.12.19-17.45.21:348][  0]LogFileCache: Scanning file cache for directory 'A:/GIT/FrameworkTemplate/FrameworkTemplate/Saved/Collections/' took 0.01s
[2018.12.19-17.45.21:348][  0]LogFileCache: Scanning file cache for directory 'A:/GIT/FrameworkTemplate/FrameworkTemplate/Content/Developers/death/Collections/' took 0.01s
[2018.12.19-17.45.21:348][  0]LogFileCache: Scanning file cache for directory 'A:/GIT/FrameworkTemplate/FrameworkTemplate/Content/Collections/' took 0.00s
[2018.12.19-17.45.21:348][  0]LogTemp: Executing iPhonePackager certificates Engine -bundlename com.YourCompany.FrameworkTemplate
[2018.12.19-17.45.21:348][  0]LogTemp: CWD: A:\Game Design\UE4\Epic Games\UE_4.21\Engine\Binaries\DotNET\IOS
[2018.12.19-17.45.21:348][  0]LogTemp: Initial Dir: A:\Game Design\UE4\Epic Games\UE_4.21
[2018.12.19-17.45.21:348][  0]LogTemp: Env CWD: A:\Game Design\UE4\Epic Games\UE_4.21\Engine\Binaries\DotNET\IOS
[2018.12.19-17.45.21:349][  0]LogCollectionManager: Rebuilt the GUID cache for 0 collections in 0.000001 seconds
[2018.12.19-17.45.21:365][  0]LogTemp: BranchPath = DESKTOP-N53GCT6/A/Game Design/UE4/Epic Games/UE_4.21/Engine/Binaries --- GameBranchPath = DESKTOP-N53GCT6/A/Game Design/UE4/Epic Games/UE_4.21/Engine/Binaries
[2018.12.19-17.45.21:365][  0]LogContentBrowser: Native class hierarchy populated in 0.0162 seconds. Added 2651 classes and 620 folders.
[2018.12.19-17.45.21:382][  0]LogTemp: IPP ERROR: Could not find provision directory 'C:\Users\death\AppData\Local/Apple Computer/MobileDevice/Provisioning Profiles/'.
[2018.12.19-17.45.21:382][  0]LogContentBrowser: Native class hierarchy updated for 'WidgetCarousel' in 0.0005 seconds. Added 0 classes and 0 folders.
[2018.12.19-17.45.21:392][  0]LogPakFile: Registered encryption key '00000000000000000000000000000000': 0 pak files mounted, 0 remain pending
[2018.12.19-17.45.21:394][  0]LogPakFile: Registered encryption key '00000000000000000000000000000000': 0 pak files mounted, 0 remain pending
[2018.12.19-17.45.21:397][  0]LogPakFile: Registered encryption key '00000000000000000000000000000000': 0 pak files mounted, 0 remain pending
[2018.12.19-17.45.21:398][  0]LogPakFile: Registered encryption key '00000000000000000000000000000000': 0 pak files mounted, 0 remain pending
[2018.12.19-17.45.21:401][  0]LogPakFile: Registered encryption key '00000000000000000000000000000000': 0 pak files mounted, 0 remain pending
[2018.12.19-17.45.21:403][  0]LogPakFile: Registered encryption key '00000000000000000000000000000000': 0 pak files mounted, 0 remain pending
[2018.12.19-17.45.21:406][  0]LogPakFile: Registered encryption key '00000000000000000000000000000000': 0 pak files mounted, 0 remain pending
[2018.12.19-17.45.21:408][  0]LogPakFile: Registered encryption key '00000000000000000000000000000000': 0 pak files mounted, 0 remain pending
[2018.12.19-17.45.21:411][  0]LogPakFile: Registered encryption key '00000000000000000000000000000000': 0 pak files mounted, 0 remain pending
[2018.12.19-17.45.21:413][  0]LogPakFile: Registered encryption key '00000000000000000000000000000000': 0 pak files mounted, 0 remain pending
[2018.12.19-17.45.21:415][  0]LogPakFile: Registered encryption key '00000000000000000000000000000000': 0 pak files mounted, 0 remain pending
[2018.12.19-17.45.21:417][  0]LogPakFile: Registered encryption key '00000000000000000000000000000000': 0 pak files mounted, 0 remain pending
[2018.12.19-17.45.21:419][  0]LogPakFile: Registered encryption key '00000000000000000000000000000000': 0 pak files mounted, 0 remain pending
[2018.12.19-17.45.21:421][  0]LogPakFile: Registered encryption key '00000000000000000000000000000000': 0 pak files mounted, 0 remain pending
[2018.12.19-17.45.21:423][  0]LogPakFile: Registered encryption key '00000000000000000000000000000000': 0 pak files mounted, 0 remain pending
[2018.12.19-17.45.21:425][  0]LogPakFile: Registered encryption key '00000000000000000000000000000000': 0 pak files mounted, 0 remain pending
[2018.12.19-17.45.21:427][  0]LogPakFile: Registered encryption key '00000000000000000000000000000000': 0 pak files mounted, 0 remain pending
[2018.12.19-17.45.21:430][  0]LogPakFile: Registered encryption key '00000000000000000000000000000000': 0 pak files mounted, 0 remain pending
[2018.12.19-17.45.21:432][  0]LogPakFile: Registered encryption key '00000000000000000000000000000000': 0 pak files mounted, 0 remain pending
[2018.12.19-17.45.21:434][  0]LogPakFile: Registered encryption key '00000000000000000000000000000000': 0 pak files mounted, 0 remain pending
[2018.12.19-17.45.21:436][  0]LogPakFile: Registered encryption key '00000000000000000000000000000000': 0 pak files mounted, 0 remain pending
[2018.12.19-17.45.21:439][  0]LogPakFile: Registered encryption key '00000000000000000000000000000000': 0 pak files mounted, 0 remain pending
[2018.12.19-17.45.21:441][  0]LogPakFile: Registered encryption key '00000000000000000000000000000000': 0 pak files mounted, 0 remain pending
[2018.12.19-17.45.21:443][  0]LogPakFile: Registered encryption key '00000000000000000000000000000000': 0 pak files mounted, 0 remain pending
[2018.12.19-17.45.21:446][  0]LogPakFile: Registered encryption key '00000000000000000000000000000000': 0 pak files mounted, 0 remain pending
[2018.12.19-17.45.21:448][  0]LogPakFile: Registered encryption key '00000000000000000000000000000000': 0 pak files mounted, 0 remain pending
[2018.12.19-17.45.21:604][  0]LogContentBrowser: Native class hierarchy updated for 'AddContentDialog' in 0.0006 seconds. Added 0 classes and 0 folders.
[2018.12.19-17.45.21:629][  0]LogContentBrowser: Native class hierarchy updated for 'SceneOutliner' in 0.0006 seconds. Added 1 classes and 2 folders.
[2018.12.19-17.45.21:644][  0]LogContentBrowser: Native class hierarchy updated for 'WorldBrowser' in 0.0007 seconds. Added 2 classes and 3 folders.
[2018.12.19-17.45.21:676][  0]LogSlate: Took 0.001275 seconds to synchronously load lazily loaded font '../../../Engine/Content/Editor/Slate/Fonts/FontAwesome.ttf' (139K)
[2018.12.19-17.45.21:677][  0]LogSlate: Took 0.001158 seconds to synchronously load lazily loaded font '../../../Engine/Content/Slate/Fonts/Roboto-Bold.ttf' (160K)
[2018.12.19-17.45.21:886][  0]LogContentBrowser: Native class hierarchy updated for 'HierarchicalLODOutliner' in 0.0004 seconds. Added 0 classes and 0 folders.
[2018.12.19-17.45.21:886][  0]LogLoad: (Engine Initialization) Total time: 22.00 seconds
[2018.12.19-17.45.21:886][  0]LogLoad: (Engine Initialization) Total Blueprint compile time: 0.00 seconds
[2018.12.19-17.45.22:590][  0]LogRenderer: Reallocating scene render targets to support 64x64 Format 10 NumSamples 1 (Frame:1).
[2018.12.19-17.45.22:590][  0]LogContentStreaming: Texture pool size now 1000 MB
[2018.12.19-17.45.22:730][  2]LogRenderer: Reallocating scene render targets to support 128x128 Format 10 NumSamples 1 (Frame:0).
[2018.12.19-17.45.22:832][  3]LogRenderer: Reallocating scene render targets to support 512x512 Format 10 NumSamples 1 (Frame:0).
[2018.12.19-17.45.23:214][  5]LogSlate: Took 0.000869 seconds to synchronously load lazily loaded font '../../../Engine/Content/Slate/Fonts/Roboto-Light.ttf' (167K)
[2018.12.19-17.45.23:459][  8]LogAssetRegistry: Asset discovery search completed in 15.4434 seconds
[2018.12.19-17.45.23:461][  8]LogCollectionManager: Rebuilt the object cache for 0 collections in 0.000000 seconds (found 0 objects)
[2018.12.19-17.45.23:461][  8]LogCollectionManager: Fixed up redirectors for 0 collections in 0.000092 seconds (updated 0 objects)
[2018.12.19-17.45.46:261][ 80]LogAssetEditorManager: Opening Asset editor for WidgetBlueprint /Game/Framework/Core/Widgets/Options/WBP_Graphics.WBP_Graphics
[2018.12.19-17.45.46:717][ 80]LogContentBrowser: Native class hierarchy updated for 'BlueprintGraph' in 0.0007 seconds. Added 117 classes and 0 folders.
[2018.12.19-17.45.47:531][ 80]LogAssetEditorManager: Opening Asset editor for WidgetBlueprint /Game/Framework/Core/Widgets/WidgetPrefabs/WBPF_Slider.WBPF_Slider
[2018.12.19-17.45.47:882][ 80]LogAssetEditorManager: Opening Asset editor for Blueprint /Game/Framework/Core/Base/BP_GameInstanceBase.BP_GameInstanceBase
[2018.12.19-17.45.48:201][ 80]LogAssetEditorManager: Opening Asset editor for Blueprint /Game/Framework/Core/SaveGames/BP_SaveOptions.BP_SaveOptions
[2018.12.19-17.45.49:067][ 80]LogSlate: Took 0.000982 seconds to synchronously load lazily loaded font '../../../Engine/Content/Slate/Fonts/Roboto-BoldCondensed.ttf' (158K)
[2018.12.19-17.47.51:505][996]LogSlate: Window 'BP_SaveOptions' being destroyed
[2018.12.19-17.48.11:764][344]LogSlate: Took 0.001036 seconds to synchronously load lazily loaded font '../../../Engine/Content/Slate/Fonts/Roboto-Italic.ttf' (157K)
[2018.12.19-17.48.47:579][547]BlueprintLog: New page: Compile BP_GameInstanceBase
[2018.12.19-17.48.48:963][613]LogSavePackage: Moving '../../../../../../../GIT/FrameworkTemplate/FrameworkTemplate/Saved/BP_GameInstanceBase9C2D328E45AD2BB83A1E6CA3732FCB07.tmp' to '../../../../../../../GIT/FrameworkTemplate/FrameworkTemplate/Content/Framework/Core/Base/BP_GameInstanceBase.uasset'
[2018.12.19-17.49.35:639][ 10]BlueprintLog: New page: Compile WBP_Graphics
[2018.12.19-17.49.36:478][ 51]LogSavePackage: Moving '../../../../../../../GIT/FrameworkTemplate/FrameworkTemplate/Saved/WBP_Graphics32A13E414D6B9B17359FA8BC54C728F8.tmp' to '../../../../../../../GIT/FrameworkTemplate/FrameworkTemplate/Content/Framework/Core/Widgets/Options/WBP_Graphics.uasset'
[2018.12.19-17.49.42:007][646]LogSavePackage: Moving '../../../../../../../GIT/FrameworkTemplate/FrameworkTemplate/Saved/WBP_Graphics4AC35D0F4D0EBF5875A263AAA87F7FDB.tmp' to '../../../../../../../GIT/FrameworkTemplate/FrameworkTemplate/Content/Framework/Core/Widgets/Options/WBP_Graphics.uasset'
[2018.12.19-17.49.46:262][987]LogSlate: Window 'Save Content' being destroyed
[2018.12.19-17.49.46:580][987]LogSavePackage: Moving '../../../../../../../GIT/FrameworkTemplate/FrameworkTemplate/Saved/00_MainMenu_PAD29882647D1BC6FAFC6BB919B374AD0.tmp' to '../../../../../../../GIT/FrameworkTemplate/FrameworkTemplate/Content/Framework/Maps/MainMenu/00_MainMenu_P.umap'
[2018.12.19-17.49.46:599][987]LogFileHelpers: Saving map '00_MainMenu_P' took 0.314
[2018.12.19-17.51.45:162][889]BlueprintLog: New page: Compile WBP_Graphics
[2018.12.19-17.51.46:128][951]LogSavePackage: Moving '../../../../../../../GIT/FrameworkTemplate/FrameworkTemplate/Saved/WBP_Graphics7457E9814C05BBBECA7893889562BF2E.tmp' to '../../../../../../../GIT/FrameworkTemplate/FrameworkTemplate/Content/Framework/Core/Widgets/Options/WBP_Graphics.uasset'
[2018.12.19-17.51.59:674][494]BlueprintLog: New page: Compile WBP_Graphics
[2018.12.19-17.52.00:491][542]LogSavePackage: Moving '../../../../../../../GIT/FrameworkTemplate/FrameworkTemplate/Saved/WBP_Graphics8282BE5145649CDE2DC38EA5F817A418.tmp' to '../../../../../../../GIT/FrameworkTemplate/FrameworkTemplate/Content/Framework/Core/Widgets/Options/WBP_Graphics.uasset'
[2018.12.19-17.52.02:673][772]LogSlate: Window 'FrameworkTemplate - Unreal Editor' being destroyed
[2018.12.19-17.52.03:038][773]Cmd: QUIT_EDITOR
[2018.12.19-17.52.03:065][773]LogWindowsTextInputMethodSystem: Display: IME system now deactivated.
[2018.12.19-17.52.03:073][773]LogExit: Preparing to exit.
[2018.12.19-17.52.04:194][773]LogExit: Editor shut down
[2018.12.19-17.52.04:195][773]LogExit: Transaction tracking system shut down
[2018.12.19-17.52.04:598][773]LogExit: Object subsystem successfully closed.
[2018.12.19-17.52.04:612][773]LogShaderCompilers: Display: Shaders left to compile 0
[2018.12.19-17.52.04:615][773]LogD3D11RHI: Shutdown
[2018.12.19-17.52.04:615][773]LogD3D11RHI: CleanupD3DDevice
[2018.12.19-17.52.04:617][773]LogD3D11RHI: ~FD3D11DynamicRHI
[2018.12.19-17.52.04:630][773]LogModuleManager: Shutting down and abandoning module SequencerWidgets (630)
[2018.12.19-17.52.04:630][773]LogModuleManager: Shutting down and abandoning module BlueprintGraph (628)
[2018.12.19-17.52.04:630][773]LogModuleManager: Shutting down and abandoning module HierarchicalLODOutliner (626)
[2018.12.19-17.52.04:630][773]LogModuleManager: Shutting down and abandoning module WorldBrowser (624)
[2018.12.19-17.52.04:630][773]LogModuleManager: Shutting down and abandoning module SceneOutliner (622)
[2018.12.19-17.52.04:630][773]LogModuleManager: Shutting down and abandoning module AddContentDialog (620)
[2018.12.19-17.52.04:631][773]LogModuleManager: Shutting down and abandoning module WidgetCarousel (619)
[2018.12.19-17.52.04:631][773]LogModuleManager: Shutting down and abandoning module EditorWidgets (616)
[2018.12.19-17.52.04:631][773]LogModuleManager: Shutting down and abandoning module CollectionManager (614)
[2018.12.19-17.52.04:631][773]LogModuleManager: Shutting down and abandoning module ExternalImagePicker (612)
[2018.12.19-17.52.04:631][773]LogModuleManager: Shutting down and abandoning module StatsViewer (610)
[2018.12.19-17.52.04:631][773]LogModuleManager: Shutting down and abandoning module FoliageEdit (608)
[2018.12.19-17.52.04:631][773]LogModuleManager: Shutting down and abandoning module LandscapeEditor (606)
[2018.12.19-17.52.04:631][773]LogModuleManager: Shutting down and abandoning module MeshPaintMode (604)
[2018.12.19-17.52.04:631][773]LogModuleManager: Shutting down and abandoning module SceneDepthPickerMode (602)
[2018.12.19-17.52.04:631][773]LogModuleManager: Shutting down and abandoning module ActorPickerMode (600)
[2018.12.19-17.52.04:631][773]LogModuleManager: Shutting down and abandoning module GeometryMode (598)
[2018.12.19-17.52.04:631][773]LogModuleManager: Shutting down and abandoning module TextureAlignMode (596)
[2018.12.19-17.52.04:631][773]LogModuleManager: Shutting down and abandoning module BspMode (594)
[2018.12.19-17.52.04:631][773]LogModuleManager: Shutting down and abandoning module PIEPreviewDeviceProfileSelector (592)
[2018.12.19-17.52.04:631][773]LogModuleManager: Shutting down and abandoning module SequenceRecorderSections (590)
[2018.12.19-17.52.04:631][773]LogModuleManager: Shutting down and abandoning module AutomationWorker (588)
[2018.12.19-17.52.04:631][773]LogModuleManager: Shutting down and abandoning module AudioCaptureEditor (586)
[2018.12.19-17.52.04:631][773]LogModuleManager: Shutting down and abandoning module MatineeToLevelSequence (584)
[2018.12.19-17.52.04:631][773]LogModuleManager: Shutting down and abandoning module LevelSequenceEditor (582)
[2018.12.19-17.52.04:631][773]LogModuleManager: Shutting down and abandoning module PlacementMode (581)
[2018.12.19-17.52.04:631][773]LogModuleManager: Shutting down and abandoning module MaterialEditor (580)
[2018.12.19-17.52.04:631][773]LogModuleManager: Shutting down and abandoning module WmfMediaFactory (576)
[2018.12.19-17.52.04:631][773]LogModuleManager: Shutting down and abandoning module WmfMediaEditor (574)
[2018.12.19-17.52.04:631][773]LogModuleManager: Shutting down and abandoning module WebMMediaFactory (572)
[2018.12.19-17.52.04:631][773]LogModuleManager: Shutting down and abandoning module WebMMediaEditor (570)
[2018.12.19-17.52.04:631][773]LogModuleManager: Shutting down and abandoning module WebMMedia (568)
[2018.12.19-17.52.04:631][773]LogModuleManager: Shutting down and abandoning module MediaPlayerEditor (566)
[2018.12.19-17.52.04:632][773]LogModuleManager: Shutting down and abandoning module MediaCompositingEditor (564)
[2018.12.19-17.52.04:632][773]LogModuleManager: Shutting down and abandoning module SequenceRecorder (563)
[2018.12.19-17.52.04:632][773]LogModuleManager: Shutting down and abandoning module OpenExrWrapper (560)
[2018.12.19-17.52.04:632][773]LogModuleManager: Shutting down and abandoning module ImgMediaFactory (558)
[2018.12.19-17.52.04:632][773]LogModuleManager: Shutting down and abandoning module ImgMediaEditor (556)
[2018.12.19-17.52.04:632][773]LogModuleManager: Shutting down and abandoning module AvfMediaFactory (554)
[2018.12.19-17.52.04:632][773]LogModuleManager: Shutting down and abandoning module AvfMediaEditor (552)
[2018.12.19-17.52.04:632][773]LogModuleManager: Shutting down and abandoning module AndroidMediaFactory (550)
[2018.12.19-17.52.04:632][773]LogModuleManager: Shutting down and abandoning module AndroidMediaEditor (548)
[2018.12.19-17.52.04:632][773]LogModuleManager: Shutting down and abandoning module MagicLeapCameraPreviewFactory (546)
[2018.12.19-17.52.04:632][773]LogModuleManager: Shutting down and abandoning module MagicLeapMediaFactory (544)
[2018.12.19-17.52.04:632][773]LogModuleManager: Shutting down and abandoning module MagicLeapMediaEditor (542)
[2018.12.19-17.52.04:632][773]LogModuleManager: Shutting down and abandoning module CharacterAI (540)
[2018.12.19-17.52.04:632][773]LogModuleManager: Shutting down and abandoning module SmartSnapping (538)
[2018.12.19-17.52.04:632][773]LogModuleManager: Shutting down and abandoning module SessionServices (536)
[2018.12.19-17.52.04:632][773]LogModuleManager: Shutting down and abandoning module ViewportSnapping (534)
[2018.12.19-17.52.04:632][773]LogModuleManager: Shutting down and abandoning module ViewportInteraction (532)
[2018.12.19-17.52.04:632][773]LogModuleManager: Shutting down and abandoning module ClothPainter (530)
[2018.12.19-17.52.04:632][773]LogModuleManager: Shutting down and abandoning module SkeletalMeshEditor (529)
[2018.12.19-17.52.04:632][773]LogModuleManager: Shutting down and abandoning module LogVisualizer (526)
[2018.12.19-17.52.04:632][773]LogModuleManager: Shutting down and abandoning module IntroTutorials (524)
[2018.12.19-17.52.04:632][773]LogModuleManager: Shutting down and abandoning module GameProjectGeneration (523)
[2018.12.19-17.52.04:632][773]LogModuleManager: Shutting down and abandoning module LuminPlatformEditor (520)
[2018.12.19-17.52.04:632][773]LogModuleManager: Shutting down and abandoning module IOSPlatformEditor (518)
[2018.12.19-17.52.04:632][773]LogModuleManager: Shutting down and abandoning module HTML5PlatformEditor (516)
[2018.12.19-17.52.04:632][773]LogModuleManager: Shutting down and abandoning module AndroidPlatformEditor (514)
[2018.12.19-17.52.04:632][773]LogModuleManager: Shutting down and abandoning module AndroidDeviceDetection (513)
[2018.12.19-17.52.05:337][773]LogModuleManager: Shutting down and abandoning module WindowsPlatformEditor (510)
[2018.12.19-17.52.05:337][773]LogModuleManager: Shutting down and abandoning module LuminRuntimeSettings (508)
[2018.12.19-17.52.05:337][773]LogModuleManager: Shutting down and abandoning module IOSRuntimeSettings (506)
[2018.12.19-17.52.05:337][773]LogModuleManager: Shutting down and abandoning module AndroidRuntimeSettings (504)
[2018.12.19-17.52.05:337][773]LogModuleManager: Shutting down and abandoning module TimeManagementEditor (502)
[2018.12.19-17.52.05:337][773]LogModuleManager: Shutting down and abandoning module InputBindingEditor (500)
[2018.12.19-17.52.05:337][773]LogModuleManager: Shutting down and abandoning module MergeActors (498)
[2018.12.19-17.52.05:337][773]LogModuleManager: Shutting down and abandoning module LocalizationDashboard (496)
[2018.12.19-17.52.05:337][773]LogModuleManager: Shutting down and abandoning module LocalizationService (495)
[2018.12.19-17.52.05:337][773]LogModuleManager: Shutting down and abandoning module HardwareTargeting (492)
[2018.12.19-17.52.05:337][773]LogModuleManager: Shutting down and abandoning module DeviceProfileEditor (490)
[2018.12.19-17.52.05:337][773]LogModuleManager: Shutting down and abandoning module UndoHistory (488)
[2018.12.19-17.52.05:337][773]LogModuleManager: Shutting down and abandoning module XmlParser (486)
[2018.12.19-17.52.05:337][773]LogModuleManager: Shutting down and abandoning module Blutility (484)
[2018.12.19-17.52.05:338][773]LogModuleManager: Shutting down and abandoning module ProjectSettingsViewer (482)
[2018.12.19-17.52.05:338][773]LogModuleManager: Shutting down and abandoning module ProjectTargetPlatformEditor (481)
[2018.12.19-17.52.05:338][773]LogModuleManager: Shutting down and abandoning module EditorSettingsViewer (478)
[2018.12.19-17.52.05:338][773]LogModuleManager: Shutting down and abandoning module SettingsEditor (476)
[2018.12.19-17.52.05:338][773]LogModuleManager: Shutting down and abandoning module ProjectLauncher (474)
[2018.12.19-17.52.05:338][773]LogModuleManager: Shutting down and abandoning module SessionFrontend (472)
[2018.12.19-17.52.05:338][773]LogModuleManager: Shutting down and abandoning module ProfilerClient (470)
[2018.12.19-17.52.05:338][773]LogModuleManager: Shutting down and abandoning module DeviceManager (468)
[2018.12.19-17.52.05:338][773]LogModuleManager: Shutting down and abandoning module TargetDeviceServices (467)
[2018.12.19-17.52.05:404][773]LogModuleManager: Shutting down and abandoning module AutomationController (464)
[2018.12.19-17.52.05:404][773]LogModuleManager: Shutting down and abandoning module AutomationWindow (462)
[2018.12.19-17.52.05:404][773]LogModuleManager: Shutting down and abandoning module Layers (460)
[2018.12.19-17.52.05:404][773]LogModuleManager: Shutting down and abandoning module ComponentVisualizers (458)
[2018.12.19-17.52.05:404][773]LogModuleManager: Shutting down and abandoning module DetailCustomizations (456)
[2018.12.19-17.52.05:405][773]LogModuleManager: Shutting down and abandoning module PackagesDialog (454)
[2018.12.19-17.52.05:405][773]LogModuleManager: Shutting down and abandoning module Persona (452)
[2018.12.19-17.52.05:405][773]LogModuleManager: Shutting down and abandoning module AdvancedPreviewScene (451)
[2018.12.19-17.52.05:405][773]LogModuleManager: Shutting down and abandoning module AnimGraph (449)
[2018.12.19-17.52.05:405][773]LogModuleManager: Shutting down and abandoning module Kismet (446)
[2018.12.19-17.52.05:413][773]LogModuleManager: Shutting down and abandoning module GraphEditor (444)
[2018.12.19-17.52.05:413][773]LogModuleManager: Shutting down and abandoning module ClassViewer (442)
[2018.12.19-17.52.05:413][773]LogModuleManager: Shutting down and abandoning module Toolbox (440)
[2018.12.19-17.52.05:413][773]LogModuleManager: Shutting down and abandoning module ModuleUI (438)
[2018.12.19-17.52.05:413][773]LogModuleManager: Shutting down and abandoning module MovieSceneTools (436)
[2018.12.19-17.52.05:413][773]LogModuleManager: Shutting down and abandoning module OutputLog (434)
[2018.12.19-17.52.05:413][773]LogModuleManager: Shutting down and abandoning module GammaUI (432)
[2018.12.19-17.52.05:413][773]LogModuleManager: Shutting down and abandoning module Documentation (430)
[2018.12.19-17.52.05:413][773]LogModuleManager: Shutting down and abandoning module MovieSceneTracks (428)
[2018.12.19-17.52.05:414][773]LogModuleManager: Shutting down and abandoning module MovieScene (426)
[2018.12.19-17.52.05:414][773]LogModuleManager: Shutting down and abandoning module StreamingPauseRendering (424)
[2018.12.19-17.52.05:414][773]LogModuleManager: Shutting down and abandoning module LauncherPlatform (422)
[2018.12.19-17.52.05:414][773]LogModuleManager: Shutting down and abandoning module AnalyticsET (420)
[2018.12.19-17.52.05:414][773]LogModuleManager: Shutting down and abandoning module PortalServices (418)
[2018.12.19-17.52.05:414][773]LogModuleManager: Shutting down and abandoning module PortalRpc (416)
[2018.12.19-17.52.05:414][773]LogModuleManager: Shutting down and abandoning module MessagingRpc (414)
[2018.12.19-17.52.05:414][773]LogModuleManager: Shutting down and abandoning module AIModule (412)
[2018.12.19-17.52.05:414][773]LogModuleManager: Shutting down and abandoning module GameplayDebugger (411)
[2018.12.19-17.52.05:414][773]LogModuleManager: Shutting down and abandoning module AITestSuite (409)
[2018.12.19-17.52.05:414][773]LogModuleManager: Shutting down and abandoning module NavigationSystem (407)
[2018.12.19-17.52.05:414][773]LogModuleManager: Shutting down and abandoning module DesktopPlatform (404)
[2018.12.19-17.52.05:414][773]LogModuleManager: Shutting down and abandoning module ImageWriteQueue (402)
[2018.12.19-17.52.05:417][773]LogModuleManager: Shutting down and abandoning module ProfilerService (400)
[2018.12.19-17.52.05:500][773]LogModuleManager: Shutting down and abandoning module TaskGraph (398)
[2018.12.19-17.52.05:500][773]LogModuleManager: Shutting down and abandoning module SteamVRController (396)
[2018.12.19-17.52.05:500][773]LogModuleManager: Shutting down and abandoning module ProceduralMeshComponentEditor (394)
[2018.12.19-17.52.05:500][773]LogModuleManager: Shutting down and abandoning module ProceduralMeshComponent (392)
[2018.12.19-17.52.05:500][773]LogModuleManager: Shutting down and abandoning module OculusInput (390)
[2018.12.19-17.52.05:500][773]LogModuleManager: Shutting down and abandoning module MobilePatchingUtils (388)
[2018.12.19-17.52.05:500][773]LogModuleManager: Shutting down and abandoning module EditableMesh (386)
[2018.12.19-17.52.05:500][773]LogModuleManager: Shutting down and abandoning module CustomMeshComponent (384)
[2018.12.19-17.52.05:500][773]LogModuleManager: Shutting down and abandoning module CableComponent (382)
[2018.12.19-17.52.05:500][773]LogModuleManager: Shutting down and abandoning module AudioCapture (380)
[2018.12.19-17.52.05:500][773]LogModuleManager: Shutting down and abandoning module ArchVisCharacter (378)
[2018.12.19-17.52.05:500][773]LogModuleManager: Shutting down and abandoning module AndroidPermission (376)
[2018.12.19-17.52.05:500][773]LogModuleManager: Shutting down and abandoning module NUTUnrealEngine4 (374)
[2018.12.19-17.52.05:500][773]LogModuleManager: Shutting down and abandoning module NetcodeUnitTest (372)
[2018.12.19-17.52.05:500][773]LogModuleManager: Shutting down and abandoning module MediaCompositing (370)
[2018.12.19-17.52.05:501][773]LogModuleManager: Shutting down and abandoning module LinearTimecode (368)
[2018.12.19-17.52.05:501][773]LogModuleManager: Shutting down and abandoning module ImgMedia (366)
[2018.12.19-17.52.05:503][773]LogModuleManager: Shutting down and abandoning module HTML5Networking (364)
[2018.12.19-17.52.05:503][773]LogModuleManager: Shutting down and abandoning module GeometryCacheTracks (362)
[2018.12.19-17.52.05:503][773]LogModuleManager: Shutting down and abandoning module GeometryCacheSequencer (360)
[2018.12.19-17.52.05:503][773]LogModuleManager: Shutting down and abandoning module BackChannel (358)
[2018.12.19-17.52.05:503][773]LogModuleManager: Shutting down and abandoning module AppleVision (356)
[2018.12.19-17.52.05:503][773]LogModuleManager: Shutting down and abandoning module AppleImageUtilsBlueprintSupport (354)
[2018.12.19-17.52.05:503][773]LogModuleManager: Shutting down and abandoning module AppleImageUtils (352)
[2018.12.19-17.52.05:503][773]LogModuleManager: Shutting down and abandoning module AlembicImporter (350)
[2018.12.19-17.52.05:503][773]LogModuleManager: Shutting down and abandoning module AlembicLibrary (349)
[2018.12.19-17.52.05:503][773]LogModuleManager: Shutting down and abandoning module GeometryCache (348)
[2018.12.19-17.52.05:503][773]LogModuleManager: Shutting down and abandoning module GeometryCacheEd (347)
[2018.12.19-17.52.05:503][773]LogModuleManager: Shutting down and abandoning module VariantManagerContent (342)
[2018.12.19-17.52.05:503][773]LogModuleManager: Shutting down and abandoning module DatasmithContentEditor (340)
[2018.12.19-17.52.05:503][773]LogModuleManager: Shutting down and abandoning module SpeedTreeImporter (338)
[2018.12.19-17.52.05:503][773]LogModuleManager: Shutting down and abandoning module PluginBrowser (336)
[2018.12.19-17.52.05:503][773]LogModuleManager: Shutting down and abandoning module MobileLauncherProfileWizard (334)
[2018.12.19-17.52.05:503][773]LogModuleManager: Shutting down and abandoning module PolygonModeling (332)
[2018.12.19-17.52.05:503][773]LogModuleManager: Shutting down and abandoning module MeshEditor (330)
[2018.12.19-17.52.05:503][773]LogModuleManager: Shutting down and abandoning module CryptoKeysOpenSSL (328)
[2018.12.19-17.52.05:503][773]LogModuleManager: Shutting down and abandoning module CryptoKeys (326)
[2018.12.19-17.52.05:503][773]LogModuleManager: Shutting down and abandoning module VisualStudioSourceCodeAccess (324)
[2018.12.19-17.52.05:503][773]LogModuleManager: Shutting down and abandoning module VisualStudioCodeSourceCodeAccess (322)
[2018.12.19-17.52.05:503][773]LogModuleManager: Shutting down and abandoning module UObjectPlugin (320)
[2018.12.19-17.52.05:503][773]LogModuleManager: Shutting down and abandoning module SubversionSourceControl (318)
[2018.12.19-17.52.05:503][773]LogModuleManager: Shutting down and abandoning module PerforceSourceControl (316)
[2018.12.19-17.52.05:504][773]LogModuleManager: Shutting down and abandoning module GitSourceControl (314)
[2018.12.19-17.52.05:504][773]LogModuleManager: Shutting down and abandoning module SourceControl (313)
[2018.12.19-17.52.05:504][773]LogModuleManager: Shutting down and abandoning module CLionSourceCodeAccess (310)
[2018.12.19-17.52.05:504][773]LogModuleManager: Shutting down and abandoning module ActorLayerUtilitiesEditor (308)
[2018.12.19-17.52.05:504][773]LogModuleManager: Shutting down and abandoning module ActorLayerUtilities (306)
[2018.12.19-17.52.05:504][773]LogModuleManager: Shutting down and abandoning module LightPropagationVolumeEditor (304)
[2018.12.19-17.52.05:504][773]LogModuleManager: Shutting down and abandoning module PaperTiledImporter (302)
[2018.12.19-17.52.05:504][773]LogModuleManager: Shutting down and abandoning module PaperSpriteSheetImporter (300)
[2018.12.19-17.52.05:504][773]LogModuleManager: Shutting down and abandoning module Paper2DEditor (298)
[2018.12.19-17.52.05:504][773]LogModuleManager: Shutting down and abandoning module MeshPaint (297)
[2018.12.19-17.52.05:504][773]LogModuleManager: Shutting down and abandoning module RuntimePhysXCooking (294)
[2018.12.19-17.52.05:504][773]LogModuleManager: Shutting down and abandoning module PhysXVehiclesEditor (292)
[2018.12.19-17.52.05:504][773]LogModuleManager: Shutting down and abandoning module PhysXVehicles (290)
[2018.12.19-17.52.05:504][773]LogModuleManager: Shutting down and abandoning module OculusEditor (288)
[2018.12.19-17.52.05:504][773]LogModuleManager: Shutting down and abandoning module LocationServicesBPLibrary (286)
[2018.12.19-17.52.05:504][773]LogModuleManager: Shutting down and abandoning module ActorSequence (284)
[2018.12.19-17.52.05:505][773]LogModuleManager: Shutting down and abandoning module UdpMessaging (282)
[2018.12.19-17.52.05:605][773]LogModuleManager: Shutting down and abandoning module TcpMessaging (280)
[2018.12.19-17.52.05:706][773]LogModuleManager: Shutting down and abandoning module MagicLeapAudio (278)
[2018.12.19-17.52.05:706][773]LogModuleManager: Shutting down and abandoning module GameplayTagsEditor (276)
[2018.12.19-17.52.05:706][773]LogModuleManager: Shutting down and abandoning module FacialAnimationEditor (274)
[2018.12.19-17.52.05:706][773]LogModuleManager: Shutting down and abandoning module FacialAnimation (272)
[2018.12.19-17.52.05:706][773]LogModuleManager: Shutting down and abandoning module DataValidation (270)
[2018.12.19-17.52.05:706][773]LogModuleManager: Shutting down and abandoning module AssetManagerEditor (268)
[2018.12.19-17.52.05:706][773]LogModuleManager: Shutting down and abandoning module LevelEditor (267)
[2018.12.19-17.52.05:706][773]LogModuleManager: Shutting down and abandoning module PixelInspectorModule (266)
[2018.12.19-17.52.05:706][773]LogModuleManager: Shutting down and abandoning module CommonMenuExtensions (264)
[2018.12.19-17.52.05:706][773]LogModuleManager: Shutting down and abandoning module MainFrame (262)
[2018.12.19-17.52.05:706][773]LogModuleManager: Shutting down and abandoning module HotReload (261)
[2018.12.19-17.52.05:707][773]LogModuleManager: Shutting down and abandoning module ContentBrowser (257)
[2018.12.19-17.52.05:708][773]LogModuleManager: Shutting down and abandoning module TreeMap (255)
[2018.12.19-17.52.05:708][773]LogModuleManager: Shutting down and abandoning module LightPropagationVolumeRuntime (252)
[2018.12.19-17.52.05:708][773]LogModuleManager: Shutting down and abandoning module AISupportModule (250)
[2018.12.19-17.52.05:708][773]LogModuleManager: Shutting down and abandoning module Paper2D (248)
[2018.12.19-17.52.05:708][773]LogModuleManager: Shutting down and abandoning module WindowsMoviePlayer (246)
[2018.12.19-17.52.05:708][773]LogModuleManager: Shutting down and abandoning module WebMMoviePlayer (244)
[2018.12.19-17.52.05:708][773]LogModuleManager: Shutting down and abandoning module WmfMedia (242)
[2018.12.19-17.52.05:709][773]LogModuleManager: Shutting down and abandoning module Media (241)
[2018.12.19-17.52.05:715][773]LogModuleManager: Shutting down and abandoning module PacketHandler (238)
[2018.12.19-17.52.05:715][773]LogModuleManager: Shutting down and abandoning module ClothingSystemEditor (236)
[2018.12.19-17.52.05:715][773]LogModuleManager: Shutting down and abandoning module ClothingSystemRuntime (234)
[2018.12.19-17.52.05:715][773]LogModuleManager: Shutting down and abandoning module MediaAssets (232)
[2018.12.19-17.52.05:715][773]LogModuleManager: Shutting down and abandoning module Overlay (230)
[2018.12.19-17.52.05:715][773]LogModuleManager: Shutting down and abandoning module OverlayEditor (229)
[2018.12.19-17.52.05:715][773]LogModuleManager: Shutting down and abandoning module VREditor (226)
[2018.12.19-17.52.05:715][773]LogModuleManager: Shutting down and abandoning module StringTableEditor (224)
[2018.12.19-17.52.05:715][773]LogModuleManager: Shutting down and abandoning module GameplayTasksEditor (222)
[2018.12.19-17.52.05:715][773]LogModuleManager: Shutting down and abandoning module BehaviorTreeEditor (220)
[2018.12.19-17.52.05:715][773]LogModuleManager: Shutting down and abandoning module FunctionalTesting (218)
[2018.12.19-17.52.05:715][773]LogModuleManager: Shutting down and abandoning module CollisionAnalyzer (216)
[2018.12.19-17.52.05:715][773]LogModuleManager: Shutting down and abandoning module WorkspaceMenuStructure (215)
[2018.12.19-17.52.05:715][773]LogModuleManager: Shutting down and abandoning module UMG (212)
[2018.12.19-17.52.05:716][773]LogModuleManager: Shutting down and abandoning module UMGEditor (211)
[2018.12.19-17.52.05:716][773]LogModuleManager: Shutting down and abandoning module Sequencer (210)
[2018.12.19-17.52.05:716][773]LogModuleManager: Shutting down and abandoning module MessageLog (207)
[2018.12.19-17.52.05:716][773]LogModuleManager: Shutting down and abandoning module SlateReflector (202)
[2018.12.19-17.52.05:716][773]LogModuleManager: Shutting down and abandoning module Slate (200)
[2018.12.19-17.52.05:716][773]LogModuleManager: Shutting down and abandoning module EditorStyle (198)
[2018.12.19-17.52.05:718][773]LogModuleManager: Shutting down and abandoning module MRMesh (196)
[2018.12.19-17.52.05:718][773]LogModuleManager: Shutting down and abandoning module SourceCodeAccess (194)
[2018.12.19-17.52.05:718][773]LogModuleManager: Shutting down and abandoning module HeadMountedDisplay (192)
[2018.12.19-17.52.05:718][773]LogModuleManager: Shutting down and abandoning module XAudio2 (190)
[2018.12.19-17.52.05:718][773]LogModuleManager: Shutting down and abandoning module Networking (188)
[2018.12.19-17.52.05:718][773]LogModuleManager: Shutting down and abandoning module Core (186)
[2018.12.19-17.52.05:718][773]LogModuleManager: Shutting down and abandoning module LevelSequence (184)
[2018.12.19-17.52.05:718][773]LogModuleManager: Shutting down and abandoning module KismetCompiler (182)
[2018.12.19-17.52.05:718][773]LogModuleManager: Shutting down and abandoning module MeshUtilities (180)
[2018.12.19-17.52.05:718][773]LogModuleManager: Shutting down and abandoning module MeshMergeUtilities (179)
[2018.12.19-17.52.05:718][773]LogModuleManager: Shutting down and abandoning module MeshReductionInterface (178)
[2018.12.19-17.52.05:718][773]LogModuleManager: Shutting down and abandoning module SimplygonSwarm (177)
[2018.12.19-17.52.05:718][773]LogModuleManager: Shutting down and abandoning module ProxyLODMeshReduction (175)
[2018.12.19-17.52.05:718][773]LogModuleManager: Shutting down and abandoning module SimplygonMeshReduction (173)
[2018.12.19-17.52.05:718][773]LogModuleManager: Shutting down and abandoning module QuadricMeshReduction (171)
[2018.12.19-17.52.05:718][773]LogModuleManager: Shutting down and abandoning module MaterialBaking (167)
[2018.12.19-17.52.05:718][773]LogModuleManager: Shutting down and abandoning module DirectoryWatcher (163)
[2018.12.19-17.52.05:718][773]LogModuleManager: Shutting down and abandoning module DerivedDataCache (160)
[2018.12.19-17.52.05:806][773]LogDerivedDataCache: Shutdown
[2018.12.19-17.52.05:806][773]LogModuleManager: Shutting down and abandoning module XGEController (158)
[2018.12.19-17.52.05:806][773]LogModuleManager: Shutting down and abandoning module TargetPlatform (156)
[2018.12.19-17.52.05:806][773]LogModuleManager: Shutting down and abandoning module VulkanShaderFormat (155)
[2018.12.19-17.52.05:806][773]LogModuleManager: Shutting down and abandoning module ShaderFormatVectorVM (153)
[2018.12.19-17.52.05:806][773]LogModuleManager: Shutting down and abandoning module ShaderFormatOpenGL (151)
[2018.12.19-17.52.05:806][773]LogModuleManager: Shutting down and abandoning module ShaderFormatD3D (149)
[2018.12.19-17.52.05:806][773]LogModuleManager: Shutting down and abandoning module MetalShaderFormat (147)
[2018.12.19-17.52.05:806][773]LogModuleManager: Shutting down and abandoning module TextureFormatUncompressed (145)
[2018.12.19-17.52.05:806][773]LogModuleManager: Shutting down and abandoning module TextureFormatPVR (143)
[2018.12.19-17.52.05:806][773]LogModuleManager: Shutting down and abandoning module TextureFormatDXT (141)
[2018.12.19-17.52.05:806][773]LogModuleManager: Shutting down and abandoning module TextureFormatIntelISPCTexComp (139)
[2018.12.19-17.52.05:807][773]LogModuleManager: Shutting down and abandoning module TextureFormatASTC (137)
[2018.12.19-17.52.05:807][773]LogModuleManager: Shutting down and abandoning module ImageWrapper (136)
[2018.12.19-17.52.05:807][773]LogModuleManager: Shutting down and abandoning module TextureFormatAndroid (133)
[2018.12.19-17.52.05:807][773]LogModuleManager: Shutting down and abandoning module AudioFormatOpus (131)
[2018.12.19-17.52.05:807][773]LogModuleManager: Shutting down and abandoning module AudioFormatOgg (129)
[2018.12.19-17.52.05:807][773]LogModuleManager: Shutting down and abandoning module AudioFormatADPCM (127)
[2018.12.19-17.52.05:807][773]LogModuleManager: Shutting down and abandoning module LuminTargetPlatform (125)
[2018.12.19-17.52.05:807][773]LogModuleManager: Shutting down and abandoning module LinuxTargetPlatform (123)
[2018.12.19-17.52.05:807][773]LogModuleManager: Shutting down and abandoning module LinuxServerTargetPlatform (121)
[2018.12.19-17.52.05:807][773]LogModuleManager: Shutting down and abandoning module LinuxNoEditorTargetPlatform (119)
[2018.12.19-17.52.05:807][773]LogModuleManager: Shutting down and abandoning module LinuxClientTargetPlatform (117)
[2018.12.19-17.52.05:807][773]LogModuleManager: Shutting down and abandoning module TVOSTargetPlatform (115)
[2018.12.19-17.52.05:808][773]LogModuleManager: Shutting down and abandoning module Messaging (113)
[2018.12.19-17.52.05:808][773]LogModuleManager: Shutting down and abandoning module IOSTargetPlatform (111)
[2018.12.19-17.52.05:809][773]LogModuleManager: Shutting down and abandoning module HTML5TargetPlatform (109)
[2018.12.19-17.52.05:809][773]LogModuleManager: Shutting down and abandoning module AndroidTargetPlatform (107)
[2018.12.19-17.52.05:815][773]LogModuleManager: Shutting down and abandoning module WindowsTargetPlatform (105)
[2018.12.19-17.52.05:815][773]LogModuleManager: Shutting down and abandoning module WindowsServerTargetPlatform (103)
[2018.12.19-17.52.05:815][773]LogModuleManager: Shutting down and abandoning module WindowsNoEditorTargetPlatform (101)
[2018.12.19-17.52.05:815][773]LogModuleManager: Shutting down and abandoning module WindowsClientTargetPlatform (99)
[2018.12.19-17.52.05:815][773]LogModuleManager: Shutting down and abandoning module MacTargetPlatform (97)
[2018.12.19-17.52.05:815][773]LogModuleManager: Shutting down and abandoning module MacServerTargetPlatform (95)
[2018.12.19-17.52.05:815][773]LogModuleManager: Shutting down and abandoning module MacNoEditorTargetPlatform (93)
[2018.12.19-17.52.05:815][773]LogModuleManager: Shutting down and abandoning module MacClientTargetPlatform (91)
[2018.12.19-17.52.05:815][773]LogModuleManager: Shutting down and abandoning module AllDesktopTargetPlatform (89)
[2018.12.19-17.52.05:815][773]LogModuleManager: Shutting down and abandoning module InputCore (86)
[2018.12.19-17.52.05:815][773]LogModuleManager: Shutting down and abandoning module Settings (84)
[2018.12.19-17.52.05:815][773]LogModuleManager: Shutting down and abandoning module PhysXCooking (82)
[2018.12.19-17.52.05:815][773]LogModuleManager: Shutting down and abandoning module SteamVR (80)
[2018.12.19-17.52.05:815][773]LogHMD: Freeing OpenVRDLLHandle.
[2018.12.19-17.52.05:815][773]LogModuleManager: Shutting down and abandoning module OculusHMD (78)
[2018.12.19-17.52.05:815][773]LogModuleManager: Shutting down and abandoning module ExampleDeviceProfileSelector (76)
[2018.12.19-17.52.05:815][773]LogModuleManager: Shutting down and abandoning module LauncherChunkInstaller (74)
[2018.12.19-17.52.05:815][773]LogModuleManager: Shutting down and abandoning module OnlineBlueprintSupport (72)
[2018.12.19-17.52.05:815][773]LogModuleManager: Shutting down and abandoning module OnlineSubsystem (68)
[2018.12.19-17.52.05:816][773]LogModuleManager: Shutting down and abandoning module XMPP (63)
[2018.12.19-17.52.05:816][773]LogModuleManager: Shutting down and abandoning module WebSockets (62)
[2018.12.19-17.52.05:849][773]LogModuleManager: Shutting down and abandoning module HTTP (59)
[2018.12.19-17.52.05:850][773]LogHttp: Display: Http module shutting down, but needs to wait on 1 outstanding Http requests:
[2018.12.19-17.52.05:850][773]LogHttp: Display: 	verb=[POST] url=[https://datarouter.ol.epicgames.com/datarouter/api/v1/public/data?SessionID=%7B0E4F9D8B-4625-B2BB-7BC6-2390969BA8FA%7D&AppID=UEEditor.Rocket.Release&AppVersion=4.21.1-4613538%2B%2B%2BUE4%2BRelease-4.21&UserID=a2af95544f0938fc35241bbea866488e%7C4a680e3ea4b04fcfb5b075835c5b546b%7Cd27101be-b892-4db8-97d0-a064c037c236&AppEnvironment=datacollector-binary&UploadType=eteventstream] status=Processing
[2018.12.19-17.52.05:869][773]LogModuleManager: Shutting down and abandoning module SSL (58)
[2018.12.19-17.52.05:870][773]LogModuleManager: Shutting down and abandoning module MagicLeapIdentity (54)
[2018.12.19-17.52.05:870][773]LogModuleManager: Shutting down and abandoning module MagicLeapHelperVulkan (52)
[2018.12.19-17.52.05:870][773]LogModuleManager: Shutting down and abandoning module MagicLeapHelperOpenGL (50)
[2018.12.19-17.52.05:870][773]LogModuleManager: Shutting down and abandoning module MagicLeapSecureStorage (48)
[2018.12.19-17.52.05:870][773]LogModuleManager: Shutting down and abandoning module MagicLeapHandTracking (46)
[2018.12.19-17.52.05:871][773]LogModuleManager: Shutting down and abandoning module MagicLeapEyeTracker (44)
[2018.12.19-17.52.05:871][773]LogModuleManager: Shutting down and abandoning module MagicLeapController (42)
[2018.12.19-17.52.05:871][773]LogSlate: Slate User Destroyed.  User Index 0, Is Virtual User: 0
[2018.12.19-17.52.05:871][773]LogModuleManager: Shutting down and abandoning module MagicLeap (40)
[2018.12.19-17.52.05:871][773]LogModuleManager: Shutting down and abandoning module DatasmithContent (38)
[2018.12.19-17.52.05:871][773]LogModuleManager: Shutting down and abandoning module AnimationModifiers (36)
[2018.12.19-17.52.05:871][773]LogModuleManager: Shutting down and abandoning module PropertyEditor (35)
[2018.12.19-17.52.05:871][773]LogModuleManager: Shutting down and abandoning module AudioEditor (32)
[2018.12.19-17.52.05:871][773]LogModuleManager: Shutting down and abandoning module TextureCompressor (30)
[2018.12.19-17.52.05:871][773]LogModuleManager: Shutting down and abandoning module ShaderCore (28)
[2018.12.19-17.52.05:871][773]LogModuleManager: Shutting down and abandoning module Landscape (26)
[2018.12.19-17.52.05:871][773]LogModuleManager: Shutting down and abandoning module SlateRHIRenderer (24)
[2018.12.19-17.52.05:872][773]LogModuleManager: Shutting down and abandoning module OpenGLDrv (22)
[2018.12.19-17.52.05:872][773]LogModuleManager: Shutting down and abandoning module D3D11RHI (20)
[2018.12.19-17.52.05:872][773]LogModuleManager: Shutting down and abandoning module AnimGraphRuntime (18)
[2018.12.19-17.52.05:872][773]LogModuleManager: Shutting down and abandoning module Renderer (16)
[2018.12.19-17.52.05:872][773]LogModuleManager: Shutting down and abandoning module Engine (14)
[2018.12.19-17.52.05:872][773]LogModuleManager: Shutting down and abandoning module CoreUObject (12)
[2018.12.19-17.52.05:872][773]LogModuleManager: Shutting down and abandoning module NetworkFile (10)
[2018.12.19-17.52.05:872][773]LogModuleManager: Shutting down and abandoning module CookedIterativeFile (8)
[2018.12.19-17.52.05:872][773]LogModuleManager: Shutting down and abandoning module StreamingFile (6)
[2018.12.19-17.52.05:872][773]LogModuleManager: Shutting down and abandoning module SandboxFile (4)
[2018.12.19-17.52.05:872][773]LogModuleManager: Shutting down and abandoning module PakFile (2)
[2018.12.19-17.52.05:878][773]LogExit: Exiting.
[2018.12.19-17.52.05:888][773]Log file closed, 12/19/18 11:52:05
